nohup: ignoring input
[2025-07-18 16:33:28] INFO: Checkpoint: loading from checkpoint ../../../chunkformer-large-vie/pytorch_model.bin for GPU
⚙️  Running in smoke mode with ratio=0.1

🧾 Loaded checkpoint from: ../../../chunkformer-large-vie/pytorch_model.bin
📦 Checkpoint keys: ['encoder.global_cmvn.mean', 'encoder.global_cmvn.istd', 'encoder.embed.out.weight', 'encoder.embed.out.bias', 'encoder.embed.conv.0.weight'] ... (total 813)
🔍 AED decoder head included in checkpoint? ✅ YES
📊 Model total params: 113,852,240, trainable: 113,852,240
!!!Vocab size: 6992

🧪 Đánh giá mô hình trước khi fine-tune:
🎯 Dev WER (CTC): 2.47%

🌀 Epoch 1 bắt đầu...
[Epoch 1 Step 1/59 | Global-Step 0] loss=0.5564 (ctc=0.5019, att=0.5797) grad=2.11  lr=1.00e-04 | ⏱️ 7.05s/step - ETA: 6m49s
[Epoch 1 Step 2/59 | Global-Step 0] loss=0.2971 (ctc=0.1182, att=0.3737) grad=1.92  lr=1.00e-04 | ⏱️ 6.83s/step - ETA: 6m29s
[Epoch 1 Step 3/59 | Global-Step 0] loss=0.1318 (ctc=0.0162, att=0.1813) grad=0.80  lr=1.00e-04 | ⏱️ 6.51s/step - ETA: 6m4s
[Epoch 1 Step 4/59 | Global-Step 0] loss=0.1559 (ctc=0.0249, att=0.2120) grad=0.57  lr=1.00e-04 | ⏱️ 6.48s/step - ETA: 5m56s
[Epoch 1 Step 5/59 | Global-Step 0] loss=0.1936 (ctc=0.0182, att=0.2688) grad=0.53  lr=1.00e-04 | ⏱️ 6.40s/step - ETA: 5m45s
[Epoch 1 Step 6/59 | Global-Step 0] loss=0.1086 (ctc=0.0071, att=0.1520) grad=0.39  lr=1.00e-04 | ⏱️ 6.41s/step - ETA: 5m39s
[Epoch 1 Step 7/59 | Global-Step 0] loss=0.3215 (ctc=0.0436, att=0.4405) grad=0.79  lr=1.00e-04 | ⏱️ 6.56s/step - ETA: 5m41s
[Epoch 1 Step 8/59 | Global-Step 0] loss=0.0315 (ctc=0.0041, att=0.0432) grad=0.24  lr=1.00e-04 | ⏱️ 6.48s/step - ETA: 5m30s
[Epoch 1 Step 9/59 | Global-Step 0] loss=0.1736 (ctc=0.0348, att=0.2331) grad=0.50  lr=9.99e-05 | ⏱️ 6.27s/step - ETA: 5m13s
[Epoch 1 Step 10/59 | Global-Step 0] loss=0.1495 (ctc=0.0210, att=0.2046) grad=0.48  lr=9.99e-05 | ⏱️ 6.51s/step - ETA: 5m19s
[Epoch 1 Step 11/59 | Global-Step 0] loss=0.0670 (ctc=0.0073, att=0.0926) grad=0.25  lr=9.99e-05 | ⏱️ 6.52s/step - ETA: 5m12s
[Epoch 1 Step 12/59 | Global-Step 0] loss=0.0968 (ctc=0.0057, att=0.1359) grad=0.37  lr=9.99e-05 | ⏱️ 6.29s/step - ETA: 4m55s
[Epoch 1 Step 13/59 | Global-Step 0] loss=0.0452 (ctc=0.0048, att=0.0626) grad=0.14  lr=9.99e-05 | ⏱️ 6.46s/step - ETA: 4m57s
[Epoch 1 Step 14/59 | Global-Step 0] loss=0.1442 (ctc=0.0214, att=0.1969) grad=0.42  lr=9.99e-05 | ⏱️ 6.56s/step - ETA: 4m55s
[Epoch 1 Step 15/59 | Global-Step 0] loss=0.1499 (ctc=0.0237, att=0.2040) grad=0.66  lr=9.98e-05 | ⏱️ 6.68s/step - ETA: 4m53s
[Epoch 1 Step 16/59 | Global-Step 0] loss=0.1003 (ctc=0.0078, att=0.1399) grad=0.33  lr=9.98e-05 | ⏱️ 6.46s/step - ETA: 4m37s
[Epoch 1 Step 17/59 | Global-Step 0] loss=0.0777 (ctc=0.0041, att=0.1092) grad=0.36  lr=9.98e-05 | ⏱️ 6.71s/step - ETA: 4m41s
[Epoch 1 Step 18/59 | Global-Step 0] loss=0.2007 (ctc=0.0403, att=0.2694) grad=0.51  lr=9.98e-05 | ⏱️ 6.66s/step - ETA: 4m32s
[Epoch 1 Step 19/59 | Global-Step 0] loss=0.0903 (ctc=0.0060, att=0.1264) grad=0.74  lr=9.97e-05 | ⏱️ 6.68s/step - ETA: 4m27s
[Epoch 1 Step 20/59 | Global-Step 0] loss=0.1006 (ctc=0.0167, att=0.1366) grad=0.22  lr=9.97e-05 | ⏱️ 6.48s/step - ETA: 4m12s
[Epoch 1 Step 21/59 | Global-Step 0] loss=0.0886 (ctc=0.0135, att=0.1207) grad=0.18  lr=9.97e-05 | ⏱️ 6.45s/step - ETA: 4m5s
[Epoch 1 Step 22/59 | Global-Step 0] loss=0.0428 (ctc=0.0025, att=0.0600) grad=0.29  lr=9.97e-05 | ⏱️ 6.68s/step - ETA: 4m6s
[Epoch 1 Step 23/59 | Global-Step 0] loss=0.0869 (ctc=0.0085, att=0.1205) grad=0.21  lr=9.96e-05 | ⏱️ 6.70s/step - ETA: 4m1s
[Epoch 1 Step 24/59 | Global-Step 0] loss=0.1317 (ctc=0.0232, att=0.1782) grad=0.42  lr=9.96e-05 | ⏱️ 6.62s/step - ETA: 3m51s
[Epoch 1 Step 25/59 | Global-Step 0] loss=0.0910 (ctc=0.0068, att=0.1270) grad=0.45  lr=9.96e-05 | ⏱️ 6.58s/step - ETA: 3m43s
[Epoch 1 Step 26/59 | Global-Step 0] loss=0.0208 (ctc=0.0028, att=0.0285) grad=0.11  lr=9.95e-05 | ⏱️ 6.38s/step - ETA: 3m30s
[Epoch 1 Step 27/59 | Global-Step 0] loss=0.0721 (ctc=0.0105, att=0.0985) grad=0.55  lr=9.95e-05 | ⏱️ 6.43s/step - ETA: 3m25s
[Epoch 1 Step 28/59 | Global-Step 0] loss=0.1708 (ctc=0.0180, att=0.2362) grad=0.45  lr=9.95e-05 | ⏱️ 6.25s/step - ETA: 3m13s
[Epoch 1 Step 29/59 | Global-Step 0] loss=0.0769 (ctc=0.0056, att=0.1074) grad=0.23  lr=9.94e-05 | ⏱️ 6.51s/step - ETA: 3m15s
[Epoch 1 Step 30/59 | Global-Step 0] loss=0.0878 (ctc=0.0084, att=0.1219) grad=0.24  lr=9.94e-05 | ⏱️ 6.66s/step - ETA: 3m13s
[Epoch 1 Step 31/59 | Global-Step 0] loss=0.0904 (ctc=0.0245, att=0.1186) grad=0.99  lr=9.93e-05 | ⏱️ 6.53s/step - ETA: 3m2s
[Epoch 1 Step 32/59 | Global-Step 0] loss=0.0276 (ctc=0.0041, att=0.0376) grad=0.19  lr=9.93e-05 | ⏱️ 6.65s/step - ETA: 2m59s
[Epoch 1 Step 33/59 | Global-Step 0] loss=0.0473 (ctc=0.0035, att=0.0660) grad=0.74  lr=9.92e-05 | ⏱️ 6.57s/step - ETA: 2m50s
[Epoch 1 Step 34/59 | Global-Step 0] loss=0.0567 (ctc=0.0030, att=0.0798) grad=0.24  lr=9.92e-05 | ⏱️ 6.61s/step - ETA: 2m45s
[Epoch 1 Step 35/59 | Global-Step 0] loss=0.0958 (ctc=0.0158, att=0.1300) grad=0.41  lr=9.91e-05 | ⏱️ 6.56s/step - ETA: 2m37s
[Epoch 1 Step 36/59 | Global-Step 0] loss=0.1072 (ctc=0.0125, att=0.1478) grad=0.31  lr=9.91e-05 | ⏱️ 6.58s/step - ETA: 2m31s
[Epoch 1 Step 37/59 | Global-Step 0] loss=0.0343 (ctc=0.0038, att=0.0474) grad=0.38  lr=9.90e-05 | ⏱️ 6.67s/step - ETA: 2m26s
[Epoch 1 Step 38/59 | Global-Step 0] loss=0.0446 (ctc=0.0076, att=0.0604) grad=0.16  lr=9.90e-05 | ⏱️ 6.99s/step - ETA: 2m26s
[Epoch 1 Step 39/59 | Global-Step 0] loss=0.0566 (ctc=0.0069, att=0.0779) grad=0.28  lr=9.89e-05 | ⏱️ 6.33s/step - ETA: 2m6s
[Epoch 1 Step 40/59 | Global-Step 0] loss=0.2140 (ctc=0.0152, att=0.2992) grad=0.40  lr=9.89e-05 | ⏱️ 6.46s/step - ETA: 2m2s
[Epoch 1 Step 41/59 | Global-Step 0] loss=0.1290 (ctc=0.0165, att=0.1773) grad=0.23  lr=9.88e-05 | ⏱️ 6.48s/step - ETA: 1m56s
[Epoch 1 Step 42/59 | Global-Step 0] loss=0.0662 (ctc=0.0042, att=0.0928) grad=0.26  lr=9.88e-05 | ⏱️ 6.43s/step - ETA: 1m49s
[Epoch 1 Step 43/59 | Global-Step 0] loss=0.0722 (ctc=0.0067, att=0.1003) grad=0.18  lr=9.87e-05 | ⏱️ 6.30s/step - ETA: 1m40s
[Epoch 1 Step 44/59 | Global-Step 0] loss=0.1448 (ctc=0.0176, att=0.1994) grad=0.34  lr=9.86e-05 | ⏱️ 6.46s/step - ETA: 1m36s
[Epoch 1 Step 45/59 | Global-Step 0] loss=0.0535 (ctc=0.0052, att=0.0742) grad=0.23  lr=9.86e-05 | ⏱️ 6.44s/step - ETA: 1m30s
[Epoch 1 Step 46/59 | Global-Step 0] loss=0.0982 (ctc=0.0076, att=0.1371) grad=0.45  lr=9.85e-05 | ⏱️ 6.56s/step - ETA: 1m25s
[Epoch 1 Step 47/59 | Global-Step 0] loss=0.0918 (ctc=0.0164, att=0.1241) grad=0.24  lr=9.85e-05 | ⏱️ 6.52s/step - ETA: 1m18s
[Epoch 1 Step 48/59 | Global-Step 0] loss=0.0766 (ctc=0.0089, att=0.1056) grad=1.24  lr=9.84e-05 | ⏱️ 6.47s/step - ETA: 1m11s
[Epoch 1 Step 49/59 | Global-Step 0] loss=0.0887 (ctc=0.0106, att=0.1222) grad=0.56  lr=9.83e-05 | ⏱️ 6.50s/step - ETA: 1m5s
[Epoch 1 Step 50/59 | Global-Step 0] loss=0.0862 (ctc=0.0063, att=0.1205) grad=0.27  lr=9.83e-05 | ⏱️ 6.32s/step - ETA: 0m56s
[Epoch 1 Step 51/59 | Global-Step 0] loss=0.0198 (ctc=0.0012, att=0.0278) grad=0.16  lr=9.82e-05 | ⏱️ 6.44s/step - ETA: 0m51s
[Epoch 1 Step 52/59 | Global-Step 0] loss=0.1548 (ctc=0.0196, att=0.2127) grad=0.24  lr=9.81e-05 | ⏱️ 6.58s/step - ETA: 0m46s
[Epoch 1 Step 53/59 | Global-Step 0] loss=0.1223 (ctc=0.0122, att=0.1694) grad=0.53  lr=9.80e-05 | ⏱️ 6.52s/step - ETA: 0m39s
[Epoch 1 Step 54/59 | Global-Step 0] loss=0.0778 (ctc=0.0101, att=0.1068) grad=0.34  lr=9.80e-05 | ⏱️ 6.35s/step - ETA: 0m31s
[Epoch 1 Step 55/59 | Global-Step 0] loss=0.0962 (ctc=0.0147, att=0.1311) grad=0.65  lr=9.79e-05 | ⏱️ 6.49s/step - ETA: 0m25s
[Epoch 1 Step 56/59 | Global-Step 0] loss=0.1132 (ctc=0.0281, att=0.1497) grad=0.46  lr=9.78e-05 | ⏱️ 6.51s/step - ETA: 0m19s
[Epoch 1 Step 57/59 | Global-Step 0] loss=0.1941 (ctc=0.0203, att=0.2686) grad=0.54  lr=9.77e-05 | ⏱️ 6.52s/step - ETA: 0m13s
[Epoch 1 Step 58/59 | Global-Step 0] loss=0.1261 (ctc=0.0235, att=0.1701) grad=0.21  lr=9.77e-05 | ⏱️ 6.32s/step - ETA: 0m6s
[Epoch 1 Step 59/59 | Global-Step 0] loss=0.1548 (ctc=0.0161, att=0.2142) grad=2.53  lr=9.76e-05 | ⏱️ 1.72s/step - ETA: 0m0s
✅ Epoch 1 hoàn tất trong 6m27s
💾 Đã lưu checkpoint: checkpoints/epoch1.pt
🎯 Dev WER (CTC): 2.11%

🌀 Epoch 2 bắt đầu...
[Epoch 2 Step 1/59 | Global-Step 0] loss=0.0631 (ctc=0.0174, att=0.0827) grad=0.24  lr=9.75e-05 | ⏱️ 6.25s/step - ETA: 6m2s
[Epoch 2 Step 2/59 | Global-Step 0] loss=0.1113 (ctc=0.0147, att=0.1527) grad=0.30  lr=9.74e-05 | ⏱️ 6.39s/step - ETA: 6m4s
[Epoch 2 Step 3/59 | Global-Step 0] loss=0.0729 (ctc=0.0057, att=0.1017) grad=0.56  lr=9.73e-05 | ⏱️ 6.40s/step - ETA: 5m58s
[Epoch 2 Step 4/59 | Global-Step 0] loss=0.0927 (ctc=0.0145, att=0.1263) grad=0.19  lr=9.72e-05 | ⏱️ 6.44s/step - ETA: 5m54s
[Epoch 2 Step 5/59 | Global-Step 0] loss=0.0906 (ctc=0.0095, att=0.1253) grad=0.28  lr=9.72e-05 | ⏱️ 6.35s/step - ETA: 5m42s
[Epoch 2 Step 6/59 | Global-Step 0] loss=0.0303 (ctc=0.0022, att=0.0424) grad=0.06  lr=9.71e-05 | ⏱️ 6.42s/step - ETA: 5m40s
[Epoch 2 Step 7/59 | Global-Step 0] loss=0.0599 (ctc=0.0088, att=0.0818) grad=0.56  lr=9.70e-05 | ⏱️ 6.39s/step - ETA: 5m32s
[Epoch 2 Step 8/59 | Global-Step 0] loss=0.1163 (ctc=0.0221, att=0.1566) grad=0.22  lr=9.69e-05 | ⏱️ 6.47s/step - ETA: 5m29s
[Epoch 2 Step 9/59 | Global-Step 0] loss=0.0811 (ctc=0.0067, att=0.1130) grad=0.20  lr=9.68e-05 | ⏱️ 6.36s/step - ETA: 5m17s
[Epoch 2 Step 10/59 | Global-Step 0] loss=0.0926 (ctc=0.0202, att=0.1236) grad=0.31  lr=9.67e-05 | ⏱️ 6.39s/step - ETA: 5m12s
[Epoch 2 Step 11/59 | Global-Step 0] loss=0.0622 (ctc=0.0052, att=0.0867) grad=0.18  lr=9.66e-05 | ⏱️ 6.47s/step - ETA: 5m10s
[Epoch 2 Step 12/59 | Global-Step 0] loss=0.0381 (ctc=0.0024, att=0.0534) grad=0.07  lr=9.65e-05 | ⏱️ 6.43s/step - ETA: 5m2s
[Epoch 2 Step 13/59 | Global-Step 0] loss=0.0521 (ctc=0.0090, att=0.0705) grad=0.14  lr=9.64e-05 | ⏱️ 6.34s/step - ETA: 4m51s
[Epoch 2 Step 14/59 | Global-Step 0] loss=0.0629 (ctc=0.0060, att=0.0872) grad=0.13  lr=9.63e-05 | ⏱️ 6.40s/step - ETA: 4m47s
[Epoch 2 Step 15/59 | Global-Step 0] loss=0.1005 (ctc=0.0126, att=0.1381) grad=0.30  lr=9.62e-05 | ⏱️ 6.46s/step - ETA: 4m44s
[Epoch 2 Step 16/59 | Global-Step 0] loss=0.0128 (ctc=0.0006, att=0.0180) grad=0.08  lr=9.61e-05 | ⏱️ 6.28s/step - ETA: 4m29s
[Epoch 2 Step 17/59 | Global-Step 0] loss=0.0436 (ctc=0.0060, att=0.0597) grad=0.14  lr=9.60e-05 | ⏱️ 6.39s/step - ETA: 4m28s
[Epoch 2 Step 18/59 | Global-Step 0] loss=0.1171 (ctc=0.0171, att=0.1600) grad=0.24  lr=9.59e-05 | ⏱️ 6.40s/step - ETA: 4m22s
[Epoch 2 Step 19/59 | Global-Step 0] loss=0.1436 (ctc=0.0209, att=0.1961) grad=0.26  lr=9.58e-05 | ⏱️ 6.41s/step - ETA: 4m16s
[Epoch 2 Step 20/59 | Global-Step 0] loss=0.0371 (ctc=0.0037, att=0.0514) grad=0.10  lr=9.57e-05 | ⏱️ 6.36s/step - ETA: 4m7s
[Epoch 2 Step 21/59 | Global-Step 0] loss=0.0173 (ctc=0.0010, att=0.0243) grad=0.08  lr=9.56e-05 | ⏱️ 6.39s/step - ETA: 4m2s
[Epoch 2 Step 22/59 | Global-Step 0] loss=0.0236 (ctc=0.0013, att=0.0332) grad=0.37  lr=9.55e-05 | ⏱️ 6.41s/step - ETA: 3m57s
[Epoch 2 Step 23/59 | Global-Step 0] loss=0.1250 (ctc=0.0166, att=0.1715) grad=0.27  lr=9.54e-05 | ⏱️ 6.50s/step - ETA: 3m54s
[Epoch 2 Step 24/59 | Global-Step 0] loss=0.0524 (ctc=0.0072, att=0.0718) grad=0.27  lr=9.52e-05 | ⏱️ 6.31s/step - ETA: 3m40s
[Epoch 2 Step 25/59 | Global-Step 0] loss=0.0248 (ctc=0.0023, att=0.0344) grad=0.12  lr=9.51e-05 | ⏱️ 6.49s/step - ETA: 3m40s
[Epoch 2 Step 26/59 | Global-Step 0] loss=0.0554 (ctc=0.0081, att=0.0756) grad=0.28  lr=9.50e-05 | ⏱️ 6.54s/step - ETA: 3m35s
[Epoch 2 Step 27/59 | Global-Step 0] loss=0.0166 (ctc=0.0013, att=0.0232) grad=0.12  lr=9.49e-05 | ⏱️ 6.26s/step - ETA: 3m20s
[Epoch 2 Step 28/59 | Global-Step 0] loss=0.0976 (ctc=0.0056, att=0.1370) grad=0.69  lr=9.48e-05 | ⏱️ 6.47s/step - ETA: 3m20s
[Epoch 2 Step 29/59 | Global-Step 0] loss=0.0686 (ctc=0.0107, att=0.0935) grad=0.15  lr=9.47e-05 | ⏱️ 6.47s/step - ETA: 3m14s
[Epoch 2 Step 30/59 | Global-Step 0] loss=0.0163 (ctc=0.0039, att=0.0215) grad=0.05  lr=9.45e-05 | ⏱️ 6.36s/step - ETA: 3m4s
[Epoch 2 Step 31/59 | Global-Step 0] loss=0.0558 (ctc=0.0061, att=0.0771) grad=0.24  lr=9.44e-05 | ⏱️ 6.34s/step - ETA: 2m57s
[Epoch 2 Step 32/59 | Global-Step 0] loss=0.0949 (ctc=0.0192, att=0.1274) grad=0.18  lr=9.43e-05 | ⏱️ 6.38s/step - ETA: 2m52s
[Epoch 2 Step 33/59 | Global-Step 0] loss=0.0107 (ctc=0.0008, att=0.0149) grad=0.04  lr=9.42e-05 | ⏱️ 6.40s/step - ETA: 2m46s
[Epoch 2 Step 34/59 | Global-Step 0] loss=0.0922 (ctc=0.0112, att=0.1269) grad=0.20  lr=9.41e-05 | ⏱️ 6.55s/step - ETA: 2m43s
[Epoch 2 Step 35/59 | Global-Step 0] loss=0.0728 (ctc=0.0107, att=0.0994) grad=0.16  lr=9.39e-05 | ⏱️ 6.31s/step - ETA: 2m31s
[Epoch 2 Step 36/59 | Global-Step 0] loss=0.0494 (ctc=0.0055, att=0.0682) grad=0.16  lr=9.38e-05 | ⏱️ 6.45s/step - ETA: 2m28s
[Epoch 2 Step 37/59 | Global-Step 0] loss=0.0787 (ctc=0.0051, att=0.1102) grad=0.24  lr=9.37e-05 | ⏱️ 6.48s/step - ETA: 2m22s
[Epoch 2 Step 38/59 | Global-Step 0] loss=0.0799 (ctc=0.0120, att=0.1089) grad=0.12  lr=9.35e-05 | ⏱️ 6.49s/step - ETA: 2m16s
[Epoch 2 Step 39/59 | Global-Step 0] loss=0.0714 (ctc=0.0072, att=0.0988) grad=0.14  lr=9.34e-05 | ⏱️ 6.35s/step - ETA: 2m6s
[Epoch 2 Step 40/59 | Global-Step 0] loss=0.0372 (ctc=0.0074, att=0.0499) grad=0.20  lr=9.33e-05 | ⏱️ 6.50s/step - ETA: 2m3s
[Epoch 2 Step 41/59 | Global-Step 0] loss=0.0771 (ctc=0.0124, att=0.1048) grad=0.28  lr=9.31e-05 | ⏱️ 6.80s/step - ETA: 2m2s
[Epoch 2 Step 42/59 | Global-Step 0] loss=0.0380 (ctc=0.0025, att=0.0533) grad=0.16  lr=9.30e-05 | ⏱️ 6.54s/step - ETA: 1m51s
[Epoch 2 Step 43/59 | Global-Step 0] loss=0.0725 (ctc=0.0096, att=0.0994) grad=0.23  lr=9.29e-05 | ⏱️ 6.46s/step - ETA: 1m43s
[Epoch 2 Step 44/59 | Global-Step 0] loss=0.0526 (ctc=0.0017, att=0.0744) grad=0.11  lr=9.27e-05 | ⏱️ 6.52s/step - ETA: 1m37s
[Epoch 2 Step 45/59 | Global-Step 0] loss=0.0650 (ctc=0.0050, att=0.0908) grad=0.23  lr=9.26e-05 | ⏱️ 6.57s/step - ETA: 1m31s
[Epoch 2 Step 46/59 | Global-Step 0] loss=0.0284 (ctc=0.0047, att=0.0386) grad=0.12  lr=9.25e-05 | ⏱️ 6.40s/step - ETA: 1m23s
[Epoch 2 Step 47/59 | Global-Step 0] loss=0.0700 (ctc=0.0062, att=0.0974) grad=0.15  lr=9.23e-05 | ⏱️ 6.44s/step - ETA: 1m17s
[Epoch 2 Step 48/59 | Global-Step 0] loss=0.0133 (ctc=0.0010, att=0.0186) grad=0.06  lr=9.22e-05 | ⏱️ 6.48s/step - ETA: 1m11s
[Epoch 2 Step 49/59 | Global-Step 0] loss=0.0585 (ctc=0.0044, att=0.0817) grad=0.40  lr=9.20e-05 | ⏱️ 6.50s/step - ETA: 1m5s
[Epoch 2 Step 50/59 | Global-Step 0] loss=0.0469 (ctc=0.0038, att=0.0653) grad=0.17  lr=9.19e-05 | ⏱️ 6.27s/step - ETA: 0m56s
[Epoch 2 Step 51/59 | Global-Step 0] loss=0.0935 (ctc=0.0225, att=0.1240) grad=0.25  lr=9.17e-05 | ⏱️ 6.49s/step - ETA: 0m51s
[Epoch 2 Step 52/59 | Global-Step 0] loss=0.0424 (ctc=0.0046, att=0.0586) grad=0.15  lr=9.16e-05 | ⏱️ 6.41s/step - ETA: 0m44s
[Epoch 2 Step 53/59 | Global-Step 0] loss=0.0924 (ctc=0.0144, att=0.1258) grad=0.14  lr=9.15e-05 | ⏱️ 6.44s/step - ETA: 0m38s
[Epoch 2 Step 54/59 | Global-Step 0] loss=0.1665 (ctc=0.0349, att=0.2229) grad=0.23  lr=9.13e-05 | ⏱️ 6.27s/step - ETA: 0m31s
[Epoch 2 Step 55/59 | Global-Step 0] loss=0.0886 (ctc=0.0067, att=0.1237) grad=0.21  lr=9.12e-05 | ⏱️ 6.46s/step - ETA: 0m25s
[Epoch 2 Step 56/59 | Global-Step 0] loss=0.1498 (ctc=0.0180, att=0.2063) grad=0.63  lr=9.10e-05 | ⏱️ 6.55s/step - ETA: 0m19s
[Epoch 2 Step 57/59 | Global-Step 0] loss=0.0243 (ctc=0.0009, att=0.0343) grad=0.11  lr=9.09e-05 | ⏱️ 6.78s/step - ETA: 0m13s
[Epoch 2 Step 58/59 | Global-Step 0] loss=0.0454 (ctc=0.0070, att=0.0618) grad=0.30  lr=9.07e-05 | ⏱️ 6.39s/step - ETA: 0m6s
[Epoch 2 Step 59/59 | Global-Step 0] loss=0.0354 (ctc=0.0020, att=0.0496) grad=0.20  lr=9.05e-05 | ⏱️ 1.85s/step - ETA: 0m0s
✅ Epoch 2 hoàn tất trong 6m22s
💾 Đã lưu checkpoint: checkpoints/epoch2.pt
🎯 Dev WER (CTC): 2.23%

🌀 Epoch 3 bắt đầu...
[Epoch 3 Step 1/59 | Global-Step 0] loss=0.0777 (ctc=0.0180, att=0.1033) grad=0.24  lr=9.04e-05 | ⏱️ 6.32s/step - ETA: 6m6s
[Epoch 3 Step 2/59 | Global-Step 0] loss=0.0128 (ctc=0.0015, att=0.0177) grad=0.09  lr=9.02e-05 | ⏱️ 6.44s/step - ETA: 6m7s
[Epoch 3 Step 3/59 | Global-Step 0] loss=0.0150 (ctc=0.0010, att=0.0210) grad=0.06  lr=9.01e-05 | ⏱️ 6.43s/step - ETA: 6m0s
[Epoch 3 Step 4/59 | Global-Step 0] loss=0.0311 (ctc=0.0023, att=0.0434) grad=0.11  lr=8.99e-05 | ⏱️ 6.37s/step - ETA: 5m50s
[Epoch 3 Step 5/59 | Global-Step 0] loss=0.1113 (ctc=0.0131, att=0.1534) grad=0.20  lr=8.98e-05 | ⏱️ 6.23s/step - ETA: 5m36s
[Epoch 3 Step 6/59 | Global-Step 0] loss=0.0666 (ctc=0.0107, att=0.0905) grad=0.13  lr=8.96e-05 | ⏱️ 6.43s/step - ETA: 5m40s
[Epoch 3 Step 7/59 | Global-Step 0] loss=0.0431 (ctc=0.0083, att=0.0580) grad=0.09  lr=8.94e-05 | ⏱️ 6.46s/step - ETA: 5m35s
[Epoch 3 Step 8/59 | Global-Step 0] loss=0.0583 (ctc=0.0083, att=0.0798) grad=0.27  lr=8.93e-05 | ⏱️ 6.22s/step - ETA: 5m17s
[Epoch 3 Step 9/59 | Global-Step 0] loss=0.0343 (ctc=0.0033, att=0.0475) grad=0.15  lr=8.91e-05 | ⏱️ 6.41s/step - ETA: 5m20s
[Epoch 3 Step 10/59 | Global-Step 0] loss=0.0339 (ctc=0.0037, att=0.0469) grad=0.09  lr=8.89e-05 | ⏱️ 6.45s/step - ETA: 5m16s
[Epoch 3 Step 11/59 | Global-Step 0] loss=0.0365 (ctc=0.0042, att=0.0503) grad=0.14  lr=8.88e-05 | ⏱️ 6.24s/step - ETA: 4m59s
[Epoch 3 Step 12/59 | Global-Step 0] loss=0.0866 (ctc=0.0137, att=0.1179) grad=0.19  lr=8.86e-05 | ⏱️ 6.44s/step - ETA: 5m2s
[Epoch 3 Step 13/59 | Global-Step 0] loss=0.0235 (ctc=0.0018, att=0.0328) grad=0.23  lr=8.84e-05 | ⏱️ 6.46s/step - ETA: 4m57s
[Epoch 3 Step 14/59 | Global-Step 0] loss=0.0261 (ctc=0.0022, att=0.0363) grad=0.09  lr=8.83e-05 | ⏱️ 6.42s/step - ETA: 4m49s
[Epoch 3 Step 15/59 | Global-Step 0] loss=0.0597 (ctc=0.0087, att=0.0815) grad=0.17  lr=8.81e-05 | ⏱️ 6.42s/step - ETA: 4m42s
[Epoch 3 Step 16/59 | Global-Step 0] loss=0.0522 (ctc=0.0027, att=0.0734) grad=0.26  lr=8.79e-05 | ⏱️ 6.45s/step - ETA: 4m37s
[Epoch 3 Step 17/59 | Global-Step 0] loss=0.0616 (ctc=0.0056, att=0.0856) grad=0.11  lr=8.78e-05 | ⏱️ 6.40s/step - ETA: 4m28s
[Epoch 3 Step 18/59 | Global-Step 0] loss=0.0495 (ctc=0.0032, att=0.0694) grad=0.32  lr=8.76e-05 | ⏱️ 6.38s/step - ETA: 4m21s
[Epoch 3 Step 19/59 | Global-Step 0] loss=0.0869 (ctc=0.0121, att=0.1189) grad=0.17  lr=8.74e-05 | ⏱️ 6.30s/step - ETA: 4m12s
[Epoch 3 Step 20/59 | Global-Step 0] loss=0.0475 (ctc=0.0075, att=0.0646) grad=0.11  lr=8.72e-05 | ⏱️ 6.56s/step - ETA: 4m15s
[Epoch 3 Step 21/59 | Global-Step 0] loss=0.0636 (ctc=0.0076, att=0.0876) grad=0.15  lr=8.70e-05 | ⏱️ 6.54s/step - ETA: 4m8s
[Epoch 3 Step 22/59 | Global-Step 0] loss=0.0853 (ctc=0.0132, att=0.1163) grad=0.11  lr=8.69e-05 | ⏱️ 6.57s/step - ETA: 4m3s
[Epoch 3 Step 23/59 | Global-Step 0] loss=0.0303 (ctc=0.0025, att=0.0422) grad=0.15  lr=8.67e-05 | ⏱️ 6.34s/step - ETA: 3m48s
[Epoch 3 Step 24/59 | Global-Step 0] loss=0.0403 (ctc=0.0021, att=0.0566) grad=0.08  lr=8.65e-05 | ⏱️ 6.44s/step - ETA: 3m45s
[Epoch 3 Step 25/59 | Global-Step 0] loss=0.0191 (ctc=0.0011, att=0.0268) grad=0.11  lr=8.63e-05 | ⏱️ 6.38s/step - ETA: 3m36s
[Epoch 3 Step 26/59 | Global-Step 0] loss=0.0404 (ctc=0.0034, att=0.0562) grad=0.09  lr=8.61e-05 | ⏱️ 6.51s/step - ETA: 3m34s
[Epoch 3 Step 27/59 | Global-Step 0] loss=0.0443 (ctc=0.0085, att=0.0597) grad=0.14  lr=8.60e-05 | ⏱️ 6.36s/step - ETA: 3m23s
[Epoch 3 Step 28/59 | Global-Step 0] loss=0.0413 (ctc=0.0035, att=0.0575) grad=0.10  lr=8.58e-05 | ⏱️ 6.42s/step - ETA: 3m19s
[Epoch 3 Step 29/59 | Global-Step 0] loss=0.0661 (ctc=0.0177, att=0.0868) grad=0.27  lr=8.56e-05 | ⏱️ 6.48s/step - ETA: 3m14s
[Epoch 3 Step 30/59 | Global-Step 0] loss=0.0517 (ctc=0.0081, att=0.0704) grad=0.11  lr=8.54e-05 | ⏱️ 6.41s/step - ETA: 3m5s
[Epoch 3 Step 31/59 | Global-Step 0] loss=0.0287 (ctc=0.0019, att=0.0401) grad=0.08  lr=8.52e-05 | ⏱️ 6.26s/step - ETA: 2m55s
[Epoch 3 Step 32/59 | Global-Step 0] loss=0.0648 (ctc=0.0166, att=0.0854) grad=0.14  lr=8.50e-05 | ⏱️ 6.39s/step - ETA: 2m52s
[Epoch 3 Step 33/59 | Global-Step 0] loss=0.0759 (ctc=0.0040, att=0.1067) grad=0.17  lr=8.48e-05 | ⏱️ 6.41s/step - ETA: 2m46s
[Epoch 3 Step 34/59 | Global-Step 0] loss=0.0268 (ctc=0.0005, att=0.0381) grad=0.15  lr=8.47e-05 | ⏱️ 6.26s/step - ETA: 2m36s
[Epoch 3 Step 35/59 | Global-Step 0] loss=0.0102 (ctc=0.0005, att=0.0144) grad=0.03  lr=8.45e-05 | ⏱️ 6.46s/step - ETA: 2m35s
[Epoch 3 Step 36/59 | Global-Step 0] loss=0.0208 (ctc=0.0010, att=0.0293) grad=0.14  lr=8.43e-05 | ⏱️ 6.38s/step - ETA: 2m26s
[Epoch 3 Step 37/59 | Global-Step 0] loss=0.0322 (ctc=0.0025, att=0.0450) grad=0.07  lr=8.41e-05 | ⏱️ 6.42s/step - ETA: 2m21s
[Epoch 3 Step 38/59 | Global-Step 0] loss=0.0258 (ctc=0.0020, att=0.0360) grad=0.12  lr=8.39e-05 | ⏱️ 6.26s/step - ETA: 2m11s
[Epoch 3 Step 39/59 | Global-Step 0] loss=0.0805 (ctc=0.0120, att=0.1098) grad=0.20  lr=8.37e-05 | ⏱️ 6.42s/step - ETA: 2m8s
[Epoch 3 Step 40/59 | Global-Step 0] loss=0.0940 (ctc=0.0217, att=0.1250) grad=0.17  lr=8.35e-05 | ⏱️ 6.39s/step - ETA: 2m1s
[Epoch 3 Step 41/59 | Global-Step 0] loss=0.0642 (ctc=0.0081, att=0.0882) grad=0.10  lr=8.33e-05 | ⏱️ 6.42s/step - ETA: 1m55s
[Epoch 3 Step 42/59 | Global-Step 0] loss=0.0340 (ctc=0.0027, att=0.0474) grad=0.12  lr=8.31e-05 | ⏱️ 6.32s/step - ETA: 1m47s
[Epoch 3 Step 43/59 | Global-Step 0] loss=0.0208 (ctc=0.0006, att=0.0295) grad=0.10  lr=8.29e-05 | ⏱️ 6.43s/step - ETA: 1m42s
[Epoch 3 Step 44/59 | Global-Step 0] loss=0.0343 (ctc=0.0039, att=0.0473) grad=0.14  lr=8.27e-05 | ⏱️ 6.46s/step - ETA: 1m36s
[Epoch 3 Step 45/59 | Global-Step 0] loss=0.0620 (ctc=0.0068, att=0.0857) grad=0.17  lr=8.25e-05 | ⏱️ 6.26s/step - ETA: 1m27s
[Epoch 3 Step 46/59 | Global-Step 0] loss=0.0974 (ctc=0.0182, att=0.1313) grad=0.23  lr=8.23e-05 | ⏱️ 6.37s/step - ETA: 1m22s
[Epoch 3 Step 47/59 | Global-Step 0] loss=0.0816 (ctc=0.0089, att=0.1127) grad=0.21  lr=8.21e-05 | ⏱️ 6.39s/step - ETA: 1m16s
[Epoch 3 Step 48/59 | Global-Step 0] loss=0.0744 (ctc=0.0098, att=0.1021) grad=0.21  lr=8.19e-05 | ⏱️ 6.39s/step - ETA: 1m10s
[Epoch 3 Step 49/59 | Global-Step 0] loss=0.0868 (ctc=0.0165, att=0.1169) grad=0.27  lr=8.17e-05 | ⏱️ 6.28s/step - ETA: 1m2s
[Epoch 3 Step 50/59 | Global-Step 0] loss=0.0423 (ctc=0.0054, att=0.0582) grad=0.14  lr=8.15e-05 | ⏱️ 6.46s/step - ETA: 0m58s
[Epoch 3 Step 51/59 | Global-Step 0] loss=0.0734 (ctc=0.0168, att=0.0977) grad=0.14  lr=8.13e-05 | ⏱️ 6.40s/step - ETA: 0m51s
[Epoch 3 Step 52/59 | Global-Step 0] loss=0.0139 (ctc=0.0006, att=0.0197) grad=0.06  lr=8.11e-05 | ⏱️ 6.39s/step - ETA: 0m44s
[Epoch 3 Step 53/59 | Global-Step 0] loss=0.0144 (ctc=0.0007, att=0.0203) grad=0.06  lr=8.09e-05 | ⏱️ 6.33s/step - ETA: 0m37s
[Epoch 3 Step 54/59 | Global-Step 0] loss=0.0230 (ctc=0.0037, att=0.0313) grad=0.06  lr=8.07e-05 | ⏱️ 6.38s/step - ETA: 0m31s
[Epoch 3 Step 55/59 | Global-Step 0] loss=0.0239 (ctc=0.0017, att=0.0333) grad=0.12  lr=8.04e-05 | ⏱️ 6.40s/step - ETA: 0m25s
[Epoch 3 Step 56/59 | Global-Step 0] loss=0.1486 (ctc=0.0162, att=0.2054) grad=0.20  lr=8.02e-05 | ⏱️ 6.57s/step - ETA: 0m19s
[Epoch 3 Step 57/59 | Global-Step 0] loss=0.0176 (ctc=0.0010, att=0.0248) grad=0.06  lr=8.00e-05 | ⏱️ 6.33s/step - ETA: 0m12s
[Epoch 3 Step 58/59 | Global-Step 0] loss=0.0192 (ctc=0.0020, att=0.0265) grad=0.10  lr=7.98e-05 | ⏱️ 6.37s/step - ETA: 0m6s
[Epoch 3 Step 59/59 | Global-Step 0] loss=0.7975 (ctc=0.1526, att=1.0739) grad=2.44  lr=7.96e-05 | ⏱️ 1.67s/step - ETA: 0m0s
✅ Epoch 3 hoàn tất trong 6m19s
💾 Đã lưu checkpoint: checkpoints/epoch3.pt
🎯 Dev WER (CTC): 2.50%

🌀 Epoch 4 bắt đầu...
[Epoch 4 Step 1/59 | Global-Step 0] loss=0.0148 (ctc=0.0023, att=0.0201) grad=0.06  lr=7.94e-05 | ⏱️ 6.35s/step - ETA: 6m8s
[Epoch 4 Step 2/59 | Global-Step 0] loss=0.0234 (ctc=0.0082, att=0.0298) grad=0.09  lr=7.92e-05 | ⏱️ 6.46s/step - ETA: 6m8s
[Epoch 4 Step 3/59 | Global-Step 0] loss=0.0600 (ctc=0.0058, att=0.0832) grad=0.13  lr=7.90e-05 | ⏱️ 6.30s/step - ETA: 5m52s
[Epoch 4 Step 4/59 | Global-Step 0] loss=0.0482 (ctc=0.0049, att=0.0667) grad=0.16  lr=7.87e-05 | ⏱️ 6.41s/step - ETA: 5m52s
[Epoch 4 Step 5/59 | Global-Step 0] loss=0.0557 (ctc=0.0094, att=0.0756) grad=0.16  lr=7.85e-05 | ⏱️ 6.35s/step - ETA: 5m42s
[Epoch 4 Step 6/59 | Global-Step 0] loss=0.0267 (ctc=0.0029, att=0.0369) grad=0.16  lr=7.83e-05 | ⏱️ 6.35s/step - ETA: 5m36s
[Epoch 4 Step 7/59 | Global-Step 0] loss=0.0267 (ctc=0.0014, att=0.0375) grad=0.14  lr=7.81e-05 | ⏱️ 6.40s/step - ETA: 5m32s
[Epoch 4 Step 8/59 | Global-Step 0] loss=0.0467 (ctc=0.0022, att=0.0657) grad=0.11  lr=7.79e-05 | ⏱️ 6.30s/step - ETA: 5m21s
[Epoch 4 Step 9/59 | Global-Step 0] loss=0.0483 (ctc=0.0060, att=0.0664) grad=0.12  lr=7.76e-05 | ⏱️ 6.54s/step - ETA: 5m26s
[Epoch 4 Step 10/59 | Global-Step 0] loss=0.0362 (ctc=0.0036, att=0.0502) grad=0.11  lr=7.74e-05 | ⏱️ 6.42s/step - ETA: 5m14s
[Epoch 4 Step 11/59 | Global-Step 0] loss=0.0397 (ctc=0.0057, att=0.0542) grad=0.12  lr=7.72e-05 | ⏱️ 6.31s/step - ETA: 5m2s
[Epoch 4 Step 12/59 | Global-Step 0] loss=0.0350 (ctc=0.0040, att=0.0483) grad=0.08  lr=7.70e-05 | ⏱️ 6.43s/step - ETA: 5m2s
[Epoch 4 Step 13/59 | Global-Step 0] loss=0.0364 (ctc=0.0083, att=0.0485) grad=0.27  lr=7.68e-05 | ⏱️ 6.39s/step - ETA: 4m53s
[Epoch 4 Step 14/59 | Global-Step 0] loss=0.0646 (ctc=0.0085, att=0.0886) grad=0.10  lr=7.65e-05 | ⏱️ 6.38s/step - ETA: 4m47s
[Epoch 4 Step 15/59 | Global-Step 0] loss=0.0112 (ctc=0.0006, att=0.0158) grad=0.06  lr=7.63e-05 | ⏱️ 6.39s/step - ETA: 4m40s
[Epoch 4 Step 16/59 | Global-Step 0] loss=0.0557 (ctc=0.0054, att=0.0772) grad=0.15  lr=7.61e-05 | ⏱️ 6.38s/step - ETA: 4m34s
[Epoch 4 Step 17/59 | Global-Step 0] loss=0.0495 (ctc=0.0076, att=0.0675) grad=0.15  lr=7.59e-05 | ⏱️ 6.40s/step - ETA: 4m28s
[Epoch 4 Step 18/59 | Global-Step 0] loss=0.0186 (ctc=0.0017, att=0.0258) grad=0.09  lr=7.56e-05 | ⏱️ 6.31s/step - ETA: 4m18s
[Epoch 4 Step 19/59 | Global-Step 0] loss=0.0185 (ctc=0.0024, att=0.0255) grad=0.11  lr=7.54e-05 | ⏱️ 6.43s/step - ETA: 4m17s
[Epoch 4 Step 20/59 | Global-Step 0] loss=0.0784 (ctc=0.0230, att=0.1021) grad=0.18  lr=7.52e-05 | ⏱️ 6.33s/step - ETA: 4m6s
[Epoch 4 Step 21/59 | Global-Step 0] loss=0.1156 (ctc=0.0155, att=0.1585) grad=0.23  lr=7.49e-05 | ⏱️ 6.39s/step - ETA: 4m2s
[Epoch 4 Step 22/59 | Global-Step 0] loss=0.0515 (ctc=0.0112, att=0.0688) grad=0.13  lr=7.47e-05 | ⏱️ 6.31s/step - ETA: 3m53s
[Epoch 4 Step 23/59 | Global-Step 0] loss=0.0374 (ctc=0.0063, att=0.0507) grad=0.11  lr=7.45e-05 | ⏱️ 6.41s/step - ETA: 3m50s
[Epoch 4 Step 24/59 | Global-Step 0] loss=0.0119 (ctc=0.0007, att=0.0168) grad=0.04  lr=7.43e-05 | ⏱️ 6.47s/step - ETA: 3m46s
[Epoch 4 Step 25/59 | Global-Step 0] loss=0.0279 (ctc=0.0027, att=0.0387) grad=0.09  lr=7.40e-05 | ⏱️ 6.51s/step - ETA: 3m41s
[Epoch 4 Step 26/59 | Global-Step 0] loss=0.0735 (ctc=0.0129, att=0.0995) grad=0.16  lr=7.38e-05 | ⏱️ 6.38s/step - ETA: 3m30s
[Epoch 4 Step 27/59 | Global-Step 0] loss=0.0693 (ctc=0.0097, att=0.0948) grad=0.40  lr=7.36e-05 | ⏱️ 6.39s/step - ETA: 3m24s
[Epoch 4 Step 28/59 | Global-Step 0] loss=0.0261 (ctc=0.0035, att=0.0358) grad=0.13  lr=7.33e-05 | ⏱️ 6.44s/step - ETA: 3m19s
[Epoch 4 Step 29/59 | Global-Step 0] loss=0.0141 (ctc=0.0006, att=0.0198) grad=0.04  lr=7.31e-05 | ⏱️ 6.53s/step - ETA: 3m15s
[Epoch 4 Step 30/59 | Global-Step 0] loss=0.0682 (ctc=0.0066, att=0.0946) grad=0.12  lr=7.29e-05 | ⏱️ 6.24s/step - ETA: 3m1s
[Epoch 4 Step 31/59 | Global-Step 0] loss=0.0099 (ctc=0.0005, att=0.0139) grad=0.03  lr=7.26e-05 | ⏱️ 6.48s/step - ETA: 3m1s
[Epoch 4 Step 32/59 | Global-Step 0] loss=0.0274 (ctc=0.0024, att=0.0381) grad=0.09  lr=7.24e-05 | ⏱️ 6.39s/step - ETA: 2m52s
[Epoch 4 Step 33/59 | Global-Step 0] loss=0.0352 (ctc=0.0024, att=0.0492) grad=0.28  lr=7.21e-05 | ⏱️ 6.28s/step - ETA: 2m43s
[Epoch 4 Step 34/59 | Global-Step 0] loss=0.0373 (ctc=0.0037, att=0.0516) grad=0.12  lr=7.19e-05 | ⏱️ 6.38s/step - ETA: 2m39s
[Epoch 4 Step 35/59 | Global-Step 0] loss=0.0727 (ctc=0.0127, att=0.0983) grad=0.18  lr=7.17e-05 | ⏱️ 6.39s/step - ETA: 2m33s
[Epoch 4 Step 36/59 | Global-Step 0] loss=0.0948 (ctc=0.0264, att=0.1241) grad=0.16  lr=7.14e-05 | ⏱️ 6.41s/step - ETA: 2m27s
[Epoch 4 Step 37/59 | Global-Step 0] loss=0.0828 (ctc=0.0079, att=0.1149) grad=0.31  lr=7.12e-05 | ⏱️ 6.42s/step - ETA: 2m21s
[Epoch 4 Step 38/59 | Global-Step 0] loss=0.0113 (ctc=0.0012, att=0.0157) grad=0.04  lr=7.10e-05 | ⏱️ 6.46s/step - ETA: 2m15s
[Epoch 4 Step 39/59 | Global-Step 0] loss=0.0110 (ctc=0.0009, att=0.0154) grad=0.04  lr=7.07e-05 | ⏱️ 6.41s/step - ETA: 2m8s
[Epoch 4 Step 40/59 | Global-Step 0] loss=0.0625 (ctc=0.0037, att=0.0877) grad=0.24  lr=7.05e-05 | ⏱️ 6.43s/step - ETA: 2m2s
[Epoch 4 Step 41/59 | Global-Step 0] loss=0.0424 (ctc=0.0166, att=0.0534) grad=0.19  lr=7.02e-05 | ⏱️ 6.32s/step - ETA: 1m53s
[Epoch 4 Step 42/59 | Global-Step 0] loss=0.0106 (ctc=0.0013, att=0.0146) grad=0.05  lr=7.00e-05 | ⏱️ 6.39s/step - ETA: 1m48s
[Epoch 4 Step 43/59 | Global-Step 0] loss=0.0125 (ctc=0.0005, att=0.0176) grad=0.08  lr=6.97e-05 | ⏱️ 6.39s/step - ETA: 1m42s
[Epoch 4 Step 44/59 | Global-Step 0] loss=0.0255 (ctc=0.0065, att=0.0336) grad=0.17  lr=6.95e-05 | ⏱️ 6.27s/step - ETA: 1m34s
[Epoch 4 Step 45/59 | Global-Step 0] loss=0.0147 (ctc=0.0018, att=0.0203) grad=0.07  lr=6.93e-05 | ⏱️ 6.46s/step - ETA: 1m30s
[Epoch 4 Step 46/59 | Global-Step 0] loss=0.0389 (ctc=0.0044, att=0.0536) grad=0.07  lr=6.90e-05 | ⏱️ 6.49s/step - ETA: 1m24s
[Epoch 4 Step 47/59 | Global-Step 0] loss=0.0550 (ctc=0.0050, att=0.0764) grad=0.07  lr=6.88e-05 | ⏱️ 6.41s/step - ETA: 1m16s
[Epoch 4 Step 48/59 | Global-Step 0] loss=0.0126 (ctc=0.0006, att=0.0178) grad=0.08  lr=6.85e-05 | ⏱️ 6.26s/step - ETA: 1m8s
[Epoch 4 Step 49/59 | Global-Step 0] loss=0.0171 (ctc=0.0011, att=0.0240) grad=0.06  lr=6.83e-05 | ⏱️ 6.52s/step - ETA: 1m5s
[Epoch 4 Step 50/59 | Global-Step 0] loss=0.0726 (ctc=0.0125, att=0.0983) grad=0.15  lr=6.80e-05 | ⏱️ 6.42s/step - ETA: 0m57s
[Epoch 4 Step 51/59 | Global-Step 0] loss=0.0107 (ctc=0.0011, att=0.0148) grad=0.03  lr=6.78e-05 | ⏱️ 6.44s/step - ETA: 0m51s
[Epoch 4 Step 52/59 | Global-Step 0] loss=0.0223 (ctc=0.0020, att=0.0310) grad=0.15  lr=6.75e-05 | ⏱️ 6.32s/step - ETA: 0m44s
[Epoch 4 Step 53/59 | Global-Step 0] loss=0.0383 (ctc=0.0041, att=0.0529) grad=0.07  lr=6.73e-05 | ⏱️ 6.38s/step - ETA: 0m38s
[Epoch 4 Step 54/59 | Global-Step 0] loss=0.0680 (ctc=0.0092, att=0.0932) grad=0.17  lr=6.70e-05 | ⏱️ 6.39s/step - ETA: 0m31s
[Epoch 4 Step 55/59 | Global-Step 0] loss=0.0735 (ctc=0.0077, att=0.1018) grad=0.11  lr=6.68e-05 | ⏱️ 6.41s/step - ETA: 0m25s
[Epoch 4 Step 56/59 | Global-Step 0] loss=0.0236 (ctc=0.0020, att=0.0328) grad=0.07  lr=6.65e-05 | ⏱️ 6.32s/step - ETA: 0m18s
[Epoch 4 Step 57/59 | Global-Step 0] loss=0.0168 (ctc=0.0028, att=0.0228) grad=0.09  lr=6.63e-05 | ⏱️ 6.39s/step - ETA: 0m12s
[Epoch 4 Step 58/59 | Global-Step 0] loss=0.0669 (ctc=0.0200, att=0.0870) grad=0.21  lr=6.60e-05 | ⏱️ 6.47s/step - ETA: 0m6s
[Epoch 4 Step 59/59 | Global-Step 0] loss=0.0217 (ctc=0.0009, att=0.0307) grad=0.09  lr=6.58e-05 | ⏱️ 1.60s/step - ETA: 0m0s
✅ Epoch 4 hoàn tất trong 6m20s
💾 Đã lưu checkpoint: checkpoints/epoch4.pt
🎯 Dev WER (CTC): 2.02%

🌀 Epoch 5 bắt đầu...
[Epoch 5 Step 1/59 | Global-Step 0] loss=0.0426 (ctc=0.0083, att=0.0574) grad=0.11  lr=6.55e-05 | ⏱️ 6.33s/step - ETA: 6m6s
[Epoch 5 Step 2/59 | Global-Step 0] loss=0.0600 (ctc=0.0168, att=0.0784) grad=0.13  lr=6.53e-05 | ⏱️ 6.29s/step - ETA: 5m58s
[Epoch 5 Step 3/59 | Global-Step 0] loss=0.0920 (ctc=0.0106, att=0.1269) grad=0.16  lr=6.50e-05 | ⏱️ 6.39s/step - ETA: 5m57s
[Epoch 5 Step 4/59 | Global-Step 0] loss=0.0461 (ctc=0.0038, att=0.0643) grad=0.12  lr=6.48e-05 | ⏱️ 6.33s/step - ETA: 5m48s
[Epoch 5 Step 5/59 | Global-Step 0] loss=0.0639 (ctc=0.0051, att=0.0891) grad=0.51  lr=6.45e-05 | ⏱️ 6.38s/step - ETA: 5m44s
[Epoch 5 Step 6/59 | Global-Step 0] loss=0.0463 (ctc=0.0103, att=0.0618) grad=0.14  lr=6.43e-05 | ⏱️ 6.23s/step - ETA: 5m30s
[Epoch 5 Step 7/59 | Global-Step 0] loss=0.0745 (ctc=0.0104, att=0.1021) grad=0.31  lr=6.40e-05 | ⏱️ 6.47s/step - ETA: 5m36s
[Epoch 5 Step 8/59 | Global-Step 0] loss=0.0235 (ctc=0.0021, att=0.0326) grad=0.12  lr=6.38e-05 | ⏱️ 6.39s/step - ETA: 5m26s
[Epoch 5 Step 9/59 | Global-Step 0] loss=0.0351 (ctc=0.0026, att=0.0491) grad=0.08  lr=6.35e-05 | ⏱️ 6.32s/step - ETA: 5m15s
[Epoch 5 Step 10/59 | Global-Step 0] loss=0.0588 (ctc=0.0079, att=0.0806) grad=0.17  lr=6.33e-05 | ⏱️ 6.35s/step - ETA: 5m11s
[Epoch 5 Step 11/59 | Global-Step 0] loss=0.0263 (ctc=0.0030, att=0.0363) grad=0.47  lr=6.30e-05 | ⏱️ 6.44s/step - ETA: 5m9s
[Epoch 5 Step 12/59 | Global-Step 0] loss=0.0233 (ctc=0.0027, att=0.0321) grad=0.10  lr=6.28e-05 | ⏱️ 6.45s/step - ETA: 5m3s
[Epoch 5 Step 13/59 | Global-Step 0] loss=0.1009 (ctc=0.0132, att=0.1386) grad=0.28  lr=6.25e-05 | ⏱️ 6.27s/step - ETA: 4m48s
[Epoch 5 Step 14/59 | Global-Step 0] loss=0.0125 (ctc=0.0005, att=0.0177) grad=0.03  lr=6.22e-05 | ⏱️ 6.41s/step - ETA: 4m48s
[Epoch 5 Step 15/59 | Global-Step 0] loss=0.0271 (ctc=0.0038, att=0.0371) grad=0.10  lr=6.20e-05 | ⏱️ 6.50s/step - ETA: 4m46s
[Epoch 5 Step 16/59 | Global-Step 0] loss=0.0113 (ctc=0.0005, att=0.0159) grad=0.03  lr=6.17e-05 | ⏱️ 6.48s/step - ETA: 4m38s
[Epoch 5 Step 17/59 | Global-Step 0] loss=0.0185 (ctc=0.0021, att=0.0255) grad=0.08  lr=6.15e-05 | ⏱️ 6.26s/step - ETA: 4m22s
[Epoch 5 Step 18/59 | Global-Step 0] loss=0.0091 (ctc=0.0004, att=0.0128) grad=0.03  lr=6.12e-05 | ⏱️ 6.37s/step - ETA: 4m21s
[Epoch 5 Step 19/59 | Global-Step 0] loss=0.0155 (ctc=0.0051, att=0.0199) grad=0.05  lr=6.10e-05 | ⏱️ 6.58s/step - ETA: 4m23s
[Epoch 5 Step 20/59 | Global-Step 0] loss=0.0087 (ctc=0.0011, att=0.0119) grad=0.03  lr=6.07e-05 | ⏱️ 6.53s/step - ETA: 4m14s
[Epoch 5 Step 21/59 | Global-Step 0] loss=0.0115 (ctc=0.0008, att=0.0160) grad=0.04  lr=6.04e-05 | ⏱️ 6.33s/step - ETA: 4m0s
[Epoch 5 Step 22/59 | Global-Step 0] loss=0.0264 (ctc=0.0082, att=0.0342) grad=0.12  lr=6.02e-05 | ⏱️ 6.38s/step - ETA: 3m55s
[Epoch 5 Step 23/59 | Global-Step 0] loss=0.0159 (ctc=0.0022, att=0.0217) grad=0.07  lr=5.99e-05 | ⏱️ 6.40s/step - ETA: 3m50s
[Epoch 5 Step 24/59 | Global-Step 0] loss=0.0699 (ctc=0.0166, att=0.0928) grad=0.12  lr=5.97e-05 | ⏱️ 6.47s/step - ETA: 3m46s
[Epoch 5 Step 25/59 | Global-Step 0] loss=0.0082 (ctc=0.0007, att=0.0113) grad=0.04  lr=5.94e-05 | ⏱️ 6.26s/step - ETA: 3m32s
[Epoch 5 Step 26/59 | Global-Step 0] loss=0.0291 (ctc=0.0052, att=0.0393) grad=0.10  lr=5.92e-05 | ⏱️ 6.44s/step - ETA: 3m32s
[Epoch 5 Step 27/59 | Global-Step 0] loss=0.0127 (ctc=0.0023, att=0.0172) grad=0.05  lr=5.89e-05 | ⏱️ 6.46s/step - ETA: 3m26s
[Epoch 5 Step 28/59 | Global-Step 0] loss=0.0153 (ctc=0.0007, att=0.0216) grad=0.06  lr=5.86e-05 | ⏱️ 6.40s/step - ETA: 3m18s
[Epoch 5 Step 29/59 | Global-Step 0] loss=0.0300 (ctc=0.0031, att=0.0415) grad=0.17  lr=5.84e-05 | ⏱️ 6.37s/step - ETA: 3m10s
[Epoch 5 Step 30/59 | Global-Step 0] loss=0.0147 (ctc=0.0013, att=0.0205) grad=0.06  lr=5.81e-05 | ⏱️ 6.51s/step - ETA: 3m8s
[Epoch 5 Step 31/59 | Global-Step 0] loss=0.0525 (ctc=0.0104, att=0.0705) grad=0.19  lr=5.79e-05 | ⏱️ 6.53s/step - ETA: 3m2s
[Epoch 5 Step 32/59 | Global-Step 0] loss=0.0287 (ctc=0.0073, att=0.0378) grad=0.13  lr=5.76e-05 | ⏱️ 6.39s/step - ETA: 2m52s
[Epoch 5 Step 33/59 | Global-Step 0] loss=0.0531 (ctc=0.0047, att=0.0739) grad=0.07  lr=5.73e-05 | ⏱️ 6.38s/step - ETA: 2m45s
[Epoch 5 Step 34/59 | Global-Step 0] loss=0.0180 (ctc=0.0022, att=0.0247) grad=0.07  lr=5.71e-05 | ⏱️ 6.40s/step - ETA: 2m40s
[Epoch 5 Step 35/59 | Global-Step 0] loss=0.0412 (ctc=0.0076, att=0.0556) grad=0.12  lr=5.68e-05 | ⏱️ 6.47s/step - ETA: 2m35s
[Epoch 5 Step 36/59 | Global-Step 0] loss=0.0373 (ctc=0.0047, att=0.0512) grad=0.08  lr=5.65e-05 | ⏱️ 6.24s/step - ETA: 2m23s
[Epoch 5 Step 37/59 | Global-Step 0] loss=0.0881 (ctc=0.0122, att=0.1207) grad=0.19  lr=5.63e-05 | ⏱️ 6.39s/step - ETA: 2m20s
[Epoch 5 Step 38/59 | Global-Step 0] loss=0.0461 (ctc=0.0051, att=0.0636) grad=0.11  lr=5.60e-05 | ⏱️ 6.49s/step - ETA: 2m16s
[Epoch 5 Step 39/59 | Global-Step 0] loss=0.0204 (ctc=0.0014, att=0.0286) grad=0.09  lr=5.58e-05 | ⏱️ 6.67s/step - ETA: 2m13s
[Epoch 5 Step 40/59 | Global-Step 0] loss=0.0163 (ctc=0.0057, att=0.0208) grad=0.07  lr=5.55e-05 | ⏱️ 6.33s/step - ETA: 2m0s
[Epoch 5 Step 41/59 | Global-Step 0] loss=0.0148 (ctc=0.0010, att=0.0208) grad=0.05  lr=5.52e-05 | ⏱️ 6.46s/step - ETA: 1m56s
[Epoch 5 Step 42/59 | Global-Step 0] loss=0.0409 (ctc=0.0052, att=0.0563) grad=0.11  lr=5.50e-05 | ⏱️ 6.39s/step - ETA: 1m48s
[Epoch 5 Step 43/59 | Global-Step 0] loss=0.0203 (ctc=0.0074, att=0.0258) grad=0.08  lr=5.47e-05 | ⏱️ 6.35s/step - ETA: 1m41s
[Epoch 5 Step 44/59 | Global-Step 0] loss=0.0259 (ctc=0.0026, att=0.0359) grad=0.13  lr=5.44e-05 | ⏱️ 6.46s/step - ETA: 1m36s
[Epoch 5 Step 45/59 | Global-Step 0] loss=0.0402 (ctc=0.0048, att=0.0554) grad=0.14  lr=5.42e-05 | ⏱️ 6.40s/step - ETA: 1m29s
[Epoch 5 Step 46/59 | Global-Step 0] loss=0.0354 (ctc=0.0120, att=0.0455) grad=0.20  lr=5.39e-05 | ⏱️ 6.46s/step - ETA: 1m24s
[Epoch 5 Step 47/59 | Global-Step 0] loss=0.0180 (ctc=0.0035, att=0.0243) grad=0.11  lr=5.37e-05 | ⏱️ 6.26s/step - ETA: 1m15s
[Epoch 5 Step 48/59 | Global-Step 0] loss=0.0158 (ctc=0.0018, att=0.0218) grad=0.09  lr=5.34e-05 | ⏱️ 6.43s/step - ETA: 1m10s
[Epoch 5 Step 49/59 | Global-Step 0] loss=0.0301 (ctc=0.0033, att=0.0416) grad=0.05  lr=5.31e-05 | ⏱️ 6.78s/step - ETA: 1m7s
[Epoch 5 Step 50/59 | Global-Step 0] loss=0.0146 (ctc=0.0007, att=0.0205) grad=0.10  lr=5.29e-05 | ⏱️ 6.47s/step - ETA: 0m58s
[Epoch 5 Step 51/59 | Global-Step 0] loss=0.0247 (ctc=0.0035, att=0.0338) grad=0.08  lr=5.26e-05 | ⏱️ 6.54s/step - ETA: 0m52s
[Epoch 5 Step 52/59 | Global-Step 0] loss=0.1006 (ctc=0.0152, att=0.1372) grad=0.22  lr=5.23e-05 | ⏱️ 6.61s/step - ETA: 0m46s
[Epoch 5 Step 53/59 | Global-Step 0] loss=0.0306 (ctc=0.0034, att=0.0423) grad=0.08  lr=5.21e-05 | ⏱️ 6.60s/step - ETA: 0m39s
[Epoch 5 Step 54/59 | Global-Step 0] loss=0.0139 (ctc=0.0007, att=0.0196) grad=0.04  lr=5.18e-05 | ⏱️ 6.64s/step - ETA: 0m33s
[Epoch 5 Step 55/59 | Global-Step 0] loss=0.0090 (ctc=0.0005, att=0.0127) grad=0.03  lr=5.16e-05 | ⏱️ 6.44s/step - ETA: 0m25s
[Epoch 5 Step 56/59 | Global-Step 0] loss=0.0307 (ctc=0.0036, att=0.0423) grad=0.05  lr=5.13e-05 | ⏱️ 6.44s/step - ETA: 0m19s
[Epoch 5 Step 57/59 | Global-Step 0] loss=0.0348 (ctc=0.0046, att=0.0478) grad=0.08  lr=5.10e-05 | ⏱️ 6.43s/step - ETA: 0m12s
[Epoch 5 Step 58/59 | Global-Step 0] loss=0.0387 (ctc=0.0041, att=0.0535) grad=0.05  lr=5.08e-05 | ⏱️ 6.27s/step - ETA: 0m6s
[Epoch 5 Step 59/59 | Global-Step 0] loss=0.0579 (ctc=0.0010, att=0.0822) grad=0.24  lr=5.05e-05 | ⏱️ 1.82s/step - ETA: 0m0s
✅ Epoch 5 hoàn tất trong 6m21s
💾 Đã lưu checkpoint: checkpoints/epoch5.pt
🎯 Dev WER (CTC): 2.31%

🌀 Epoch 6 bắt đầu...
[Epoch 6 Step 1/59 | Global-Step 0] loss=0.0118 (ctc=0.0016, att=0.0162) grad=0.03  lr=5.02e-05 | ⏱️ 6.40s/step - ETA: 6m10s
[Epoch 6 Step 2/59 | Global-Step 0] loss=0.0200 (ctc=0.0069, att=0.0257) grad=0.11  lr=5.00e-05 | ⏱️ 6.32s/step - ETA: 6m0s
[Epoch 6 Step 3/59 | Global-Step 0] loss=0.0358 (ctc=0.0017, att=0.0505) grad=0.05  lr=4.97e-05 | ⏱️ 6.46s/step - ETA: 6m1s
[Epoch 6 Step 4/59 | Global-Step 0] loss=0.0520 (ctc=0.0071, att=0.0713) grad=0.09  lr=4.94e-05 | ⏱️ 6.44s/step - ETA: 5m54s
[Epoch 6 Step 5/59 | Global-Step 0] loss=0.0608 (ctc=0.0051, att=0.0847) grad=0.10  lr=4.92e-05 | ⏱️ 6.45s/step - ETA: 5m48s
[Epoch 6 Step 6/59 | Global-Step 0] loss=0.0334 (ctc=0.0054, att=0.0454) grad=0.10  lr=4.89e-05 | ⏱️ 6.20s/step - ETA: 5m28s
[Epoch 6 Step 7/59 | Global-Step 0] loss=0.0351 (ctc=0.0034, att=0.0487) grad=0.10  lr=4.87e-05 | ⏱️ 6.34s/step - ETA: 5m29s
[Epoch 6 Step 8/59 | Global-Step 0] loss=0.0446 (ctc=0.0072, att=0.0606) grad=0.14  lr=4.84e-05 | ⏱️ 6.37s/step - ETA: 5m24s
[Epoch 6 Step 9/59 | Global-Step 0] loss=0.0274 (ctc=0.0033, att=0.0378) grad=0.22  lr=4.81e-05 | ⏱️ 6.31s/step - ETA: 5m15s
[Epoch 6 Step 10/59 | Global-Step 0] loss=0.0336 (ctc=0.0106, att=0.0434) grad=0.14  lr=4.79e-05 | ⏱️ 6.38s/step - ETA: 5m12s
[Epoch 6 Step 11/59 | Global-Step 0] loss=0.0627 (ctc=0.0100, att=0.0853) grad=0.18  lr=4.76e-05 | ⏱️ 6.38s/step - ETA: 5m6s
[Epoch 6 Step 12/59 | Global-Step 0] loss=0.0195 (ctc=0.0034, att=0.0264) grad=0.09  lr=4.73e-05 | ⏱️ 6.24s/step - ETA: 4m53s
[Epoch 6 Step 13/59 | Global-Step 0] loss=0.0237 (ctc=0.0033, att=0.0324) grad=0.10  lr=4.71e-05 | ⏱️ 6.44s/step - ETA: 4m56s
[Epoch 6 Step 14/59 | Global-Step 0] loss=0.0168 (ctc=0.0031, att=0.0227) grad=0.06  lr=4.68e-05 | ⏱️ 6.42s/step - ETA: 4m48s
[Epoch 6 Step 15/59 | Global-Step 0] loss=0.0344 (ctc=0.0035, att=0.0476) grad=0.04  lr=4.66e-05 | ⏱️ 6.49s/step - ETA: 4m45s
[Epoch 6 Step 16/59 | Global-Step 0] loss=0.0098 (ctc=0.0003, att=0.0139) grad=0.02  lr=4.63e-05 | ⏱️ 6.24s/step - ETA: 4m28s
[Epoch 6 Step 17/59 | Global-Step 0] loss=0.0169 (ctc=0.0013, att=0.0236) grad=0.09  lr=4.60e-05 | ⏱️ 6.45s/step - ETA: 4m30s
[Epoch 6 Step 18/59 | Global-Step 0] loss=0.0604 (ctc=0.0125, att=0.0808) grad=0.32  lr=4.58e-05 | ⏱️ 6.46s/step - ETA: 4m25s
[Epoch 6 Step 19/59 | Global-Step 0] loss=0.0296 (ctc=0.0057, att=0.0398) grad=0.05  lr=4.55e-05 | ⏱️ 6.44s/step - ETA: 4m17s
[Epoch 6 Step 20/59 | Global-Step 0] loss=0.0101 (ctc=0.0004, att=0.0143) grad=0.03  lr=4.52e-05 | ⏱️ 6.25s/step - ETA: 4m3s
[Epoch 6 Step 21/59 | Global-Step 0] loss=0.0734 (ctc=0.0088, att=0.1012) grad=0.10  lr=4.50e-05 | ⏱️ 6.38s/step - ETA: 4m2s
[Epoch 6 Step 22/59 | Global-Step 0] loss=0.0126 (ctc=0.0021, att=0.0170) grad=0.06  lr=4.47e-05 | ⏱️ 6.38s/step - ETA: 3m56s
[Epoch 6 Step 23/59 | Global-Step 0] loss=0.0166 (ctc=0.0028, att=0.0225) grad=0.12  lr=4.45e-05 | ⏱️ 6.50s/step - ETA: 3m53s
[Epoch 6 Step 24/59 | Global-Step 0] loss=0.0110 (ctc=0.0006, att=0.0155) grad=0.02  lr=4.42e-05 | ⏱️ 6.33s/step - ETA: 3m41s
[Epoch 6 Step 25/59 | Global-Step 0] loss=0.0261 (ctc=0.0021, att=0.0364) grad=0.05  lr=4.39e-05 | ⏱️ 6.38s/step - ETA: 3m36s
[Epoch 6 Step 26/59 | Global-Step 0] loss=0.0127 (ctc=0.0026, att=0.0171) grad=0.04  lr=4.37e-05 | ⏱️ 6.38s/step - ETA: 3m30s
[Epoch 6 Step 27/59 | Global-Step 0] loss=0.0271 (ctc=0.0106, att=0.0342) grad=0.14  lr=4.34e-05 | ⏱️ 6.27s/step - ETA: 3m20s
[Epoch 6 Step 28/59 | Global-Step 0] loss=0.0193 (ctc=0.0022, att=0.0266) grad=0.08  lr=4.31e-05 | ⏱️ 6.37s/step - ETA: 3m17s
[Epoch 6 Step 29/59 | Global-Step 0] loss=0.0194 (ctc=0.0041, att=0.0259) grad=0.10  lr=4.29e-05 | ⏱️ 6.39s/step - ETA: 3m11s
[Epoch 6 Step 30/59 | Global-Step 0] loss=0.0361 (ctc=0.0068, att=0.0486) grad=0.08  lr=4.26e-05 | ⏱️ 6.51s/step - ETA: 3m8s
[Epoch 6 Step 31/59 | Global-Step 0] loss=0.0133 (ctc=0.0059, att=0.0164) grad=0.07  lr=4.24e-05 | ⏱️ 6.33s/step - ETA: 2m57s
[Epoch 6 Step 32/59 | Global-Step 0] loss=0.0173 (ctc=0.0008, att=0.0244) grad=0.08  lr=4.21e-05 | ⏱️ 6.53s/step - ETA: 2m56s
[Epoch 6 Step 33/59 | Global-Step 0] loss=0.0844 (ctc=0.0107, att=0.1160) grad=0.33  lr=4.18e-05 | ⏱️ 6.46s/step - ETA: 2m47s
[Epoch 6 Step 34/59 | Global-Step 0] loss=0.0120 (ctc=0.0003, att=0.0170) grad=0.04  lr=4.16e-05 | ⏱️ 6.40s/step - ETA: 2m40s
[Epoch 6 Step 35/59 | Global-Step 0] loss=0.0438 (ctc=0.0137, att=0.0567) grad=0.10  lr=4.13e-05 | ⏱️ 6.33s/step - ETA: 2m31s
[Epoch 6 Step 36/59 | Global-Step 0] loss=0.0380 (ctc=0.0040, att=0.0525) grad=0.05  lr=4.11e-05 | ⏱️ 6.45s/step - ETA: 2m28s
[Epoch 6 Step 37/59 | Global-Step 0] loss=0.0998 (ctc=0.0079, att=0.1391) grad=0.40  lr=4.08e-05 | ⏱️ 6.48s/step - ETA: 2m22s
[Epoch 6 Step 38/59 | Global-Step 0] loss=0.0275 (ctc=0.0059, att=0.0368) grad=0.20  lr=4.06e-05 | ⏱️ 6.52s/step - ETA: 2m17s
[Epoch 6 Step 39/59 | Global-Step 0] loss=0.0066 (ctc=0.0004, att=0.0092) grad=0.02  lr=4.03e-05 | ⏱️ 6.34s/step - ETA: 2m6s
[Epoch 6 Step 40/59 | Global-Step 0] loss=0.0327 (ctc=0.0045, att=0.0447) grad=0.09  lr=4.00e-05 | ⏱️ 6.40s/step - ETA: 2m1s
[Epoch 6 Step 41/59 | Global-Step 0] loss=0.0644 (ctc=0.0055, att=0.0897) grad=0.15  lr=3.98e-05 | ⏱️ 6.41s/step - ETA: 1m55s
[Epoch 6 Step 42/59 | Global-Step 0] loss=0.0102 (ctc=0.0003, att=0.0145) grad=0.02  lr=3.95e-05 | ⏱️ 6.46s/step - ETA: 1m49s
[Epoch 6 Step 43/59 | Global-Step 0] loss=0.0119 (ctc=0.0005, att=0.0168) grad=0.04  lr=3.93e-05 | ⏱️ 6.36s/step - ETA: 1m41s
[Epoch 6 Step 44/59 | Global-Step 0] loss=0.0349 (ctc=0.0061, att=0.0472) grad=0.12  lr=3.90e-05 | ⏱️ 6.47s/step - ETA: 1m36s
[Epoch 6 Step 45/59 | Global-Step 0] loss=0.0266 (ctc=0.0067, att=0.0352) grad=0.11  lr=3.88e-05 | ⏱️ 6.42s/step - ETA: 1m29s
[Epoch 6 Step 46/59 | Global-Step 0] loss=0.0273 (ctc=0.0024, att=0.0380) grad=0.09  lr=3.85e-05 | ⏱️ 6.42s/step - ETA: 1m23s
[Epoch 6 Step 47/59 | Global-Step 0] loss=0.0175 (ctc=0.0024, att=0.0240) grad=0.07  lr=3.82e-05 | ⏱️ 6.34s/step - ETA: 1m16s
[Epoch 6 Step 48/59 | Global-Step 0] loss=0.0129 (ctc=0.0006, att=0.0182) grad=0.04  lr=3.80e-05 | ⏱️ 6.42s/step - ETA: 1m10s
[Epoch 6 Step 49/59 | Global-Step 0] loss=0.0169 (ctc=0.0011, att=0.0237) grad=0.09  lr=3.77e-05 | ⏱️ 6.55s/step - ETA: 1m5s
[Epoch 6 Step 50/59 | Global-Step 0] loss=0.0242 (ctc=0.0106, att=0.0300) grad=0.10  lr=3.75e-05 | ⏱️ 6.28s/step - ETA: 0m56s
[Epoch 6 Step 51/59 | Global-Step 0] loss=0.0608 (ctc=0.0128, att=0.0813) grad=0.14  lr=3.72e-05 | ⏱️ 6.41s/step - ETA: 0m51s
[Epoch 6 Step 52/59 | Global-Step 0] loss=0.0280 (ctc=0.0020, att=0.0391) grad=0.07  lr=3.70e-05 | ⏱️ 6.41s/step - ETA: 0m44s
[Epoch 6 Step 53/59 | Global-Step 0] loss=0.0091 (ctc=0.0003, att=0.0128) grad=0.03  lr=3.67e-05 | ⏱️ 6.43s/step - ETA: 0m38s
[Epoch 6 Step 54/59 | Global-Step 0] loss=0.0203 (ctc=0.0039, att=0.0274) grad=0.06  lr=3.65e-05 | ⏱️ 6.27s/step - ETA: 0m31s
[Epoch 6 Step 55/59 | Global-Step 0] loss=0.0274 (ctc=0.0027, att=0.0380) grad=0.23  lr=3.62e-05 | ⏱️ 6.41s/step - ETA: 0m25s
[Epoch 6 Step 56/59 | Global-Step 0] loss=0.0145 (ctc=0.0027, att=0.0195) grad=0.04  lr=3.60e-05 | ⏱️ 6.42s/step - ETA: 0m19s
[Epoch 6 Step 57/59 | Global-Step 0] loss=0.0136 (ctc=0.0018, att=0.0186) grad=0.06  lr=3.57e-05 | ⏱️ 6.44s/step - ETA: 0m12s
[Epoch 6 Step 58/59 | Global-Step 0] loss=0.0242 (ctc=0.0047, att=0.0325) grad=0.11  lr=3.55e-05 | ⏱️ 6.31s/step - ETA: 0m6s
[Epoch 6 Step 59/59 | Global-Step 0] loss=0.0266 (ctc=0.0009, att=0.0376) grad=0.11  lr=3.52e-05 | ⏱️ 1.69s/step - ETA: 0m0s
✅ Epoch 6 hoàn tất trong 6m19s
💾 Đã lưu checkpoint: checkpoints/epoch6.pt
🎯 Dev WER (CTC): 2.60%

🌀 Epoch 7 bắt đầu...
[Epoch 7 Step 1/59 | Global-Step 0] loss=0.0362 (ctc=0.0112, att=0.0469) grad=0.11  lr=3.50e-05 | ⏱️ 6.21s/step - ETA: 5m59s
[Epoch 7 Step 2/59 | Global-Step 0] loss=0.0333 (ctc=0.0044, att=0.0457) grad=0.14  lr=3.47e-05 | ⏱️ 6.44s/step - ETA: 6m7s
[Epoch 7 Step 3/59 | Global-Step 0] loss=0.0528 (ctc=0.0133, att=0.0697) grad=0.13  lr=3.45e-05 | ⏱️ 6.37s/step - ETA: 5m56s
[Epoch 7 Step 4/59 | Global-Step 0] loss=0.0185 (ctc=0.0053, att=0.0242) grad=0.07  lr=3.42e-05 | ⏱️ 6.38s/step - ETA: 5m50s
[Epoch 7 Step 5/59 | Global-Step 0] loss=0.0270 (ctc=0.0058, att=0.0361) grad=0.07  lr=3.40e-05 | ⏱️ 6.28s/step - ETA: 5m39s
[Epoch 7 Step 6/59 | Global-Step 0] loss=0.0439 (ctc=0.0056, att=0.0603) grad=0.09  lr=3.37e-05 | ⏱️ 6.48s/step - ETA: 5m43s
[Epoch 7 Step 7/59 | Global-Step 0] loss=0.0152 (ctc=0.0056, att=0.0193) grad=0.05  lr=3.35e-05 | ⏱️ 6.47s/step - ETA: 5m36s
[Epoch 7 Step 8/59 | Global-Step 0] loss=0.0631 (ctc=0.0092, att=0.0861) grad=0.16  lr=3.32e-05 | ⏱️ 6.39s/step - ETA: 5m25s
[Epoch 7 Step 9/59 | Global-Step 0] loss=0.0461 (ctc=0.0084, att=0.0623) grad=0.11  lr=3.30e-05 | ⏱️ 6.26s/step - ETA: 5m13s
[Epoch 7 Step 10/59 | Global-Step 0] loss=0.0155 (ctc=0.0018, att=0.0213) grad=0.14  lr=3.27e-05 | ⏱️ 6.40s/step - ETA: 5m13s
[Epoch 7 Step 11/59 | Global-Step 0] loss=0.0344 (ctc=0.0049, att=0.0471) grad=0.13  lr=3.25e-05 | ⏱️ 6.46s/step - ETA: 5m10s
[Epoch 7 Step 12/59 | Global-Step 0] loss=0.0115 (ctc=0.0019, att=0.0156) grad=0.04  lr=3.22e-05 | ⏱️ 6.26s/step - ETA: 4m54s
[Epoch 7 Step 13/59 | Global-Step 0] loss=0.0335 (ctc=0.0022, att=0.0468) grad=0.07  lr=3.20e-05 | ⏱️ 6.39s/step - ETA: 4m53s
[Epoch 7 Step 14/59 | Global-Step 0] loss=0.0575 (ctc=0.0128, att=0.0767) grad=0.17  lr=3.17e-05 | ⏱️ 6.42s/step - ETA: 4m48s
[Epoch 7 Step 15/59 | Global-Step 0] loss=0.0077 (ctc=0.0003, att=0.0108) grad=0.02  lr=3.15e-05 | ⏱️ 6.42s/step - ETA: 4m42s
[Epoch 7 Step 16/59 | Global-Step 0] loss=0.0112 (ctc=0.0006, att=0.0157) grad=0.04  lr=3.13e-05 | ⏱️ 6.34s/step - ETA: 4m32s
[Epoch 7 Step 17/59 | Global-Step 0] loss=0.0204 (ctc=0.0047, att=0.0271) grad=0.12  lr=3.10e-05 | ⏱️ 6.46s/step - ETA: 4m31s
[Epoch 7 Step 18/59 | Global-Step 0] loss=0.0509 (ctc=0.0085, att=0.0691) grad=0.06  lr=3.08e-05 | ⏱️ 6.47s/step - ETA: 4m25s
[Epoch 7 Step 19/59 | Global-Step 0] loss=0.0220 (ctc=0.0074, att=0.0283) grad=0.18  lr=3.05e-05 | ⏱️ 6.44s/step - ETA: 4m17s
[Epoch 7 Step 20/59 | Global-Step 0] loss=0.0482 (ctc=0.0081, att=0.0654) grad=0.08  lr=3.03e-05 | ⏱️ 6.33s/step - ETA: 4m6s
[Epoch 7 Step 21/59 | Global-Step 0] loss=0.0095 (ctc=0.0007, att=0.0132) grad=0.03  lr=3.00e-05 | ⏱️ 6.43s/step - ETA: 4m4s
[Epoch 7 Step 22/59 | Global-Step 0] loss=0.0350 (ctc=0.0088, att=0.0462) grad=0.21  lr=2.98e-05 | ⏱️ 6.51s/step - ETA: 4m0s
[Epoch 7 Step 23/59 | Global-Step 0] loss=0.0199 (ctc=0.0020, att=0.0276) grad=0.07  lr=2.96e-05 | ⏱️ 6.42s/step - ETA: 3m51s
[Epoch 7 Step 24/59 | Global-Step 0] loss=0.0135 (ctc=0.0017, att=0.0186) grad=0.04  lr=2.93e-05 | ⏱️ 6.21s/step - ETA: 3m37s
[Epoch 7 Step 25/59 | Global-Step 0] loss=0.0330 (ctc=0.0057, att=0.0447) grad=0.19  lr=2.91e-05 | ⏱️ 6.41s/step - ETA: 3m37s
[Epoch 7 Step 26/59 | Global-Step 0] loss=0.0151 (ctc=0.0036, att=0.0200) grad=0.05  lr=2.89e-05 | ⏱️ 6.47s/step - ETA: 3m33s
[Epoch 7 Step 27/59 | Global-Step 0] loss=0.0470 (ctc=0.0039, att=0.0655) grad=0.13  lr=2.86e-05 | ⏱️ 6.29s/step - ETA: 3m21s
[Epoch 7 Step 28/59 | Global-Step 0] loss=0.0446 (ctc=0.0053, att=0.0614) grad=0.09  lr=2.84e-05 | ⏱️ 6.40s/step - ETA: 3m18s
[Epoch 7 Step 29/59 | Global-Step 0] loss=0.0435 (ctc=0.0031, att=0.0608) grad=0.11  lr=2.81e-05 | ⏱️ 6.46s/step - ETA: 3m13s
[Epoch 7 Step 30/59 | Global-Step 0] loss=0.0147 (ctc=0.0011, att=0.0205) grad=0.07  lr=2.79e-05 | ⏱️ 6.40s/step - ETA: 3m5s
[Epoch 7 Step 31/59 | Global-Step 0] loss=0.0129 (ctc=0.0006, att=0.0181) grad=0.07  lr=2.77e-05 | ⏱️ 6.27s/step - ETA: 2m55s
[Epoch 7 Step 32/59 | Global-Step 0] loss=0.0225 (ctc=0.0066, att=0.0293) grad=0.09  lr=2.74e-05 | ⏱️ 6.46s/step - ETA: 2m54s
[Epoch 7 Step 33/59 | Global-Step 0] loss=0.0132 (ctc=0.0009, att=0.0185) grad=0.06  lr=2.72e-05 | ⏱️ 6.48s/step - ETA: 2m48s
[Epoch 7 Step 34/59 | Global-Step 0] loss=0.0133 (ctc=0.0007, att=0.0187) grad=0.04  lr=2.70e-05 | ⏱️ 6.40s/step - ETA: 2m39s
[Epoch 7 Step 35/59 | Global-Step 0] loss=0.0207 (ctc=0.0023, att=0.0286) grad=0.08  lr=2.67e-05 | ⏱️ 6.35s/step - ETA: 2m32s
[Epoch 7 Step 36/59 | Global-Step 0] loss=0.0296 (ctc=0.0059, att=0.0397) grad=0.11  lr=2.65e-05 | ⏱️ 6.41s/step - ETA: 2m27s
[Epoch 7 Step 37/59 | Global-Step 0] loss=0.0218 (ctc=0.0013, att=0.0306) grad=0.07  lr=2.63e-05 | ⏱️ 6.48s/step - ETA: 2m22s
[Epoch 7 Step 38/59 | Global-Step 0] loss=0.0097 (ctc=0.0005, att=0.0137) grad=0.03  lr=2.61e-05 | ⏱️ 6.43s/step - ETA: 2m14s
[Epoch 7 Step 39/59 | Global-Step 0] loss=0.0186 (ctc=0.0015, att=0.0258) grad=0.07  lr=2.58e-05 | ⏱️ 6.28s/step - ETA: 2m5s
[Epoch 7 Step 40/59 | Global-Step 0] loss=0.0094 (ctc=0.0009, att=0.0130) grad=0.02  lr=2.56e-05 | ⏱️ 6.40s/step - ETA: 2m1s
[Epoch 7 Step 41/59 | Global-Step 0] loss=0.0178 (ctc=0.0015, att=0.0248) grad=0.07  lr=2.54e-05 | ⏱️ 6.49s/step - ETA: 1m56s
[Epoch 7 Step 42/59 | Global-Step 0] loss=0.0210 (ctc=0.0036, att=0.0284) grad=0.08  lr=2.51e-05 | ⏱️ 6.42s/step - ETA: 1m49s
[Epoch 7 Step 43/59 | Global-Step 0] loss=0.0292 (ctc=0.0065, att=0.0390) grad=0.10  lr=2.49e-05 | ⏱️ 6.31s/step - ETA: 1m40s
[Epoch 7 Step 44/59 | Global-Step 0] loss=0.0566 (ctc=0.0072, att=0.0778) grad=0.10  lr=2.47e-05 | ⏱️ 6.36s/step - ETA: 1m35s
[Epoch 7 Step 45/59 | Global-Step 0] loss=0.0314 (ctc=0.0047, att=0.0428) grad=0.14  lr=2.45e-05 | ⏱️ 6.41s/step - ETA: 1m29s
[Epoch 7 Step 46/59 | Global-Step 0] loss=0.0457 (ctc=0.0133, att=0.0596) grad=0.07  lr=2.42e-05 | ⏱️ 6.50s/step - ETA: 1m24s
[Epoch 7 Step 47/59 | Global-Step 0] loss=0.0121 (ctc=0.0005, att=0.0170) grad=0.05  lr=2.40e-05 | ⏱️ 6.37s/step - ETA: 1m16s
[Epoch 7 Step 48/59 | Global-Step 0] loss=0.0123 (ctc=0.0004, att=0.0173) grad=0.03  lr=2.38e-05 | ⏱️ 6.48s/step - ETA: 1m11s
[Epoch 7 Step 49/59 | Global-Step 0] loss=0.0205 (ctc=0.0013, att=0.0288) grad=0.06  lr=2.36e-05 | ⏱️ 6.49s/step - ETA: 1m4s
[Epoch 7 Step 50/59 | Global-Step 0] loss=0.0093 (ctc=0.0003, att=0.0131) grad=0.02  lr=2.34e-05 | ⏱️ 6.30s/step - ETA: 0m56s
[Epoch 7 Step 51/59 | Global-Step 0] loss=0.0093 (ctc=0.0004, att=0.0131) grad=0.03  lr=2.31e-05 | ⏱️ 6.47s/step - ETA: 0m51s
[Epoch 7 Step 52/59 | Global-Step 0] loss=0.0145 (ctc=0.0010, att=0.0203) grad=0.07  lr=2.29e-05 | ⏱️ 6.41s/step - ETA: 0m44s
[Epoch 7 Step 53/59 | Global-Step 0] loss=0.0123 (ctc=0.0004, att=0.0174) grad=0.10  lr=2.27e-05 | ⏱️ 6.50s/step - ETA: 0m38s
[Epoch 7 Step 54/59 | Global-Step 0] loss=0.0167 (ctc=0.0014, att=0.0232) grad=0.06  lr=2.25e-05 | ⏱️ 6.28s/step - ETA: 0m31s
[Epoch 7 Step 55/59 | Global-Step 0] loss=0.0348 (ctc=0.0037, att=0.0481) grad=0.06  lr=2.23e-05 | ⏱️ 6.47s/step - ETA: 0m25s
[Epoch 7 Step 56/59 | Global-Step 0] loss=0.0276 (ctc=0.0070, att=0.0364) grad=0.10  lr=2.20e-05 | ⏱️ 6.41s/step - ETA: 0m19s
[Epoch 7 Step 57/59 | Global-Step 0] loss=0.0340 (ctc=0.0029, att=0.0473) grad=0.10  lr=2.18e-05 | ⏱️ 6.50s/step - ETA: 0m13s
[Epoch 7 Step 58/59 | Global-Step 0] loss=0.0383 (ctc=0.0023, att=0.0537) grad=0.06  lr=2.16e-05 | ⏱️ 6.28s/step - ETA: 0m6s
[Epoch 7 Step 59/59 | Global-Step 0] loss=0.3059 (ctc=0.0378, att=0.4208) grad=1.03  lr=2.14e-05 | ⏱️ 1.70s/step - ETA: 0m0s
✅ Epoch 7 hoàn tất trong 6m19s
💾 Đã lưu checkpoint: checkpoints/epoch7.pt
🎯 Dev WER (CTC): 2.60%

🌀 Epoch 8 bắt đầu...
[Epoch 8 Step 1/59 | Global-Step 0] loss=0.0342 (ctc=0.0057, att=0.0465) grad=0.12  lr=2.12e-05 | ⏱️ 6.19s/step - ETA: 5m58s
[Epoch 8 Step 2/59 | Global-Step 0] loss=0.0101 (ctc=0.0011, att=0.0139) grad=0.03  lr=2.10e-05 | ⏱️ 6.37s/step - ETA: 6m3s
[Epoch 8 Step 3/59 | Global-Step 0] loss=0.0190 (ctc=0.0031, att=0.0259) grad=0.08  lr=2.08e-05 | ⏱️ 6.46s/step - ETA: 6m1s
[Epoch 8 Step 4/59 | Global-Step 0] loss=0.0500 (ctc=0.0056, att=0.0690) grad=0.09  lr=2.06e-05 | ⏱️ 6.38s/step - ETA: 5m50s
[Epoch 8 Step 5/59 | Global-Step 0] loss=0.0281 (ctc=0.0041, att=0.0384) grad=0.07  lr=2.03e-05 | ⏱️ 6.25s/step - ETA: 5m37s
[Epoch 8 Step 6/59 | Global-Step 0] loss=0.0715 (ctc=0.0062, att=0.0995) grad=0.28  lr=2.01e-05 | ⏱️ 6.43s/step - ETA: 5m40s
[Epoch 8 Step 7/59 | Global-Step 0] loss=0.0164 (ctc=0.0027, att=0.0222) grad=0.05  lr=1.99e-05 | ⏱️ 6.38s/step - ETA: 5m31s
[Epoch 8 Step 8/59 | Global-Step 0] loss=0.0286 (ctc=0.0061, att=0.0382) grad=0.18  lr=1.97e-05 | ⏱️ 6.48s/step - ETA: 5m30s
[Epoch 8 Step 9/59 | Global-Step 0] loss=0.0143 (ctc=0.0006, att=0.0202) grad=0.04  lr=1.95e-05 | ⏱️ 6.27s/step - ETA: 5m13s
[Epoch 8 Step 10/59 | Global-Step 0] loss=0.0223 (ctc=0.0105, att=0.0273) grad=0.09  lr=1.93e-05 | ⏱️ 6.38s/step - ETA: 5m12s
[Epoch 8 Step 11/59 | Global-Step 0] loss=0.0101 (ctc=0.0004, att=0.0143) grad=0.09  lr=1.91e-05 | ⏱️ 6.41s/step - ETA: 5m7s
[Epoch 8 Step 12/59 | Global-Step 0] loss=0.0269 (ctc=0.0064, att=0.0357) grad=0.08  lr=1.89e-05 | ⏱️ 6.26s/step - ETA: 4m54s
[Epoch 8 Step 13/59 | Global-Step 0] loss=0.0947 (ctc=0.0196, att=0.1268) grad=0.16  lr=1.87e-05 | ⏱️ 6.47s/step - ETA: 4m57s
[Epoch 8 Step 14/59 | Global-Step 0] loss=0.0250 (ctc=0.0040, att=0.0339) grad=0.08  lr=1.85e-05 | ⏱️ 6.44s/step - ETA: 4m49s
[Epoch 8 Step 15/59 | Global-Step 0] loss=0.0312 (ctc=0.0036, att=0.0430) grad=0.08  lr=1.83e-05 | ⏱️ 6.39s/step - ETA: 4m41s
[Epoch 8 Step 16/59 | Global-Step 0] loss=0.0236 (ctc=0.0021, att=0.0329) grad=0.08  lr=1.81e-05 | ⏱️ 6.33s/step - ETA: 4m32s
[Epoch 8 Step 17/59 | Global-Step 0] loss=0.0415 (ctc=0.0104, att=0.0549) grad=0.14  lr=1.79e-05 | ⏱️ 6.41s/step - ETA: 4m29s
[Epoch 8 Step 18/59 | Global-Step 0] loss=0.0143 (ctc=0.0004, att=0.0203) grad=0.16  lr=1.77e-05 | ⏱️ 6.41s/step - ETA: 4m22s
[Epoch 8 Step 19/59 | Global-Step 0] loss=0.0123 (ctc=0.0012, att=0.0170) grad=0.03  lr=1.75e-05 | ⏱️ 6.47s/step - ETA: 4m18s
[Epoch 8 Step 20/59 | Global-Step 0] loss=0.0577 (ctc=0.0061, att=0.0799) grad=0.13  lr=1.73e-05 | ⏱️ 6.25s/step - ETA: 4m3s
[Epoch 8 Step 21/59 | Global-Step 0] loss=0.0187 (ctc=0.0049, att=0.0246) grad=0.07  lr=1.71e-05 | ⏱️ 6.46s/step - ETA: 4m5s
[Epoch 8 Step 22/59 | Global-Step 0] loss=0.0346 (ctc=0.0100, att=0.0452) grad=0.11  lr=1.69e-05 | ⏱️ 6.38s/step - ETA: 3m56s
[Epoch 8 Step 23/59 | Global-Step 0] loss=0.0094 (ctc=0.0008, att=0.0131) grad=0.03  lr=1.67e-05 | ⏱️ 6.41s/step - ETA: 3m50s
[Epoch 8 Step 24/59 | Global-Step 0] loss=0.0128 (ctc=0.0018, att=0.0175) grad=0.03  lr=1.65e-05 | ⏱️ 6.31s/step - ETA: 3m40s
[Epoch 8 Step 25/59 | Global-Step 0] loss=0.0084 (ctc=0.0005, att=0.0118) grad=0.05  lr=1.63e-05 | ⏱️ 6.39s/step - ETA: 3m37s
[Epoch 8 Step 26/59 | Global-Step 0] loss=0.0169 (ctc=0.0030, att=0.0229) grad=0.06  lr=1.62e-05 | ⏱️ 6.39s/step - ETA: 3m30s
[Epoch 8 Step 27/59 | Global-Step 0] loss=0.0164 (ctc=0.0009, att=0.0230) grad=0.06  lr=1.60e-05 | ⏱️ 6.35s/step - ETA: 3m23s
[Epoch 8 Step 28/59 | Global-Step 0] loss=0.0257 (ctc=0.0023, att=0.0358) grad=0.05  lr=1.58e-05 | ⏱️ 6.39s/step - ETA: 3m17s
[Epoch 8 Step 29/59 | Global-Step 0] loss=0.0216 (ctc=0.0072, att=0.0277) grad=0.08  lr=1.56e-05 | ⏱️ 6.47s/step - ETA: 3m14s
[Epoch 8 Step 30/59 | Global-Step 0] loss=0.0096 (ctc=0.0004, att=0.0135) grad=0.05  lr=1.54e-05 | ⏱️ 6.43s/step - ETA: 3m6s
[Epoch 8 Step 31/59 | Global-Step 0] loss=0.0312 (ctc=0.0066, att=0.0418) grad=0.06  lr=1.52e-05 | ⏱️ 6.27s/step - ETA: 2m55s
[Epoch 8 Step 32/59 | Global-Step 0] loss=0.0113 (ctc=0.0009, att=0.0157) grad=0.05  lr=1.50e-05 | ⏱️ 6.46s/step - ETA: 2m54s
[Epoch 8 Step 33/59 | Global-Step 0] loss=0.0153 (ctc=0.0008, att=0.0214) grad=0.04  lr=1.49e-05 | ⏱️ 6.50s/step - ETA: 2m48s
[Epoch 8 Step 34/59 | Global-Step 0] loss=0.0109 (ctc=0.0037, att=0.0140) grad=0.03  lr=1.47e-05 | ⏱️ 6.46s/step - ETA: 2m41s
[Epoch 8 Step 35/59 | Global-Step 0] loss=0.0132 (ctc=0.0012, att=0.0184) grad=0.05  lr=1.45e-05 | ⏱️ 6.27s/step - ETA: 2m30s
[Epoch 8 Step 36/59 | Global-Step 0] loss=0.0557 (ctc=0.0072, att=0.0765) grad=0.09  lr=1.43e-05 | ⏱️ 6.44s/step - ETA: 2m28s
[Epoch 8 Step 37/59 | Global-Step 0] loss=0.0157 (ctc=0.0025, att=0.0214) grad=0.07  lr=1.41e-05 | ⏱️ 6.40s/step - ETA: 2m20s
[Epoch 8 Step 38/59 | Global-Step 0] loss=0.0121 (ctc=0.0005, att=0.0171) grad=0.05  lr=1.40e-05 | ⏱️ 6.48s/step - ETA: 2m15s
[Epoch 8 Step 39/59 | Global-Step 0] loss=0.0161 (ctc=0.0022, att=0.0221) grad=0.09  lr=1.38e-05 | ⏱️ 6.23s/step - ETA: 2m4s
[Epoch 8 Step 40/59 | Global-Step 0] loss=0.0581 (ctc=0.0035, att=0.0814) grad=0.09  lr=1.36e-05 | ⏱️ 6.47s/step - ETA: 2m2s
[Epoch 8 Step 41/59 | Global-Step 0] loss=0.0242 (ctc=0.0043, att=0.0327) grad=0.14  lr=1.34e-05 | ⏱️ 6.40s/step - ETA: 1m55s
[Epoch 8 Step 42/59 | Global-Step 0] loss=0.0083 (ctc=0.0004, att=0.0117) grad=0.02  lr=1.32e-05 | ⏱️ 6.49s/step - ETA: 1m50s
[Epoch 8 Step 43/59 | Global-Step 0] loss=0.0103 (ctc=0.0003, att=0.0146) grad=0.03  lr=1.31e-05 | ⏱️ 6.27s/step - ETA: 1m40s
[Epoch 8 Step 44/59 | Global-Step 0] loss=0.0132 (ctc=0.0033, att=0.0174) grad=0.19  lr=1.29e-05 | ⏱️ 6.47s/step - ETA: 1m36s
[Epoch 8 Step 45/59 | Global-Step 0] loss=0.0151 (ctc=0.0033, att=0.0202) grad=0.04  lr=1.27e-05 | ⏱️ 6.40s/step - ETA: 1m29s
[Epoch 8 Step 46/59 | Global-Step 0] loss=0.0558 (ctc=0.0100, att=0.0755) grad=0.08  lr=1.26e-05 | ⏱️ 6.51s/step - ETA: 1m24s
[Epoch 8 Step 47/59 | Global-Step 0] loss=0.0119 (ctc=0.0007, att=0.0166) grad=0.05  lr=1.24e-05 | ⏱️ 6.27s/step - ETA: 1m15s
[Epoch 8 Step 48/59 | Global-Step 0] loss=0.0293 (ctc=0.0020, att=0.0410) grad=0.08  lr=1.22e-05 | ⏱️ 6.41s/step - ETA: 1m10s
[Epoch 8 Step 49/59 | Global-Step 0] loss=0.0150 (ctc=0.0029, att=0.0201) grad=0.07  lr=1.21e-05 | ⏱️ 6.42s/step - ETA: 1m4s
[Epoch 8 Step 50/59 | Global-Step 0] loss=0.0175 (ctc=0.0030, att=0.0237) grad=0.08  lr=1.19e-05 | ⏱️ 6.27s/step - ETA: 0m56s
[Epoch 8 Step 51/59 | Global-Step 0] loss=0.0333 (ctc=0.0056, att=0.0452) grad=0.09  lr=1.17e-05 | ⏱️ 6.43s/step - ETA: 0m51s
[Epoch 8 Step 52/59 | Global-Step 0] loss=0.0333 (ctc=0.0014, att=0.0470) grad=0.07  lr=1.16e-05 | ⏱️ 6.53s/step - ETA: 0m45s
[Epoch 8 Step 53/59 | Global-Step 0] loss=0.0109 (ctc=0.0028, att=0.0143) grad=0.08  lr=1.14e-05 | ⏱️ 6.44s/step - ETA: 0m38s
[Epoch 8 Step 54/59 | Global-Step 0] loss=0.0411 (ctc=0.0116, att=0.0537) grad=0.11  lr=1.12e-05 | ⏱️ 6.33s/step - ETA: 0m31s
[Epoch 8 Step 55/59 | Global-Step 0] loss=0.0197 (ctc=0.0051, att=0.0259) grad=0.19  lr=1.11e-05 | ⏱️ 6.50s/step - ETA: 0m25s
[Epoch 8 Step 56/59 | Global-Step 0] loss=0.0158 (ctc=0.0054, att=0.0203) grad=0.07  lr=1.09e-05 | ⏱️ 6.40s/step - ETA: 0m19s
[Epoch 8 Step 57/59 | Global-Step 0] loss=0.0100 (ctc=0.0012, att=0.0138) grad=0.03  lr=1.08e-05 | ⏱️ 6.41s/step - ETA: 0m12s
[Epoch 8 Step 58/59 | Global-Step 0] loss=0.0195 (ctc=0.0024, att=0.0268) grad=0.09  lr=1.06e-05 | ⏱️ 6.27s/step - ETA: 0m6s
[Epoch 8 Step 59/59 | Global-Step 0] loss=0.0687 (ctc=0.0013, att=0.0976) grad=1.04  lr=1.05e-05 | ⏱️ 1.60s/step - ETA: 0m0s
✅ Epoch 8 hoàn tất trong 6m19s
💾 Đã lưu checkpoint: checkpoints/epoch8.pt
🎯 Dev WER (CTC): 2.60%

🌀 Epoch 9 bắt đầu...
[Epoch 9 Step 1/59 | Global-Step 0] loss=0.0493 (ctc=0.0070, att=0.0674) grad=0.08  lr=1.03e-05 | ⏱️ 6.28s/step - ETA: 6m4s
[Epoch 9 Step 2/59 | Global-Step 0] loss=0.0472 (ctc=0.0082, att=0.0639) grad=0.17  lr=1.01e-05 | ⏱️ 6.43s/step - ETA: 6m6s
[Epoch 9 Step 3/59 | Global-Step 0] loss=0.0169 (ctc=0.0049, att=0.0220) grad=0.07  lr=9.99e-06 | ⏱️ 6.45s/step - ETA: 6m1s
[Epoch 9 Step 4/59 | Global-Step 0] loss=0.0092 (ctc=0.0012, att=0.0126) grad=0.04  lr=9.84e-06 | ⏱️ 6.47s/step - ETA: 5m56s
[Epoch 9 Step 5/59 | Global-Step 0] loss=0.0105 (ctc=0.0004, att=0.0149) grad=0.02  lr=9.69e-06 | ⏱️ 6.34s/step - ETA: 5m42s
[Epoch 9 Step 6/59 | Global-Step 0] loss=0.0221 (ctc=0.0100, att=0.0273) grad=0.17  lr=9.54e-06 | ⏱️ 6.38s/step - ETA: 5m37s
[Epoch 9 Step 7/59 | Global-Step 0] loss=0.0118 (ctc=0.0003, att=0.0167) grad=0.04  lr=9.40e-06 | ⏱️ 6.47s/step - ETA: 5m36s
[Epoch 9 Step 8/59 | Global-Step 0] loss=0.0242 (ctc=0.0051, att=0.0324) grad=0.12  lr=9.25e-06 | ⏱️ 6.41s/step - ETA: 5m26s
[Epoch 9 Step 9/59 | Global-Step 0] loss=0.0081 (ctc=0.0003, att=0.0115) grad=0.02  lr=9.11e-06 | ⏱️ 6.28s/step - ETA: 5m13s
[Epoch 9 Step 10/59 | Global-Step 0] loss=0.0425 (ctc=0.0058, att=0.0583) grad=0.07  lr=8.96e-06 | ⏱️ 6.40s/step - ETA: 5m13s
[Epoch 9 Step 11/59 | Global-Step 0] loss=0.0102 (ctc=0.0005, att=0.0144) grad=0.03  lr=8.82e-06 | ⏱️ 6.47s/step - ETA: 5m10s
[Epoch 9 Step 12/59 | Global-Step 0] loss=0.0471 (ctc=0.0072, att=0.0642) grad=0.15  lr=8.68e-06 | ⏱️ 6.36s/step - ETA: 4m58s
[Epoch 9 Step 13/59 | Global-Step 0] loss=0.0331 (ctc=0.0039, att=0.0457) grad=0.07  lr=8.54e-06 | ⏱️ 6.24s/step - ETA: 4m47s
[Epoch 9 Step 14/59 | Global-Step 0] loss=0.0271 (ctc=0.0015, att=0.0380) grad=0.07  lr=8.40e-06 | ⏱️ 6.48s/step - ETA: 4m51s
[Epoch 9 Step 15/59 | Global-Step 0] loss=0.0148 (ctc=0.0019, att=0.0203) grad=0.08  lr=8.26e-06 | ⏱️ 6.46s/step - ETA: 4m44s
[Epoch 9 Step 16/59 | Global-Step 0] loss=0.0302 (ctc=0.0033, att=0.0417) grad=0.07  lr=8.12e-06 | ⏱️ 6.34s/step - ETA: 4m32s
[Epoch 9 Step 17/59 | Global-Step 0] loss=0.0126 (ctc=0.0008, att=0.0176) grad=0.04  lr=7.99e-06 | ⏱️ 6.48s/step - ETA: 4m32s
[Epoch 9 Step 18/59 | Global-Step 0] loss=0.0436 (ctc=0.0059, att=0.0598) grad=0.24  lr=7.85e-06 | ⏱️ 6.39s/step - ETA: 4m22s
[Epoch 9 Step 19/59 | Global-Step 0] loss=0.0128 (ctc=0.0004, att=0.0182) grad=0.03  lr=7.72e-06 | ⏱️ 6.49s/step - ETA: 4m19s
[Epoch 9 Step 20/59 | Global-Step 0] loss=0.0136 (ctc=0.0013, att=0.0189) grad=0.06  lr=7.59e-06 | ⏱️ 6.27s/step - ETA: 4m4s
[Epoch 9 Step 21/59 | Global-Step 0] loss=0.0097 (ctc=0.0009, att=0.0135) grad=0.04  lr=7.46e-06 | ⏱️ 6.40s/step - ETA: 4m3s
[Epoch 9 Step 22/59 | Global-Step 0] loss=0.0154 (ctc=0.0011, att=0.0215) grad=0.06  lr=7.33e-06 | ⏱️ 6.46s/step - ETA: 3m59s
[Epoch 9 Step 23/59 | Global-Step 0] loss=0.0296 (ctc=0.0060, att=0.0398) grad=0.05  lr=7.20e-06 | ⏱️ 6.46s/step - ETA: 3m52s
[Epoch 9 Step 24/59 | Global-Step 0] loss=0.0156 (ctc=0.0011, att=0.0218) grad=0.05  lr=7.07e-06 | ⏱️ 6.27s/step - ETA: 3m39s
[Epoch 9 Step 25/59 | Global-Step 0] loss=0.0522 (ctc=0.0082, att=0.0710) grad=0.11  lr=6.95e-06 | ⏱️ 6.41s/step - ETA: 3m37s
[Epoch 9 Step 26/59 | Global-Step 0] loss=0.0083 (ctc=0.0004, att=0.0117) grad=0.03  lr=6.82e-06 | ⏱️ 6.48s/step - ETA: 3m33s
[Epoch 9 Step 27/59 | Global-Step 0] loss=0.0106 (ctc=0.0024, att=0.0142) grad=0.02  lr=6.70e-06 | ⏱️ 6.30s/step - ETA: 3m21s
[Epoch 9 Step 28/59 | Global-Step 0] loss=0.0435 (ctc=0.0066, att=0.0593) grad=0.07  lr=6.58e-06 | ⏱️ 6.47s/step - ETA: 3m20s
[Epoch 9 Step 29/59 | Global-Step 0] loss=0.0233 (ctc=0.0053, att=0.0311) grad=0.09  lr=6.46e-06 | ⏱️ 6.42s/step - ETA: 3m12s
[Epoch 9 Step 30/59 | Global-Step 0] loss=0.0139 (ctc=0.0034, att=0.0184) grad=0.04  lr=6.34e-06 | ⏱️ 6.42s/step - ETA: 3m6s
[Epoch 9 Step 31/59 | Global-Step 0] loss=0.0292 (ctc=0.0032, att=0.0404) grad=0.09  lr=6.22e-06 | ⏱️ 6.41s/step - ETA: 2m59s
[Epoch 9 Step 32/59 | Global-Step 0] loss=0.0263 (ctc=0.0102, att=0.0332) grad=0.09  lr=6.10e-06 | ⏱️ 6.40s/step - ETA: 2m52s
[Epoch 9 Step 33/59 | Global-Step 0] loss=0.0130 (ctc=0.0004, att=0.0185) grad=0.04  lr=5.98e-06 | ⏱️ 6.47s/step - ETA: 2m48s
[Epoch 9 Step 34/59 | Global-Step 0] loss=0.0091 (ctc=0.0004, att=0.0128) grad=0.03  lr=5.87e-06 | ⏱️ 6.40s/step - ETA: 2m40s
[Epoch 9 Step 35/59 | Global-Step 0] loss=0.0319 (ctc=0.0041, att=0.0439) grad=0.07  lr=5.76e-06 | ⏱️ 6.35s/step - ETA: 2m32s
[Epoch 9 Step 36/59 | Global-Step 0] loss=0.0194 (ctc=0.0020, att=0.0269) grad=0.08  lr=5.64e-06 | ⏱️ 6.40s/step - ETA: 2m27s
[Epoch 9 Step 37/59 | Global-Step 0] loss=0.0109 (ctc=0.0008, att=0.0152) grad=0.03  lr=5.53e-06 | ⏱️ 6.48s/step - ETA: 2m22s
[Epoch 9 Step 38/59 | Global-Step 0] loss=0.0126 (ctc=0.0016, att=0.0174) grad=0.05  lr=5.42e-06 | ⏱️ 6.51s/step - ETA: 2m16s
[Epoch 9 Step 39/59 | Global-Step 0] loss=0.0358 (ctc=0.0124, att=0.0458) grad=0.14  lr=5.32e-06 | ⏱️ 6.28s/step - ETA: 2m5s
[Epoch 9 Step 40/59 | Global-Step 0] loss=0.0210 (ctc=0.0021, att=0.0291) grad=0.08  lr=5.21e-06 | ⏱️ 6.47s/step - ETA: 2m2s
[Epoch 9 Step 41/59 | Global-Step 0] loss=0.0234 (ctc=0.0062, att=0.0307) grad=0.09  lr=5.10e-06 | ⏱️ 6.50s/step - ETA: 1m56s
[Epoch 9 Step 42/59 | Global-Step 0] loss=0.0126 (ctc=0.0007, att=0.0177) grad=0.07  lr=5.00e-06 | ⏱️ 6.37s/step - ETA: 1m48s
[Epoch 9 Step 43/59 | Global-Step 0] loss=0.0427 (ctc=0.0094, att=0.0570) grad=0.19  lr=4.90e-06 | ⏱️ 6.48s/step - ETA: 1m43s
[Epoch 9 Step 44/59 | Global-Step 0] loss=0.0347 (ctc=0.0125, att=0.0442) grad=0.09  lr=4.79e-06 | ⏱️ 6.42s/step - ETA: 1m36s
[Epoch 9 Step 45/59 | Global-Step 0] loss=0.0393 (ctc=0.0045, att=0.0542) grad=0.11  lr=4.69e-06 | ⏱️ 6.42s/step - ETA: 1m29s
[Epoch 9 Step 46/59 | Global-Step 0] loss=0.0104 (ctc=0.0007, att=0.0145) grad=0.05  lr=4.59e-06 | ⏱️ 6.28s/step - ETA: 1m21s
[Epoch 9 Step 47/59 | Global-Step 0] loss=0.0240 (ctc=0.0021, att=0.0334) grad=0.07  lr=4.50e-06 | ⏱️ 6.50s/step - ETA: 1m17s
[Epoch 9 Step 48/59 | Global-Step 0] loss=0.0302 (ctc=0.0039, att=0.0415) grad=0.09  lr=4.40e-06 | ⏱️ 6.41s/step - ETA: 1m10s
[Epoch 9 Step 49/59 | Global-Step 0] loss=0.0392 (ctc=0.0061, att=0.0534) grad=0.10  lr=4.30e-06 | ⏱️ 6.44s/step - ETA: 1m4s
[Epoch 9 Step 50/59 | Global-Step 0] loss=0.0171 (ctc=0.0047, att=0.0224) grad=0.09  lr=4.21e-06 | ⏱️ 5.94s/step - ETA: 0m53s
[Epoch 9 Step 51/59 | Global-Step 0] loss=0.0451 (ctc=0.0066, att=0.0616) grad=0.09  lr=4.12e-06 | ⏱️ 6.42s/step - ETA: 0m51s
[Epoch 9 Step 52/59 | Global-Step 0] loss=0.0128 (ctc=0.0038, att=0.0167) grad=0.05  lr=4.03e-06 | ⏱️ 6.47s/step - ETA: 0m45s
[Epoch 9 Step 53/59 | Global-Step 0] loss=0.0127 (ctc=0.0019, att=0.0174) grad=0.05  lr=3.94e-06 | ⏱️ 6.44s/step - ETA: 0m38s
[Epoch 9 Step 54/59 | Global-Step 0] loss=0.0065 (ctc=0.0002, att=0.0092) grad=0.01  lr=3.85e-06 | ⏱️ 6.29s/step - ETA: 0m31s
[Epoch 9 Step 55/59 | Global-Step 0] loss=0.0264 (ctc=0.0058, att=0.0353) grad=0.11  lr=3.76e-06 | ⏱️ 6.42s/step - ETA: 0m25s
[Epoch 9 Step 56/59 | Global-Step 0] loss=0.0184 (ctc=0.0008, att=0.0260) grad=0.38  lr=3.67e-06 | ⏱️ 6.41s/step - ETA: 0m19s
[Epoch 9 Step 57/59 | Global-Step 0] loss=0.0577 (ctc=0.0057, att=0.0800) grad=0.15  lr=3.59e-06 | ⏱️ 6.33s/step - ETA: 0m12s
[Epoch 9 Step 58/59 | Global-Step 0] loss=0.0202 (ctc=0.0020, att=0.0280) grad=0.08  lr=3.50e-06 | ⏱️ 6.41s/step - ETA: 0m6s
[Epoch 9 Step 59/59 | Global-Step 0] loss=0.0259 (ctc=0.0011, att=0.0366) grad=0.14  lr=3.42e-06 | ⏱️ 1.60s/step - ETA: 0m0s
✅ Epoch 9 hoàn tất trong 6m19s
💾 Đã lưu checkpoint: checkpoints/epoch9.pt
🎯 Dev WER (CTC): 2.45%

🌀 Epoch 10 bắt đầu...
[Epoch 10 Step 1/59 | Global-Step 0] loss=0.0286 (ctc=0.0047, att=0.0388) grad=0.07  lr=3.34e-06 | ⏱️ 6.29s/step - ETA: 6m5s
[Epoch 10 Step 2/59 | Global-Step 0] loss=0.0115 (ctc=0.0021, att=0.0155) grad=0.06  lr=3.26e-06 | ⏱️ 6.34s/step - ETA: 6m1s
[Epoch 10 Step 3/59 | Global-Step 0] loss=0.0213 (ctc=0.0056, att=0.0280) grad=0.09  lr=3.18e-06 | ⏱️ 6.39s/step - ETA: 5m57s
[Epoch 10 Step 4/59 | Global-Step 0] loss=0.0155 (ctc=0.0009, att=0.0217) grad=0.06  lr=3.11e-06 | ⏱️ 6.50s/step - ETA: 5m57s
[Epoch 10 Step 5/59 | Global-Step 0] loss=0.0149 (ctc=0.0026, att=0.0202) grad=0.05  lr=3.03e-06 | ⏱️ 6.24s/step - ETA: 5m36s
[Epoch 10 Step 6/59 | Global-Step 0] loss=0.0126 (ctc=0.0007, att=0.0176) grad=0.05  lr=2.96e-06 | ⏱️ 6.43s/step - ETA: 5m40s
[Epoch 10 Step 7/59 | Global-Step 0] loss=0.0125 (ctc=0.0018, att=0.0171) grad=0.04  lr=2.89e-06 | ⏱️ 6.39s/step - ETA: 5m32s
[Epoch 10 Step 8/59 | Global-Step 0] loss=0.0075 (ctc=0.0009, att=0.0103) grad=0.05  lr=2.81e-06 | ⏱️ 6.23s/step - ETA: 5m17s
[Epoch 10 Step 9/59 | Global-Step 0] loss=0.0495 (ctc=0.0127, att=0.0652) grad=0.08  lr=2.74e-06 | ⏱️ 6.46s/step - ETA: 5m22s
[Epoch 10 Step 10/59 | Global-Step 0] loss=0.0115 (ctc=0.0004, att=0.0162) grad=0.03  lr=2.68e-06 | ⏱️ 6.44s/step - ETA: 5m15s
[Epoch 10 Step 11/59 | Global-Step 0] loss=0.0124 (ctc=0.0008, att=0.0174) grad=0.06  lr=2.61e-06 | ⏱️ 6.24s/step - ETA: 4m59s
[Epoch 10 Step 12/59 | Global-Step 0] loss=0.0117 (ctc=0.0004, att=0.0166) grad=0.03  lr=2.54e-06 | ⏱️ 6.37s/step - ETA: 4m59s
[Epoch 10 Step 13/59 | Global-Step 0] loss=0.0454 (ctc=0.0039, att=0.0633) grad=0.08  lr=2.48e-06 | ⏱️ 6.34s/step - ETA: 4m51s
[Epoch 10 Step 14/59 | Global-Step 0] loss=0.0123 (ctc=0.0012, att=0.0171) grad=0.04  lr=2.41e-06 | ⏱️ 6.38s/step - ETA: 4m46s
[Epoch 10 Step 15/59 | Global-Step 0] loss=0.0110 (ctc=0.0029, att=0.0145) grad=0.03  lr=2.35e-06 | ⏱️ 6.25s/step - ETA: 4m34s
[Epoch 10 Step 16/59 | Global-Step 0] loss=0.0161 (ctc=0.0033, att=0.0216) grad=0.06  lr=2.29e-06 | ⏱️ 6.45s/step - ETA: 4m37s
[Epoch 10 Step 17/59 | Global-Step 0] loss=0.0385 (ctc=0.0049, att=0.0529) grad=0.10  lr=2.23e-06 | ⏱️ 6.39s/step - ETA: 4m28s
[Epoch 10 Step 18/59 | Global-Step 0] loss=0.0284 (ctc=0.0024, att=0.0395) grad=0.07  lr=2.17e-06 | ⏱️ 6.34s/step - ETA: 4m19s
[Epoch 10 Step 19/59 | Global-Step 0] loss=0.0134 (ctc=0.0041, att=0.0175) grad=0.13  lr=2.12e-06 | ⏱️ 6.28s/step - ETA: 4m11s
[Epoch 10 Step 20/59 | Global-Step 0] loss=0.0168 (ctc=0.0049, att=0.0220) grad=0.07  lr=2.06e-06 | ⏱️ 6.46s/step - ETA: 4m11s
[Epoch 10 Step 21/59 | Global-Step 0] loss=0.0605 (ctc=0.0088, att=0.0827) grad=0.13  lr=2.01e-06 | ⏱️ 6.46s/step - ETA: 4m5s
[Epoch 10 Step 22/59 | Global-Step 0] loss=0.0377 (ctc=0.0146, att=0.0477) grad=0.13  lr=1.96e-06 | ⏱️ 6.39s/step - ETA: 3m56s
[Epoch 10 Step 23/59 | Global-Step 0] loss=0.0565 (ctc=0.0147, att=0.0744) grad=0.07  lr=1.91e-06 | ⏱️ 6.29s/step - ETA: 3m46s
[Epoch 10 Step 24/59 | Global-Step 0] loss=0.0179 (ctc=0.0076, att=0.0223) grad=0.07  lr=1.86e-06 | ⏱️ 6.44s/step - ETA: 3m45s
[Epoch 10 Step 25/59 | Global-Step 0] loss=0.0164 (ctc=0.0029, att=0.0222) grad=0.07  lr=1.81e-06 | ⏱️ 6.41s/step - ETA: 3m38s
[Epoch 10 Step 26/59 | Global-Step 0] loss=0.0324 (ctc=0.0047, att=0.0443) grad=0.08  lr=1.76e-06 | ⏱️ 6.32s/step - ETA: 3m28s
[Epoch 10 Step 27/59 | Global-Step 0] loss=0.0335 (ctc=0.0032, att=0.0465) grad=0.05  lr=1.72e-06 | ⏱️ 6.41s/step - ETA: 3m25s
[Epoch 10 Step 28/59 | Global-Step 0] loss=0.0396 (ctc=0.0062, att=0.0539) grad=0.07  lr=1.67e-06 | ⏱️ 6.44s/step - ETA: 3m19s
[Epoch 10 Step 29/59 | Global-Step 0] loss=0.0100 (ctc=0.0007, att=0.0140) grad=0.03  lr=1.63e-06 | ⏱️ 6.41s/step - ETA: 3m12s
[Epoch 10 Step 30/59 | Global-Step 0] loss=0.0224 (ctc=0.0019, att=0.0312) grad=0.24  lr=1.59e-06 | ⏱️ 6.32s/step - ETA: 3m3s
[Epoch 10 Step 31/59 | Global-Step 0] loss=0.0076 (ctc=0.0002, att=0.0107) grad=0.02  lr=1.55e-06 | ⏱️ 6.41s/step - ETA: 2m59s
[Epoch 10 Step 32/59 | Global-Step 0] loss=0.0429 (ctc=0.0035, att=0.0598) grad=0.14  lr=1.51e-06 | ⏱️ 6.46s/step - ETA: 2m54s
[Epoch 10 Step 33/59 | Global-Step 0] loss=0.0351 (ctc=0.0063, att=0.0474) grad=0.11  lr=1.47e-06 | ⏱️ 6.48s/step - ETA: 2m48s
[Epoch 10 Step 34/59 | Global-Step 0] loss=0.0273 (ctc=0.0047, att=0.0370) grad=0.11  lr=1.44e-06 | ⏱️ 6.26s/step - ETA: 2m36s
[Epoch 10 Step 35/59 | Global-Step 0] loss=0.0237 (ctc=0.0029, att=0.0327) grad=0.09  lr=1.40e-06 | ⏱️ 6.46s/step - ETA: 2m35s
[Epoch 10 Step 36/59 | Global-Step 0] loss=0.0182 (ctc=0.0038, att=0.0244) grad=0.10  lr=1.37e-06 | ⏱️ 6.41s/step - ETA: 2m27s
[Epoch 10 Step 37/59 | Global-Step 0] loss=0.0108 (ctc=0.0010, att=0.0150) grad=0.03  lr=1.34e-06 | ⏱️ 6.26s/step - ETA: 2m17s
[Epoch 10 Step 38/59 | Global-Step 0] loss=0.0111 (ctc=0.0005, att=0.0156) grad=0.03  lr=1.31e-06 | ⏱️ 6.38s/step - ETA: 2m14s
[Epoch 10 Step 39/59 | Global-Step 0] loss=0.0330 (ctc=0.0012, att=0.0466) grad=0.04  lr=1.28e-06 | ⏱️ 6.42s/step - ETA: 2m8s
[Epoch 10 Step 40/59 | Global-Step 0] loss=0.0232 (ctc=0.0047, att=0.0312) grad=0.08  lr=1.25e-06 | ⏱️ 6.48s/step - ETA: 2m3s
[Epoch 10 Step 41/59 | Global-Step 0] loss=0.0086 (ctc=0.0003, att=0.0121) grad=0.03  lr=1.23e-06 | ⏱️ 6.27s/step - ETA: 1m52s
[Epoch 10 Step 42/59 | Global-Step 0] loss=0.0377 (ctc=0.0066, att=0.0511) grad=0.05  lr=1.20e-06 | ⏱️ 6.39s/step - ETA: 1m48s
[Epoch 10 Step 43/59 | Global-Step 0] loss=0.0144 (ctc=0.0029, att=0.0194) grad=0.05  lr=1.18e-06 | ⏱️ 6.51s/step - ETA: 1m44s
[Epoch 10 Step 44/59 | Global-Step 0] loss=0.0144 (ctc=0.0006, att=0.0204) grad=0.05  lr=1.16e-06 | ⏱️ 6.48s/step - ETA: 1m37s
[Epoch 10 Step 45/59 | Global-Step 0] loss=0.0117 (ctc=0.0013, att=0.0162) grad=0.04  lr=1.14e-06 | ⏱️ 6.34s/step - ETA: 1m28s
[Epoch 10 Step 46/59 | Global-Step 0] loss=0.0290 (ctc=0.0081, att=0.0379) grad=0.07  lr=1.12e-06 | ⏱️ 6.49s/step - ETA: 1m24s
[Epoch 10 Step 47/59 | Global-Step 0] loss=0.0195 (ctc=0.0022, att=0.0268) grad=0.08  lr=1.10e-06 | ⏱️ 6.42s/step - ETA: 1m17s
[Epoch 10 Step 48/59 | Global-Step 0] loss=0.0212 (ctc=0.0075, att=0.0271) grad=0.11  lr=1.08e-06 | ⏱️ 6.55s/step - ETA: 1m12s
[Epoch 10 Step 49/59 | Global-Step 0] loss=0.0136 (ctc=0.0015, att=0.0187) grad=0.05  lr=1.07e-06 | ⏱️ 6.35s/step - ETA: 1m3s
[Epoch 10 Step 50/59 | Global-Step 0] loss=0.0081 (ctc=0.0009, att=0.0112) grad=0.03  lr=1.06e-06 | ⏱️ 6.44s/step - ETA: 0m57s
[Epoch 10 Step 51/59 | Global-Step 0] loss=0.0234 (ctc=0.0073, att=0.0304) grad=0.08  lr=1.04e-06 | ⏱️ 6.42s/step - ETA: 0m51s
[Epoch 10 Step 52/59 | Global-Step 0] loss=0.0132 (ctc=0.0007, att=0.0186) grad=0.09  lr=1.03e-06 | ⏱️ 6.35s/step - ETA: 0m44s
[Epoch 10 Step 53/59 | Global-Step 0] loss=0.0164 (ctc=0.0017, att=0.0227) grad=0.06  lr=1.03e-06 | ⏱️ 6.41s/step - ETA: 0m38s
[Epoch 10 Step 54/59 | Global-Step 0] loss=0.0308 (ctc=0.0026, att=0.0429) grad=0.10  lr=1.02e-06 | ⏱️ 6.40s/step - ETA: 0m31s
[Epoch 10 Step 55/59 | Global-Step 0] loss=0.0362 (ctc=0.0031, att=0.0503) grad=0.11  lr=1.01e-06 | ⏱️ 6.45s/step - ETA: 0m25s
[Epoch 10 Step 56/59 | Global-Step 0] loss=0.0798 (ctc=0.0068, att=0.1111) grad=0.13  lr=1.01e-06 | ⏱️ 6.28s/step - ETA: 0m18s
[Epoch 10 Step 57/59 | Global-Step 0] loss=0.0216 (ctc=0.0054, att=0.0285) grad=0.09  lr=1.00e-06 | ⏱️ 6.43s/step - ETA: 0m12s
[Epoch 10 Step 58/59 | Global-Step 0] loss=0.0074 (ctc=0.0004, att=0.0104) grad=0.02  lr=1.00e-06 | ⏱️ 6.41s/step - ETA: 0m6s
[Epoch 10 Step 59/59 | Global-Step 0] loss=0.0418 (ctc=0.0012, att=0.0592) grad=0.19  lr=1.00e-06 | ⏱️ 1.69s/step - ETA: 0m0s
✅ Epoch 10 hoàn tất trong 6m19s
💾 Đã lưu checkpoint: checkpoints/epoch10.pt
🎯 Dev WER (CTC): 2.45%
