nohup: ignoring input
⚙️  Running in smoke mode with ratio=1
==================================
../../../vpb_dataset
==================================
==================================
../../../vpb_dataset
==================================
[2025-07-22 14:24:49] INFO: Checkpoint: loading from checkpoint ../../../chunkformer-large-vie/pytorch_model.bin for GPU

🧾 Loaded checkpoint from: ../../../chunkformer-large-vie/pytorch_model.bin
📦 Checkpoint keys: ['encoder.global_cmvn.mean', 'encoder.global_cmvn.istd', 'encoder.embed.out.weight', 'encoder.embed.out.bias', 'encoder.embed.conv.0.weight'] ... (total 813)
🔍 AED decoder head included in checkpoint? ✅ YES
📊 Model total params: 113,852,240, trainable: 113,852,240
!!!Vocab size: 6992
💻 Sử dụng thiết bị: cuda
🔧 Mô hình đang ở thiết bị: cuda:0
⚠️ Mô hình không được chuyển sang thiết bị đúng!

🧪 Đánh giá mô hình trước khi fine-tune:
🎯 Dev WER (CTC): 33.63%
🌐 Global WER           : 21.44%

🧪 Đánh giá mô hình trên tập train:
🎯 Dev WER (CTC): 32.16%
🌐 Global WER           : 19.89%

🌀 Epoch 1 bắt đầu...
[Epoch 1 Step 1/214 | Global-Step 0] loss=0.8892 (ctc=0.7309, att=0.9570) grad=2.70  lr=1.00e-04 | ⏱️ 6.84s/step - ETA: 24m16s
[Epoch 1 Step 2/214 | Global-Step 0] loss=0.7338 (ctc=0.7067, att=0.7454) grad=2.28  lr=1.00e-04 | ⏱️ 6.21s/step - ETA: 21m56s
[Epoch 1 Step 3/214 | Global-Step 0] loss=0.5916 (ctc=0.5711, att=0.6004) grad=1.97  lr=1.00e-04 | ⏱️ 6.26s/step - ETA: 22m0s
[Epoch 1 Step 4/214 | Global-Step 0] loss=0.6063 (ctc=0.5929, att=0.6120) grad=2.00  lr=1.00e-04 | ⏱️ 6.26s/step - ETA: 21m54s
[Epoch 1 Step 5/214 | Global-Step 0] loss=0.4954 (ctc=0.2192, att=0.6138) grad=1.41  lr=1.00e-04 | ⏱️ 6.23s/step - ETA: 21m42s
[Epoch 1 Step 6/214 | Global-Step 0] loss=0.3490 (ctc=0.2842, att=0.3768) grad=1.04  lr=1.00e-04 | ⏱️ 6.22s/step - ETA: 21m33s
[Epoch 1 Step 7/214 | Global-Step 0] loss=0.2575 (ctc=0.1144, att=0.3189) grad=1.16  lr=9.99e-05 | ⏱️ 6.28s/step - ETA: 21m39s
[Epoch 1 Step 8/214 | Global-Step 0] loss=0.3271 (ctc=0.1264, att=0.4132) grad=0.87  lr=9.99e-05 | ⏱️ 5.91s/step - ETA: 20m16s
[Epoch 1 Step 9/214 | Global-Step 0] loss=0.5309 (ctc=0.1310, att=0.7023) grad=1.07  lr=9.99e-05 | ⏱️ 5.88s/step - ETA: 20m5s
[Epoch 1 Step 10/214 | Global-Step 0] loss=0.5424 (ctc=0.0978, att=0.7329) grad=1.25  lr=9.99e-05 | ⏱️ 6.19s/step - ETA: 21m3s
[Epoch 1 Step 11/214 | Global-Step 0] loss=0.3133 (ctc=0.0550, att=0.4240) grad=1.14  lr=9.98e-05 | ⏱️ 6.28s/step - ETA: 21m15s
[Epoch 1 Step 12/214 | Global-Step 0] loss=0.3682 (ctc=0.1583, att=0.4581) grad=0.92  lr=9.98e-05 | ⏱️ 6.25s/step - ETA: 21m3s
[Epoch 1 Step 13/214 | Global-Step 0] loss=0.2450 (ctc=0.0676, att=0.3211) grad=0.74  lr=9.98e-05 | ⏱️ 6.31s/step - ETA: 21m8s
[Epoch 1 Step 14/214 | Global-Step 0] loss=0.2834 (ctc=0.0781, att=0.3714) grad=0.97  lr=9.97e-05 | ⏱️ 5.75s/step - ETA: 19m10s
[Epoch 1 Step 15/214 | Global-Step 0] loss=0.2747 (ctc=0.0628, att=0.3656) grad=0.92  lr=9.97e-05 | ⏱️ 6.26s/step - ETA: 20m45s
[Epoch 1 Step 16/214 | Global-Step 0] loss=0.2532 (ctc=0.0918, att=0.3224) grad=0.64  lr=9.97e-05 | ⏱️ 6.28s/step - ETA: 20m42s
[Epoch 1 Step 17/214 | Global-Step 0] loss=0.2207 (ctc=0.1022, att=0.2715) grad=1.18  lr=9.96e-05 | ⏱️ 6.27s/step - ETA: 20m34s
[Epoch 1 Step 18/214 | Global-Step 0] loss=0.2226 (ctc=0.0476, att=0.2976) grad=1.20  lr=9.96e-05 | ⏱️ 6.22s/step - ETA: 20m19s
[Epoch 1 Step 19/214 | Global-Step 0] loss=0.2985 (ctc=0.0335, att=0.4120) grad=0.78  lr=9.95e-05 | ⏱️ 6.24s/step - ETA: 20m17s
[Epoch 1 Step 20/214 | Global-Step 0] loss=0.3846 (ctc=0.0794, att=0.5154) grad=1.09  lr=9.95e-05 | ⏱️ 6.31s/step - ETA: 20m24s
[Epoch 1 Step 21/214 | Global-Step 0] loss=0.3156 (ctc=0.1444, att=0.3889) grad=0.98  lr=9.94e-05 | ⏱️ 5.88s/step - ETA: 18m55s
[Epoch 1 Step 22/214 | Global-Step 0] loss=0.3266 (ctc=0.0717, att=0.4358) grad=0.76  lr=9.94e-05 | ⏱️ 6.14s/step - ETA: 19m39s
[Epoch 1 Step 23/214 | Global-Step 0] loss=0.3224 (ctc=0.0762, att=0.4279) grad=0.94  lr=9.93e-05 | ⏱️ 5.91s/step - ETA: 18m48s
[Epoch 1 Step 24/214 | Global-Step 0] loss=0.3538 (ctc=0.0789, att=0.4716) grad=1.20  lr=9.92e-05 | ⏱️ 5.88s/step - ETA: 18m37s
[Epoch 1 Step 25/214 | Global-Step 0] loss=0.2521 (ctc=0.1053, att=0.3150) grad=0.70  lr=9.92e-05 | ⏱️ 5.89s/step - ETA: 18m33s
[Epoch 1 Step 26/214 | Global-Step 0] loss=0.1438 (ctc=0.0244, att=0.1950) grad=0.57  lr=9.91e-05 | ⏱️ 6.12s/step - ETA: 19m10s
[Epoch 1 Step 27/214 | Global-Step 0] loss=0.2420 (ctc=0.0973, att=0.3040) grad=0.79  lr=9.90e-05 | ⏱️ 5.95s/step - ETA: 18m32s
[Epoch 1 Step 28/214 | Global-Step 0] loss=0.1216 (ctc=0.0548, att=0.1502) grad=0.63  lr=9.90e-05 | ⏱️ 6.26s/step - ETA: 19m24s
[Epoch 1 Step 29/214 | Global-Step 0] loss=0.2879 (ctc=0.0803, att=0.3769) grad=0.78  lr=9.89e-05 | ⏱️ 6.28s/step - ETA: 19m22s
[Epoch 1 Step 30/214 | Global-Step 0] loss=0.2230 (ctc=0.0406, att=0.3012) grad=0.79  lr=9.88e-05 | ⏱️ 6.13s/step - ETA: 18m47s
[Epoch 1 Step 31/214 | Global-Step 0] loss=0.3192 (ctc=0.0810, att=0.4212) grad=1.18  lr=9.87e-05 | ⏱️ 6.30s/step - ETA: 19m12s
[Epoch 1 Step 32/214 | Global-Step 0] loss=0.4450 (ctc=0.1137, att=0.5869) grad=1.11  lr=9.86e-05 | ⏱️ 6.27s/step - ETA: 19m1s
[Epoch 1 Step 33/214 | Global-Step 0] loss=0.2324 (ctc=0.0671, att=0.3033) grad=0.90  lr=9.86e-05 | ⏱️ 5.77s/step - ETA: 17m24s
[Epoch 1 Step 34/214 | Global-Step 0] loss=0.3075 (ctc=0.0376, att=0.4232) grad=0.81  lr=9.85e-05 | ⏱️ 6.29s/step - ETA: 18m51s
[Epoch 1 Step 35/214 | Global-Step 0] loss=0.2799 (ctc=0.0446, att=0.3808) grad=0.67  lr=9.84e-05 | ⏱️ 6.25s/step - ETA: 18m38s
[Epoch 1 Step 36/214 | Global-Step 0] loss=0.1400 (ctc=0.0271, att=0.1884) grad=0.64  lr=9.83e-05 | ⏱️ 6.34s/step - ETA: 18m49s
[Epoch 1 Step 37/214 | Global-Step 0] loss=0.3263 (ctc=0.0881, att=0.4284) grad=0.84  lr=9.82e-05 | ⏱️ 5.75s/step - ETA: 16m57s
[Epoch 1 Step 38/214 | Global-Step 0] loss=0.1205 (ctc=0.0360, att=0.1567) grad=0.71  lr=9.81e-05 | ⏱️ 6.25s/step - ETA: 18m19s
[Epoch 1 Step 39/214 | Global-Step 0] loss=0.2974 (ctc=0.0535, att=0.4019) grad=0.99  lr=9.80e-05 | ⏱️ 6.34s/step - ETA: 18m29s
[Epoch 1 Step 40/214 | Global-Step 0] loss=0.1477 (ctc=0.0522, att=0.1887) grad=0.58  lr=9.79e-05 | ⏱️ 5.90s/step - ETA: 17m6s
[Epoch 1 Step 41/214 | Global-Step 0] loss=0.1872 (ctc=0.0397, att=0.2505) grad=0.60  lr=9.78e-05 | ⏱️ 5.76s/step - ETA: 16m36s
[Epoch 1 Step 42/214 | Global-Step 0] loss=0.3258 (ctc=0.0485, att=0.4446) grad=0.88  lr=9.77e-05 | ⏱️ 6.28s/step - ETA: 17m59s
[Epoch 1 Step 43/214 | Global-Step 0] loss=0.1900 (ctc=0.0383, att=0.2551) grad=0.69  lr=9.76e-05 | ⏱️ 6.26s/step - ETA: 17m50s
[Epoch 1 Step 44/214 | Global-Step 0] loss=0.3822 (ctc=0.1427, att=0.4848) grad=1.14  lr=9.74e-05 | ⏱️ 5.89s/step - ETA: 16m41s
[Epoch 1 Step 45/214 | Global-Step 0] loss=0.2518 (ctc=0.0653, att=0.3318) grad=0.85  lr=9.73e-05 | ⏱️ 6.13s/step - ETA: 17m15s
[Epoch 1 Step 46/214 | Global-Step 0] loss=0.1049 (ctc=0.0168, att=0.1427) grad=0.54  lr=9.72e-05 | ⏱️ 6.27s/step - ETA: 17m32s
[Epoch 1 Step 47/214 | Global-Step 0] loss=0.3824 (ctc=0.0598, att=0.5206) grad=0.93  lr=9.71e-05 | ⏱️ 6.34s/step - ETA: 17m37s
[Epoch 1 Step 48/214 | Global-Step 0] loss=0.3765 (ctc=0.0938, att=0.4977) grad=0.91  lr=9.70e-05 | ⏱️ 6.16s/step - ETA: 17m1s
[Epoch 1 Step 49/214 | Global-Step 0] loss=0.1867 (ctc=0.0819, att=0.2317) grad=1.18  lr=9.68e-05 | ⏱️ 5.87s/step - ETA: 16m8s
[Epoch 1 Step 50/214 | Global-Step 0] loss=0.1694 (ctc=0.0367, att=0.2262) grad=0.49  lr=9.67e-05 | ⏱️ 6.26s/step - ETA: 17m7s
[Epoch 1 Step 51/214 | Global-Step 0] loss=0.1941 (ctc=0.0622, att=0.2507) grad=0.65  lr=9.66e-05 | ⏱️ 6.30s/step - ETA: 17m7s
[Epoch 1 Step 52/214 | Global-Step 0] loss=0.3341 (ctc=0.0577, att=0.4526) grad=0.91  lr=9.64e-05 | ⏱️ 6.23s/step - ETA: 16m49s
[Epoch 1 Step 53/214 | Global-Step 0] loss=0.1741 (ctc=0.0416, att=0.2308) grad=0.59  lr=9.63e-05 | ⏱️ 6.26s/step - ETA: 16m47s
[Epoch 1 Step 54/214 | Global-Step 0] loss=0.0895 (ctc=0.0297, att=0.1151) grad=0.57  lr=9.62e-05 | ⏱️ 5.92s/step - ETA: 15m46s
[Epoch 1 Step 55/214 | Global-Step 0] loss=0.1696 (ctc=0.0759, att=0.2097) grad=0.59  lr=9.60e-05 | ⏱️ 6.28s/step - ETA: 16m38s
[Epoch 1 Step 56/214 | Global-Step 0] loss=0.1192 (ctc=0.0326, att=0.1563) grad=0.61  lr=9.59e-05 | ⏱️ 6.12s/step - ETA: 16m7s
[Epoch 1 Step 57/214 | Global-Step 0] loss=0.1612 (ctc=0.0416, att=0.2124) grad=0.68  lr=9.57e-05 | ⏱️ 6.28s/step - ETA: 16m25s
[Epoch 1 Step 58/214 | Global-Step 0] loss=0.2088 (ctc=0.0534, att=0.2755) grad=0.62  lr=9.56e-05 | ⏱️ 6.27s/step - ETA: 16m17s
[Epoch 1 Step 59/214 | Global-Step 0] loss=0.2007 (ctc=0.0374, att=0.2707) grad=0.71  lr=9.54e-05 | ⏱️ 6.27s/step - ETA: 16m12s
[Epoch 1 Step 60/214 | Global-Step 0] loss=0.1999 (ctc=0.0399, att=0.2685) grad=0.85  lr=9.53e-05 | ⏱️ 6.16s/step - ETA: 15m48s
[Epoch 1 Step 61/214 | Global-Step 0] loss=0.3523 (ctc=0.0611, att=0.4770) grad=0.86  lr=9.51e-05 | ⏱️ 5.89s/step - ETA: 15m0s
[Epoch 1 Step 62/214 | Global-Step 0] loss=0.2306 (ctc=0.0265, att=0.3180) grad=0.71  lr=9.50e-05 | ⏱️ 5.88s/step - ETA: 14m54s
[Epoch 1 Step 63/214 | Global-Step 0] loss=0.2017 (ctc=0.0536, att=0.2652) grad=0.69  lr=9.48e-05 | ⏱️ 5.90s/step - ETA: 14m50s
[Epoch 1 Step 64/214 | Global-Step 0] loss=0.1503 (ctc=0.0330, att=0.2006) grad=0.78  lr=9.46e-05 | ⏱️ 6.13s/step - ETA: 15m19s
[Epoch 1 Step 65/214 | Global-Step 0] loss=0.2068 (ctc=0.0616, att=0.2691) grad=0.70  lr=9.45e-05 | ⏱️ 5.99s/step - ETA: 14m52s
[Epoch 1 Step 66/214 | Global-Step 0] loss=0.1496 (ctc=0.0545, att=0.1903) grad=0.60  lr=9.43e-05 | ⏱️ 5.92s/step - ETA: 14m36s
[Epoch 1 Step 67/214 | Global-Step 0] loss=0.2254 (ctc=0.0597, att=0.2964) grad=0.66  lr=9.41e-05 | ⏱️ 6.26s/step - ETA: 15m20s
[Epoch 1 Step 68/214 | Global-Step 0] loss=0.1786 (ctc=0.0574, att=0.2305) grad=0.57  lr=9.40e-05 | ⏱️ 6.13s/step - ETA: 14m55s
[Epoch 1 Step 69/214 | Global-Step 0] loss=0.3647 (ctc=0.0659, att=0.4928) grad=0.82  lr=9.38e-05 | ⏱️ 6.28s/step - ETA: 15m11s
[Epoch 1 Step 70/214 | Global-Step 0] loss=0.3617 (ctc=0.0753, att=0.4844) grad=0.85  lr=9.36e-05 | ⏱️ 6.27s/step - ETA: 15m3s
[Epoch 1 Step 71/214 | Global-Step 0] loss=0.2545 (ctc=0.0423, att=0.3454) grad=0.72  lr=9.34e-05 | ⏱️ 6.15s/step - ETA: 14m39s
[Epoch 1 Step 72/214 | Global-Step 0] loss=0.3020 (ctc=0.0626, att=0.4046) grad=0.61  lr=9.32e-05 | ⏱️ 6.29s/step - ETA: 14m53s
[Epoch 1 Step 73/214 | Global-Step 0] loss=0.1632 (ctc=0.0511, att=0.2112) grad=0.80  lr=9.31e-05 | ⏱️ 6.27s/step - ETA: 14m44s
[Epoch 1 Step 74/214 | Global-Step 0] loss=0.2865 (ctc=0.0895, att=0.3709) grad=0.80  lr=9.29e-05 | ⏱️ 6.30s/step - ETA: 14m42s
[Epoch 1 Step 75/214 | Global-Step 0] loss=0.2462 (ctc=0.0603, att=0.3259) grad=0.98  lr=9.27e-05 | ⏱️ 5.84s/step - ETA: 13m32s
[Epoch 1 Step 76/214 | Global-Step 0] loss=0.1481 (ctc=0.0382, att=0.1951) grad=0.62  lr=9.25e-05 | ⏱️ 6.29s/step - ETA: 14m28s
[Epoch 1 Step 77/214 | Global-Step 0] loss=0.1824 (ctc=0.0460, att=0.2408) grad=0.73  lr=9.23e-05 | ⏱️ 6.27s/step - ETA: 14m18s
[Epoch 1 Step 78/214 | Global-Step 0] loss=0.1411 (ctc=0.0648, att=0.1738) grad=0.56  lr=9.21e-05 | ⏱️ 6.28s/step - ETA: 14m13s
[Epoch 1 Step 79/214 | Global-Step 0] loss=0.2961 (ctc=0.0683, att=0.3937) grad=0.75  lr=9.19e-05 | ⏱️ 6.14s/step - ETA: 13m48s
[Epoch 1 Step 80/214 | Global-Step 0] loss=0.1810 (ctc=0.0451, att=0.2393) grad=0.70  lr=9.17e-05 | ⏱️ 6.35s/step - ETA: 14m10s
[Epoch 1 Step 81/214 | Global-Step 0] loss=0.1245 (ctc=0.0278, att=0.1659) grad=0.56  lr=9.15e-05 | ⏱️ 5.92s/step - ETA: 13m7s
[Epoch 1 Step 82/214 | Global-Step 0] loss=0.2059 (ctc=0.0668, att=0.2655) grad=0.56  lr=9.13e-05 | ⏱️ 5.94s/step - ETA: 13m3s
[Epoch 1 Step 83/214 | Global-Step 0] loss=0.2948 (ctc=0.0608, att=0.3951) grad=0.98  lr=9.11e-05 | ⏱️ 6.15s/step - ETA: 13m25s
[Epoch 1 Step 84/214 | Global-Step 0] loss=0.1398 (ctc=0.0333, att=0.1855) grad=0.46  lr=9.09e-05 | ⏱️ 6.34s/step - ETA: 13m44s
[Epoch 1 Step 85/214 | Global-Step 0] loss=0.1698 (ctc=0.0550, att=0.2190) grad=0.86  lr=9.07e-05 | ⏱️ 5.91s/step - ETA: 12m42s
[Epoch 1 Step 86/214 | Global-Step 0] loss=0.1652 (ctc=0.0275, att=0.2242) grad=0.59  lr=9.05e-05 | ⏱️ 6.33s/step - ETA: 13m30s
[Epoch 1 Step 87/214 | Global-Step 0] loss=0.2101 (ctc=0.0392, att=0.2834) grad=0.92  lr=9.02e-05 | ⏱️ 6.14s/step - ETA: 12m59s
[Epoch 1 Step 88/214 | Global-Step 0] loss=0.1680 (ctc=0.0316, att=0.2264) grad=0.65  lr=9.00e-05 | ⏱️ 6.29s/step - ETA: 13m12s
[Epoch 1 Step 89/214 | Global-Step 0] loss=0.2610 (ctc=0.0771, att=0.3398) grad=0.89  lr=8.98e-05 | ⏱️ 6.27s/step - ETA: 13m4s
[Epoch 1 Step 90/214 | Global-Step 0] loss=0.1763 (ctc=0.0617, att=0.2254) grad=0.60  lr=8.96e-05 | ⏱️ 5.92s/step - ETA: 12m13s
[Epoch 1 Step 91/214 | Global-Step 0] loss=0.1288 (ctc=0.0463, att=0.1641) grad=0.41  lr=8.94e-05 | ⏱️ 5.80s/step - ETA: 11m53s
[Epoch 1 Step 92/214 | Global-Step 0] loss=0.1621 (ctc=0.0324, att=0.2176) grad=0.52  lr=8.91e-05 | ⏱️ 5.90s/step - ETA: 12m0s
[Epoch 1 Step 93/214 | Global-Step 0] loss=0.4481 (ctc=0.0692, att=0.6104) grad=0.84  lr=8.89e-05 | ⏱️ 6.35s/step - ETA: 12m48s
[Epoch 1 Step 94/214 | Global-Step 0] loss=0.2942 (ctc=0.0888, att=0.3822) grad=0.87  lr=8.87e-05 | ⏱️ 6.30s/step - ETA: 12m35s
[Epoch 1 Step 95/214 | Global-Step 0] loss=0.2426 (ctc=0.0538, att=0.3236) grad=0.74  lr=8.84e-05 | ⏱️ 6.23s/step - ETA: 12m21s
[Epoch 1 Step 96/214 | Global-Step 0] loss=0.2243 (ctc=0.0930, att=0.2806) grad=0.57  lr=8.82e-05 | ⏱️ 5.93s/step - ETA: 11m39s
[Epoch 1 Step 97/214 | Global-Step 0] loss=0.3111 (ctc=0.0503, att=0.4228) grad=0.72  lr=8.80e-05 | ⏱️ 6.28s/step - ETA: 12m15s
[Epoch 1 Step 98/214 | Global-Step 0] loss=0.2179 (ctc=0.0557, att=0.2875) grad=0.64  lr=8.77e-05 | ⏱️ 6.13s/step - ETA: 11m51s
[Epoch 1 Step 99/214 | Global-Step 0] loss=0.2098 (ctc=0.0579, att=0.2749) grad=0.63  lr=8.75e-05 | ⏱️ 6.29s/step - ETA: 12m3s
[Epoch 1 Step 100/214 | Global-Step 0] loss=0.1755 (ctc=0.0760, att=0.2181) grad=0.48  lr=8.73e-05 | ⏱️ 6.27s/step - ETA: 11m54s
[Epoch 1 Step 101/214 | Global-Step 0] loss=0.2223 (ctc=0.0394, att=0.3006) grad=0.61  lr=8.70e-05 | ⏱️ 6.33s/step - ETA: 11m55s
[Epoch 1 Step 102/214 | Global-Step 0] loss=0.2654 (ctc=0.0832, att=0.3435) grad=0.69  lr=8.68e-05 | ⏱️ 6.15s/step - ETA: 11m28s
[Epoch 1 Step 103/214 | Global-Step 0] loss=0.1376 (ctc=0.0395, att=0.1797) grad=0.58  lr=8.65e-05 | ⏱️ 6.27s/step - ETA: 11m35s
[Epoch 1 Step 104/214 | Global-Step 0] loss=0.1238 (ctc=0.0380, att=0.1606) grad=0.46  lr=8.63e-05 | ⏱️ 6.28s/step - ETA: 11m30s
[Epoch 1 Step 105/214 | Global-Step 0] loss=0.1607 (ctc=0.0288, att=0.2173) grad=0.66  lr=8.60e-05 | ⏱️ 6.29s/step - ETA: 11m25s
[Epoch 1 Step 106/214 | Global-Step 0] loss=0.1380 (ctc=0.0298, att=0.1844) grad=0.50  lr=8.58e-05 | ⏱️ 6.16s/step - ETA: 11m5s
[Epoch 1 Step 107/214 | Global-Step 0] loss=0.3421 (ctc=0.0623, att=0.4620) grad=1.00  lr=8.55e-05 | ⏱️ 6.35s/step - ETA: 11m19s
[Epoch 1 Step 108/214 | Global-Step 0] loss=0.2529 (ctc=0.0825, att=0.3259) grad=0.79  lr=8.52e-05 | ⏱️ 6.32s/step - ETA: 11m10s
[Epoch 1 Step 109/214 | Global-Step 0] loss=0.2734 (ctc=0.0577, att=0.3659) grad=0.88  lr=8.50e-05 | ⏱️ 6.31s/step - ETA: 11m2s
[Epoch 1 Step 110/214 | Global-Step 0] loss=0.1782 (ctc=0.0534, att=0.2317) grad=0.60  lr=8.47e-05 | ⏱️ 5.77s/step - ETA: 10m0s
[Epoch 1 Step 111/214 | Global-Step 0] loss=0.1491 (ctc=0.0406, att=0.1956) grad=0.53  lr=8.45e-05 | ⏱️ 6.28s/step - ETA: 10m46s
[Epoch 1 Step 112/214 | Global-Step 0] loss=0.1835 (ctc=0.0554, att=0.2384) grad=0.70  lr=8.42e-05 | ⏱️ 5.90s/step - ETA: 10m1s
[Epoch 1 Step 113/214 | Global-Step 0] loss=0.1511 (ctc=0.0715, att=0.1852) grad=0.54  lr=8.39e-05 | ⏱️ 6.29s/step - ETA: 10m34s
[Epoch 1 Step 114/214 | Global-Step 0] loss=0.1122 (ctc=0.0399, att=0.1432) grad=0.50  lr=8.37e-05 | ⏱️ 5.76s/step - ETA: 9m36s
[Epoch 1 Step 115/214 | Global-Step 0] loss=0.2154 (ctc=0.0519, att=0.2855) grad=0.70  lr=8.34e-05 | ⏱️ 5.92s/step - ETA: 9m46s
[Epoch 1 Step 116/214 | Global-Step 0] loss=0.2923 (ctc=0.0503, att=0.3960) grad=1.03  lr=8.31e-05 | ⏱️ 6.32s/step - ETA: 10m19s
[Epoch 1 Step 117/214 | Global-Step 0] loss=0.1017 (ctc=0.0393, att=0.1284) grad=0.46  lr=8.28e-05 | ⏱️ 6.27s/step - ETA: 10m8s
[Epoch 1 Step 118/214 | Global-Step 0] loss=0.2006 (ctc=0.0674, att=0.2577) grad=0.56  lr=8.26e-05 | ⏱️ 6.16s/step - ETA: 9m51s
[Epoch 1 Step 119/214 | Global-Step 0] loss=0.2710 (ctc=0.0695, att=0.3573) grad=0.80  lr=8.23e-05 | ⏱️ 6.26s/step - ETA: 9m55s
[Epoch 1 Step 120/214 | Global-Step 0] loss=0.1320 (ctc=0.0384, att=0.1721) grad=0.48  lr=8.20e-05 | ⏱️ 6.37s/step - ETA: 9m58s
[Epoch 1 Step 121/214 | Global-Step 0] loss=0.1569 (ctc=0.0406, att=0.2068) grad=0.65  lr=8.17e-05 | ⏱️ 6.29s/step - ETA: 9m44s
[Epoch 1 Step 122/214 | Global-Step 0] loss=0.3194 (ctc=0.0868, att=0.4191) grad=0.76  lr=8.14e-05 | ⏱️ 6.15s/step - ETA: 9m26s
[Epoch 1 Step 123/214 | Global-Step 0] loss=0.1609 (ctc=0.0738, att=0.1983) grad=0.68  lr=8.12e-05 | ⏱️ 5.93s/step - ETA: 8m59s
[Epoch 1 Step 124/214 | Global-Step 0] loss=0.2757 (ctc=0.0552, att=0.3702) grad=0.90  lr=8.09e-05 | ⏱️ 6.28s/step - ETA: 9m25s
[Epoch 1 Step 125/214 | Global-Step 0] loss=0.1945 (ctc=0.0685, att=0.2485) grad=0.64  lr=8.06e-05 | ⏱️ 6.28s/step - ETA: 9m19s
[Epoch 1 Step 126/214 | Global-Step 0] loss=0.2292 (ctc=0.0759, att=0.2949) grad=0.67  lr=8.03e-05 | ⏱️ 5.76s/step - ETA: 8m26s
[Epoch 1 Step 127/214 | Global-Step 0] loss=0.1317 (ctc=0.0520, att=0.1659) grad=0.60  lr=8.00e-05 | ⏱️ 6.31s/step - ETA: 9m8s
[Epoch 1 Step 128/214 | Global-Step 0] loss=0.1204 (ctc=0.0380, att=0.1557) grad=0.44  lr=7.97e-05 | ⏱️ 6.28s/step - ETA: 8m59s
[Epoch 1 Step 129/214 | Global-Step 0] loss=0.1171 (ctc=0.0511, att=0.1453) grad=0.44  lr=7.94e-05 | ⏱️ 5.92s/step - ETA: 8m23s
[Epoch 1 Step 130/214 | Global-Step 0] loss=0.2157 (ctc=0.0504, att=0.2865) grad=0.70  lr=7.91e-05 | ⏱️ 6.14s/step - ETA: 8m35s
[Epoch 1 Step 131/214 | Global-Step 0] loss=0.3066 (ctc=0.0639, att=0.4106) grad=0.79  lr=7.88e-05 | ⏱️ 6.35s/step - ETA: 8m47s
[Epoch 1 Step 132/214 | Global-Step 0] loss=0.2257 (ctc=0.0818, att=0.2874) grad=0.70  lr=7.85e-05 | ⏱️ 6.28s/step - ETA: 8m34s
[Epoch 1 Step 133/214 | Global-Step 0] loss=0.1989 (ctc=0.0676, att=0.2551) grad=0.55  lr=7.82e-05 | ⏱️ 6.33s/step - ETA: 8m32s
[Epoch 1 Step 134/214 | Global-Step 0] loss=0.1766 (ctc=0.0628, att=0.2254) grad=0.93  lr=7.79e-05 | ⏱️ 6.15s/step - ETA: 8m11s
[Epoch 1 Step 135/214 | Global-Step 0] loss=0.1330 (ctc=0.0357, att=0.1747) grad=0.50  lr=7.76e-05 | ⏱️ 6.27s/step - ETA: 8m15s
[Epoch 1 Step 136/214 | Global-Step 0] loss=0.3094 (ctc=0.0865, att=0.4049) grad=0.99  lr=7.73e-05 | ⏱️ 5.91s/step - ETA: 7m41s
[Epoch 1 Step 137/214 | Global-Step 0] loss=0.1444 (ctc=0.0429, att=0.1879) grad=0.60  lr=7.70e-05 | ⏱️ 5.91s/step - ETA: 7m35s
[Epoch 1 Step 138/214 | Global-Step 0] loss=0.3363 (ctc=0.0560, att=0.4564) grad=0.94  lr=7.67e-05 | ⏱️ 6.20s/step - ETA: 7m51s
[Epoch 1 Step 139/214 | Global-Step 0] loss=0.2008 (ctc=0.0652, att=0.2589) grad=0.62  lr=7.64e-05 | ⏱️ 5.89s/step - ETA: 7m22s
[Epoch 1 Step 140/214 | Global-Step 0] loss=0.2657 (ctc=0.0799, att=0.3454) grad=0.78  lr=7.61e-05 | ⏱️ 6.32s/step - ETA: 7m47s
[Epoch 1 Step 141/214 | Global-Step 0] loss=0.1556 (ctc=0.0346, att=0.2075) grad=0.69  lr=7.58e-05 | ⏱️ 5.90s/step - ETA: 7m11s
[Epoch 1 Step 142/214 | Global-Step 0] loss=0.2229 (ctc=0.0627, att=0.2916) grad=0.73  lr=7.55e-05 | ⏱️ 6.15s/step - ETA: 7m22s
[Epoch 1 Step 143/214 | Global-Step 0] loss=0.2187 (ctc=0.0591, att=0.2871) grad=0.61  lr=7.51e-05 | ⏱️ 6.28s/step - ETA: 7m25s
[Epoch 1 Step 144/214 | Global-Step 0] loss=0.1746 (ctc=0.0487, att=0.2286) grad=0.59  lr=7.48e-05 | ⏱️ 6.28s/step - ETA: 7m19s
[Epoch 1 Step 145/214 | Global-Step 0] loss=0.2797 (ctc=0.0616, att=0.3732) grad=0.72  lr=7.45e-05 | ⏱️ 6.17s/step - ETA: 7m5s
[Epoch 1 Step 146/214 | Global-Step 0] loss=0.1463 (ctc=0.0671, att=0.1803) grad=0.54  lr=7.42e-05 | ⏱️ 6.41s/step - ETA: 7m15s
[Epoch 1 Step 147/214 | Global-Step 0] loss=0.3146 (ctc=0.0657, att=0.4213) grad=0.73  lr=7.39e-05 | ⏱️ 6.28s/step - ETA: 7m0s
[Epoch 1 Step 148/214 | Global-Step 0] loss=0.2724 (ctc=0.0499, att=0.3678) grad=0.78  lr=7.36e-05 | ⏱️ 5.94s/step - ETA: 6m32s
[Epoch 1 Step 149/214 | Global-Step 0] loss=0.2044 (ctc=0.0630, att=0.2649) grad=0.72  lr=7.32e-05 | ⏱️ 6.14s/step - ETA: 6m39s
[Epoch 1 Step 150/214 | Global-Step 0] loss=0.0719 (ctc=0.0229, att=0.0929) grad=0.37  lr=7.29e-05 | ⏱️ 5.89s/step - ETA: 6m17s
[Epoch 1 Step 151/214 | Global-Step 0] loss=0.2071 (ctc=0.0574, att=0.2713) grad=0.72  lr=7.26e-05 | ⏱️ 6.27s/step - ETA: 6m35s
[Epoch 1 Step 152/214 | Global-Step 0] loss=0.2019 (ctc=0.0404, att=0.2712) grad=0.69  lr=7.23e-05 | ⏱️ 6.30s/step - ETA: 6m30s
[Epoch 1 Step 153/214 | Global-Step 0] loss=0.1274 (ctc=0.0374, att=0.1660) grad=0.47  lr=7.19e-05 | ⏱️ 5.77s/step - ETA: 5m52s
[Epoch 1 Step 154/214 | Global-Step 0] loss=0.2561 (ctc=0.0759, att=0.3334) grad=0.75  lr=7.16e-05 | ⏱️ 5.89s/step - ETA: 5m53s
[Epoch 1 Step 155/214 | Global-Step 0] loss=0.2548 (ctc=0.0398, att=0.3469) grad=0.74  lr=7.13e-05 | ⏱️ 6.31s/step - ETA: 6m12s
[Epoch 1 Step 156/214 | Global-Step 0] loss=0.1413 (ctc=0.0751, att=0.1697) grad=0.51  lr=7.09e-05 | ⏱️ 5.91s/step - ETA: 5m42s
[Epoch 1 Step 157/214 | Global-Step 0] loss=0.2373 (ctc=0.0522, att=0.3166) grad=0.73  lr=7.06e-05 | ⏱️ 6.14s/step - ETA: 5m50s
[Epoch 1 Step 158/214 | Global-Step 0] loss=0.1812 (ctc=0.0796, att=0.2248) grad=0.64  lr=7.03e-05 | ⏱️ 6.27s/step - ETA: 5m51s
[Epoch 1 Step 159/214 | Global-Step 0] loss=0.1728 (ctc=0.0321, att=0.2331) grad=0.63  lr=6.99e-05 | ⏱️ 6.35s/step - ETA: 5m49s
[Epoch 1 Step 160/214 | Global-Step 0] loss=0.3221 (ctc=0.0423, att=0.4421) grad=0.80  lr=6.96e-05 | ⏱️ 6.29s/step - ETA: 5m39s
[Epoch 1 Step 161/214 | Global-Step 0] loss=0.1115 (ctc=0.0411, att=0.1417) grad=0.43  lr=6.93e-05 | ⏱️ 6.15s/step - ETA: 5m25s
[Epoch 1 Step 162/214 | Global-Step 0] loss=0.1721 (ctc=0.0284, att=0.2337) grad=0.63  lr=6.89e-05 | ⏱️ 6.30s/step - ETA: 5m27s
[Epoch 1 Step 163/214 | Global-Step 0] loss=0.1362 (ctc=0.0620, att=0.1680) grad=0.49  lr=6.86e-05 | ⏱️ 5.89s/step - ETA: 5m0s
[Epoch 1 Step 164/214 | Global-Step 0] loss=0.2231 (ctc=0.0492, att=0.2976) grad=0.94  lr=6.83e-05 | ⏱️ 5.90s/step - ETA: 4m55s
[Epoch 1 Step 165/214 | Global-Step 0] loss=0.2136 (ctc=0.0600, att=0.2794) grad=0.89  lr=6.79e-05 | ⏱️ 5.76s/step - ETA: 4m42s
[Epoch 1 Step 166/214 | Global-Step 0] loss=0.1819 (ctc=0.0634, att=0.2327) grad=0.52  lr=6.76e-05 | ⏱️ 6.28s/step - ETA: 5m1s
[Epoch 1 Step 167/214 | Global-Step 0] loss=0.1369 (ctc=0.0256, att=0.1846) grad=0.65  lr=6.72e-05 | ⏱️ 6.33s/step - ETA: 4m57s
[Epoch 1 Step 168/214 | Global-Step 0] loss=0.1739 (ctc=0.0730, att=0.2171) grad=0.56  lr=6.69e-05 | ⏱️ 5.90s/step - ETA: 4m31s
[Epoch 1 Step 169/214 | Global-Step 0] loss=0.1699 (ctc=0.0552, att=0.2190) grad=0.70  lr=6.66e-05 | ⏱️ 5.76s/step - ETA: 4m19s
[Epoch 1 Step 170/214 | Global-Step 0] loss=0.1772 (ctc=0.0650, att=0.2252) grad=0.51  lr=6.62e-05 | ⏱️ 5.89s/step - ETA: 4m19s
[Epoch 1 Step 171/214 | Global-Step 0] loss=0.2277 (ctc=0.0815, att=0.2904) grad=0.68  lr=6.59e-05 | ⏱️ 5.89s/step - ETA: 4m13s
[Epoch 1 Step 172/214 | Global-Step 0] loss=0.1425 (ctc=0.0254, att=0.1927) grad=0.58  lr=6.55e-05 | ⏱️ 6.31s/step - ETA: 4m24s
[Epoch 1 Step 173/214 | Global-Step 0] loss=0.2523 (ctc=0.0441, att=0.3415) grad=0.73  lr=6.52e-05 | ⏱️ 6.14s/step - ETA: 4m11s
[Epoch 1 Step 174/214 | Global-Step 0] loss=0.0750 (ctc=0.0252, att=0.0964) grad=0.34  lr=6.48e-05 | ⏱️ 5.89s/step - ETA: 3m55s
[Epoch 1 Step 175/214 | Global-Step 0] loss=0.2328 (ctc=0.0617, att=0.3061) grad=0.62  lr=6.45e-05 | ⏱️ 5.91s/step - ETA: 3m50s
[Epoch 1 Step 176/214 | Global-Step 0] loss=0.2185 (ctc=0.0287, att=0.2999) grad=0.70  lr=6.41e-05 | ⏱️ 6.43s/step - ETA: 4m4s
[Epoch 1 Step 177/214 | Global-Step 0] loss=0.0667 (ctc=0.0247, att=0.0847) grad=0.28  lr=6.38e-05 | ⏱️ 5.77s/step - ETA: 3m33s
[Epoch 1 Step 178/214 | Global-Step 0] loss=0.2451 (ctc=0.0971, att=0.3085) grad=0.85  lr=6.34e-05 | ⏱️ 5.90s/step - ETA: 3m32s
[Epoch 1 Step 179/214 | Global-Step 0] loss=0.1908 (ctc=0.0540, att=0.2494) grad=0.74  lr=6.31e-05 | ⏱️ 5.93s/step - ETA: 3m27s
[Epoch 1 Step 180/214 | Global-Step 0] loss=0.1637 (ctc=0.0901, att=0.1952) grad=0.54  lr=6.27e-05 | ⏱️ 6.14s/step - ETA: 3m28s
[Epoch 1 Step 181/214 | Global-Step 0] loss=0.1741 (ctc=0.0398, att=0.2316) grad=0.63  lr=6.24e-05 | ⏱️ 6.27s/step - ETA: 3m26s
[Epoch 1 Step 182/214 | Global-Step 0] loss=0.2621 (ctc=0.0687, att=0.3449) grad=0.63  lr=6.20e-05 | ⏱️ 6.30s/step - ETA: 3m21s
[Epoch 1 Step 183/214 | Global-Step 0] loss=0.1891 (ctc=0.0381, att=0.2539) grad=0.66  lr=6.17e-05 | ⏱️ 6.29s/step - ETA: 3m14s
[Epoch 1 Step 184/214 | Global-Step 0] loss=0.1777 (ctc=0.0399, att=0.2367) grad=0.63  lr=6.13e-05 | ⏱️ 5.77s/step - ETA: 2m53s
[Epoch 1 Step 185/214 | Global-Step 0] loss=0.1943 (ctc=0.0992, att=0.2350) grad=1.02  lr=6.10e-05 | ⏱️ 6.28s/step - ETA: 3m2s
[Epoch 1 Step 186/214 | Global-Step 0] loss=0.1858 (ctc=0.0526, att=0.2429) grad=0.51  lr=6.06e-05 | ⏱️ 6.38s/step - ETA: 2m58s
[Epoch 1 Step 187/214 | Global-Step 0] loss=0.3323 (ctc=0.1083, att=0.4282) grad=0.68  lr=6.02e-05 | ⏱️ 6.29s/step - ETA: 2m49s
[Epoch 1 Step 188/214 | Global-Step 0] loss=0.2985 (ctc=0.0601, att=0.4008) grad=0.77  lr=5.99e-05 | ⏱️ 6.15s/step - ETA: 2m39s
[Epoch 1 Step 189/214 | Global-Step 0] loss=0.3293 (ctc=0.0623, att=0.4437) grad=0.85  lr=5.95e-05 | ⏱️ 6.28s/step - ETA: 2m36s
[Epoch 1 Step 190/214 | Global-Step 0] loss=0.2136 (ctc=0.0474, att=0.2849) grad=0.78  lr=5.92e-05 | ⏱️ 6.29s/step - ETA: 2m30s
[Epoch 1 Step 191/214 | Global-Step 0] loss=0.1694 (ctc=0.0358, att=0.2266) grad=0.58  lr=5.88e-05 | ⏱️ 6.01s/step - ETA: 2m18s
[Epoch 1 Step 192/214 | Global-Step 0] loss=0.1075 (ctc=0.0230, att=0.1438) grad=0.48  lr=5.85e-05 | ⏱️ 6.15s/step - ETA: 2m15s
[Epoch 1 Step 193/214 | Global-Step 0] loss=0.2380 (ctc=0.0492, att=0.3189) grad=0.75  lr=5.81e-05 | ⏱️ 6.31s/step - ETA: 2m12s
[Epoch 1 Step 194/214 | Global-Step 0] loss=0.1082 (ctc=0.0270, att=0.1430) grad=0.70  lr=5.77e-05 | ⏱️ 6.27s/step - ETA: 2m5s
[Epoch 1 Step 195/214 | Global-Step 0] loss=0.1767 (ctc=0.0487, att=0.2315) grad=0.88  lr=5.74e-05 | ⏱️ 5.94s/step - ETA: 1m52s
[Epoch 1 Step 196/214 | Global-Step 0] loss=0.2111 (ctc=0.0772, att=0.2684) grad=0.54  lr=5.70e-05 | ⏱️ 6.15s/step - ETA: 1m50s
[Epoch 1 Step 197/214 | Global-Step 0] loss=0.2126 (ctc=0.0368, att=0.2880) grad=0.59  lr=5.67e-05 | ⏱️ 6.28s/step - ETA: 1m46s
[Epoch 1 Step 198/214 | Global-Step 0] loss=0.1780 (ctc=0.0448, att=0.2351) grad=0.84  lr=5.63e-05 | ⏱️ 6.28s/step - ETA: 1m40s
[Epoch 1 Step 199/214 | Global-Step 0] loss=0.1798 (ctc=0.0400, att=0.2397) grad=0.62  lr=5.59e-05 | ⏱️ 6.31s/step - ETA: 1m34s
[Epoch 1 Step 200/214 | Global-Step 0] loss=0.1228 (ctc=0.0509, att=0.1536) grad=0.41  lr=5.56e-05 | ⏱️ 5.96s/step - ETA: 1m23s
[Epoch 1 Step 201/214 | Global-Step 0] loss=0.2245 (ctc=0.0733, att=0.2892) grad=0.74  lr=5.52e-05 | ⏱️ 6.27s/step - ETA: 1m21s
[Epoch 1 Step 202/214 | Global-Step 0] loss=0.1924 (ctc=0.0422, att=0.2567) grad=0.95  lr=5.49e-05 | ⏱️ 6.28s/step - ETA: 1m15s
[Epoch 1 Step 203/214 | Global-Step 0] loss=0.2574 (ctc=0.0763, att=0.3351) grad=0.81  lr=5.45e-05 | ⏱️ 5.91s/step - ETA: 1m5s
[Epoch 1 Step 204/214 | Global-Step 0] loss=0.0933 (ctc=0.0154, att=0.1267) grad=0.36  lr=5.41e-05 | ⏱️ 5.80s/step - ETA: 0m58s
[Epoch 1 Step 205/214 | Global-Step 0] loss=0.2930 (ctc=0.0595, att=0.3931) grad=0.74  lr=5.38e-05 | ⏱️ 6.28s/step - ETA: 0m56s
[Epoch 1 Step 206/214 | Global-Step 0] loss=0.2824 (ctc=0.0560, att=0.3794) grad=0.71  lr=5.34e-05 | ⏱️ 6.27s/step - ETA: 0m50s
[Epoch 1 Step 207/214 | Global-Step 0] loss=0.1259 (ctc=0.0499, att=0.1585) grad=0.58  lr=5.30e-05 | ⏱️ 6.30s/step - ETA: 0m44s
[Epoch 1 Step 208/214 | Global-Step 0] loss=0.1348 (ctc=0.0378, att=0.1764) grad=0.52  lr=5.27e-05 | ⏱️ 6.25s/step - ETA: 0m37s
[Epoch 1 Step 209/214 | Global-Step 0] loss=0.2387 (ctc=0.0513, att=0.3190) grad=1.29  lr=5.23e-05 | ⏱️ 6.28s/step - ETA: 0m31s
[Epoch 1 Step 210/214 | Global-Step 0] loss=0.2018 (ctc=0.0661, att=0.2599) grad=0.65  lr=5.20e-05 | ⏱️ 6.31s/step - ETA: 0m25s
[Epoch 1 Step 211/214 | Global-Step 0] loss=0.1156 (ctc=0.0313, att=0.1518) grad=0.41  lr=5.16e-05 | ⏱️ 6.28s/step - ETA: 0m18s
[Epoch 1 Step 212/214 | Global-Step 0] loss=0.1574 (ctc=0.0331, att=0.2107) grad=0.58  lr=5.12e-05 | ⏱️ 6.14s/step - ETA: 0m12s
[Epoch 1 Step 213/214 | Global-Step 0] loss=0.1153 (ctc=0.0094, att=0.1606) grad=0.62  lr=5.09e-05 | ⏱️ 6.29s/step - ETA: 0m6s
[Epoch 1 Step 214/214 | Global-Step 0] loss=0.2488 (ctc=0.0710, att=0.3250) grad=2.86  lr=5.05e-05 | ⏱️ 1.92s/step - ETA: 0m0s
✅ Epoch 1 hoàn tất trong 22m16s
💾 Đã lưu checkpoint: checkpoints_vpb_gpu/epoch1.pt
🎯 Dev WER (CTC): 21.18%
🌐 Global WER           : 13.00%

🌀 Epoch 2 bắt đầu...
[Epoch 2 Step 1/214 | Global-Step 0] loss=0.1188 (ctc=0.0257, att=0.1587) grad=0.40  lr=5.01e-05 | ⏱️ 6.21s/step - ETA: 22m3s
[Epoch 2 Step 2/214 | Global-Step 0] loss=0.0595 (ctc=0.0275, att=0.0732) grad=0.39  lr=4.98e-05 | ⏱️ 5.86s/step - ETA: 20m42s
[Epoch 2 Step 3/214 | Global-Step 0] loss=0.1271 (ctc=0.0384, att=0.1651) grad=0.46  lr=4.94e-05 | ⏱️ 6.26s/step - ETA: 22m0s
[Epoch 2 Step 4/214 | Global-Step 0] loss=0.1508 (ctc=0.0393, att=0.1986) grad=0.45  lr=4.90e-05 | ⏱️ 6.26s/step - ETA: 21m54s
[Epoch 2 Step 5/214 | Global-Step 0] loss=0.1316 (ctc=0.0391, att=0.1713) grad=0.60  lr=4.87e-05 | ⏱️ 5.85s/step - ETA: 20m22s
[Epoch 2 Step 6/214 | Global-Step 0] loss=0.1315 (ctc=0.0923, att=0.1482) grad=0.53  lr=4.83e-05 | ⏱️ 5.88s/step - ETA: 20m23s
[Epoch 2 Step 7/214 | Global-Step 0] loss=0.2099 (ctc=0.0393, att=0.2830) grad=0.67  lr=4.80e-05 | ⏱️ 6.30s/step - ETA: 21m44s
[Epoch 2 Step 8/214 | Global-Step 0] loss=0.0984 (ctc=0.0432, att=0.1221) grad=0.48  lr=4.76e-05 | ⏱️ 5.74s/step - ETA: 19m43s
[Epoch 2 Step 9/214 | Global-Step 0] loss=0.0843 (ctc=0.0189, att=0.1123) grad=0.40  lr=4.72e-05 | ⏱️ 5.88s/step - ETA: 20m5s
[Epoch 2 Step 10/214 | Global-Step 0] loss=0.1225 (ctc=0.0322, att=0.1611) grad=0.56  lr=4.69e-05 | ⏱️ 6.25s/step - ETA: 21m15s
[Epoch 2 Step 11/214 | Global-Step 0] loss=0.1078 (ctc=0.0300, att=0.1412) grad=0.49  lr=4.65e-05 | ⏱️ 6.28s/step - ETA: 21m14s
[Epoch 2 Step 12/214 | Global-Step 0] loss=0.0326 (ctc=0.0098, att=0.0423) grad=0.31  lr=4.61e-05 | ⏱️ 6.12s/step - ETA: 20m36s
[Epoch 2 Step 13/214 | Global-Step 0] loss=0.1681 (ctc=0.0503, att=0.2186) grad=0.54  lr=4.58e-05 | ⏱️ 6.28s/step - ETA: 21m1s
[Epoch 2 Step 14/214 | Global-Step 0] loss=0.0772 (ctc=0.0241, att=0.1000) grad=0.35  lr=4.54e-05 | ⏱️ 5.90s/step - ETA: 19m40s
[Epoch 2 Step 15/214 | Global-Step 0] loss=0.1699 (ctc=0.0681, att=0.2135) grad=0.54  lr=4.51e-05 | ⏱️ 5.77s/step - ETA: 19m7s
[Epoch 2 Step 16/214 | Global-Step 0] loss=0.0548 (ctc=0.0145, att=0.0720) grad=0.32  lr=4.47e-05 | ⏱️ 5.88s/step - ETA: 19m23s
[Epoch 2 Step 17/214 | Global-Step 0] loss=0.1605 (ctc=0.0557, att=0.2054) grad=0.45  lr=4.43e-05 | ⏱️ 5.88s/step - ETA: 19m19s
[Epoch 2 Step 18/214 | Global-Step 0] loss=0.1212 (ctc=0.0113, att=0.1683) grad=0.67  lr=4.40e-05 | ⏱️ 6.16s/step - ETA: 20m6s
[Epoch 2 Step 19/214 | Global-Step 0] loss=0.1013 (ctc=0.0149, att=0.1384) grad=0.30  lr=4.36e-05 | ⏱️ 6.26s/step - ETA: 20m21s
[Epoch 2 Step 20/214 | Global-Step 0] loss=0.0988 (ctc=0.0190, att=0.1330) grad=0.52  lr=4.33e-05 | ⏱️ 6.26s/step - ETA: 20m14s
[Epoch 2 Step 21/214 | Global-Step 0] loss=0.1408 (ctc=0.0175, att=0.1937) grad=0.50  lr=4.29e-05 | ⏱️ 6.36s/step - ETA: 20m27s
[Epoch 2 Step 22/214 | Global-Step 0] loss=0.1012 (ctc=0.0367, att=0.1289) grad=0.41  lr=4.25e-05 | ⏱️ 6.13s/step - ETA: 19m37s
[Epoch 2 Step 23/214 | Global-Step 0] loss=0.1648 (ctc=0.0711, att=0.2050) grad=0.62  lr=4.22e-05 | ⏱️ 5.93s/step - ETA: 18m51s
[Epoch 2 Step 24/214 | Global-Step 0] loss=0.0391 (ctc=0.0110, att=0.0512) grad=0.25  lr=4.18e-05 | ⏱️ 5.87s/step - ETA: 18m35s
[Epoch 2 Step 25/214 | Global-Step 0] loss=0.1016 (ctc=0.0292, att=0.1326) grad=0.49  lr=4.15e-05 | ⏱️ 6.28s/step - ETA: 19m46s
[Epoch 2 Step 26/214 | Global-Step 0] loss=0.0803 (ctc=0.0371, att=0.0988) grad=0.36  lr=4.11e-05 | ⏱️ 5.75s/step - ETA: 18m1s
[Epoch 2 Step 27/214 | Global-Step 0] loss=0.1141 (ctc=0.0402, att=0.1457) grad=0.37  lr=4.08e-05 | ⏱️ 6.28s/step - ETA: 19m34s
[Epoch 2 Step 28/214 | Global-Step 0] loss=0.0671 (ctc=0.0269, att=0.0843) grad=0.32  lr=4.04e-05 | ⏱️ 6.27s/step - ETA: 19m25s
[Epoch 2 Step 29/214 | Global-Step 0] loss=0.1839 (ctc=0.0427, att=0.2444) grad=0.51  lr=4.00e-05 | ⏱️ 6.27s/step - ETA: 19m20s
[Epoch 2 Step 30/214 | Global-Step 0] loss=0.0976 (ctc=0.0551, att=0.1158) grad=0.36  lr=3.97e-05 | ⏱️ 5.77s/step - ETA: 17m41s
[Epoch 2 Step 31/214 | Global-Step 0] loss=0.1402 (ctc=0.0355, att=0.1850) grad=0.58  lr=3.93e-05 | ⏱️ 6.27s/step - ETA: 19m6s
[Epoch 2 Step 32/214 | Global-Step 0] loss=0.1272 (ctc=0.0407, att=0.1643) grad=0.47  lr=3.90e-05 | ⏱️ 6.26s/step - ETA: 18m59s
[Epoch 2 Step 33/214 | Global-Step 0] loss=0.1730 (ctc=0.0343, att=0.2324) grad=0.77  lr=3.86e-05 | ⏱️ 6.31s/step - ETA: 19m2s
[Epoch 2 Step 34/214 | Global-Step 0] loss=0.1255 (ctc=0.0397, att=0.1623) grad=0.56  lr=3.83e-05 | ⏱️ 6.15s/step - ETA: 18m26s
[Epoch 2 Step 35/214 | Global-Step 0] loss=0.0848 (ctc=0.0170, att=0.1138) grad=0.36  lr=3.79e-05 | ⏱️ 6.33s/step - ETA: 18m53s
[Epoch 2 Step 36/214 | Global-Step 0] loss=0.0925 (ctc=0.0306, att=0.1191) grad=0.39  lr=3.76e-05 | ⏱️ 6.35s/step - ETA: 18m50s
[Epoch 2 Step 37/214 | Global-Step 0] loss=0.0955 (ctc=0.0199, att=0.1279) grad=0.24  lr=3.72e-05 | ⏱️ 5.90s/step - ETA: 17m24s
[Epoch 2 Step 38/214 | Global-Step 0] loss=0.1494 (ctc=0.0397, att=0.1965) grad=0.47  lr=3.69e-05 | ⏱️ 5.76s/step - ETA: 16m54s
[Epoch 2 Step 39/214 | Global-Step 0] loss=0.1022 (ctc=0.0143, att=0.1398) grad=0.47  lr=3.65e-05 | ⏱️ 6.30s/step - ETA: 18m22s
[Epoch 2 Step 40/214 | Global-Step 0] loss=0.1991 (ctc=0.0671, att=0.2557) grad=0.70  lr=3.62e-05 | ⏱️ 6.27s/step - ETA: 18m11s
[Epoch 2 Step 41/214 | Global-Step 0] loss=0.0909 (ctc=0.0209, att=0.1210) grad=0.51  lr=3.58e-05 | ⏱️ 6.28s/step - ETA: 18m6s
[Epoch 2 Step 42/214 | Global-Step 0] loss=0.0921 (ctc=0.0108, att=0.1270) grad=0.68  lr=3.55e-05 | ⏱️ 6.14s/step - ETA: 17m36s
[Epoch 2 Step 43/214 | Global-Step 0] loss=0.1581 (ctc=0.0305, att=0.2128) grad=0.41  lr=3.51e-05 | ⏱️ 6.28s/step - ETA: 17m54s
[Epoch 2 Step 44/214 | Global-Step 0] loss=0.1186 (ctc=0.0238, att=0.1592) grad=0.48  lr=3.48e-05 | ⏱️ 5.90s/step - ETA: 16m42s
[Epoch 2 Step 45/214 | Global-Step 0] loss=0.0858 (ctc=0.0225, att=0.1130) grad=0.33  lr=3.44e-05 | ⏱️ 6.29s/step - ETA: 17m42s
[Epoch 2 Step 46/214 | Global-Step 0] loss=0.2277 (ctc=0.0479, att=0.3047) grad=0.81  lr=3.41e-05 | ⏱️ 6.15s/step - ETA: 17m13s
[Epoch 2 Step 47/214 | Global-Step 0] loss=0.1230 (ctc=0.0209, att=0.1668) grad=0.65  lr=3.38e-05 | ⏱️ 5.89s/step - ETA: 16m23s
[Epoch 2 Step 48/214 | Global-Step 0] loss=0.1952 (ctc=0.0393, att=0.2620) grad=0.93  lr=3.34e-05 | ⏱️ 6.28s/step - ETA: 17m22s
[Epoch 2 Step 49/214 | Global-Step 0] loss=0.1108 (ctc=0.0315, att=0.1449) grad=0.46  lr=3.31e-05 | ⏱️ 6.29s/step - ETA: 17m18s
[Epoch 2 Step 50/214 | Global-Step 0] loss=0.1353 (ctc=0.0409, att=0.1757) grad=0.54  lr=3.27e-05 | ⏱️ 6.16s/step - ETA: 16m51s
[Epoch 2 Step 51/214 | Global-Step 0] loss=0.0887 (ctc=0.0214, att=0.1176) grad=0.39  lr=3.24e-05 | ⏱️ 6.28s/step - ETA: 17m3s
[Epoch 2 Step 52/214 | Global-Step 0] loss=0.1108 (ctc=0.0354, att=0.1431) grad=0.50  lr=3.21e-05 | ⏱️ 5.90s/step - ETA: 15m55s
[Epoch 2 Step 53/214 | Global-Step 0] loss=0.2110 (ctc=0.0356, att=0.2862) grad=0.74  lr=3.17e-05 | ⏱️ 6.29s/step - ETA: 16m52s
[Epoch 2 Step 54/214 | Global-Step 0] loss=0.1219 (ctc=0.0295, att=0.1614) grad=0.43  lr=3.14e-05 | ⏱️ 6.14s/step - ETA: 16m22s
[Epoch 2 Step 55/214 | Global-Step 0] loss=0.1017 (ctc=0.0177, att=0.1376) grad=0.43  lr=3.11e-05 | ⏱️ 6.37s/step - ETA: 16m53s
[Epoch 2 Step 56/214 | Global-Step 0] loss=0.0850 (ctc=0.0178, att=0.1137) grad=0.44  lr=3.07e-05 | ⏱️ 6.28s/step - ETA: 16m32s
[Epoch 2 Step 57/214 | Global-Step 0] loss=0.1350 (ctc=0.0315, att=0.1794) grad=0.53  lr=3.04e-05 | ⏱️ 5.76s/step - ETA: 15m4s
[Epoch 2 Step 58/214 | Global-Step 0] loss=0.0925 (ctc=0.0171, att=0.1248) grad=0.40  lr=3.01e-05 | ⏱️ 6.28s/step - ETA: 16m19s
[Epoch 2 Step 59/214 | Global-Step 0] loss=0.0808 (ctc=0.0106, att=0.1109) grad=0.31  lr=2.97e-05 | ⏱️ 6.31s/step - ETA: 16m17s
[Epoch 2 Step 60/214 | Global-Step 0] loss=0.0791 (ctc=0.0351, att=0.0979) grad=0.57  lr=2.94e-05 | ⏱️ 6.28s/step - ETA: 16m7s
[Epoch 2 Step 61/214 | Global-Step 0] loss=0.1006 (ctc=0.0308, att=0.1304) grad=0.66  lr=2.91e-05 | ⏱️ 5.77s/step - ETA: 14m42s
[Epoch 2 Step 62/214 | Global-Step 0] loss=0.1132 (ctc=0.0453, att=0.1423) grad=0.55  lr=2.87e-05 | ⏱️ 6.28s/step - ETA: 15m54s
[Epoch 2 Step 63/214 | Global-Step 0] loss=0.0910 (ctc=0.0404, att=0.1128) grad=0.47  lr=2.84e-05 | ⏱️ 5.92s/step - ETA: 14m53s
[Epoch 2 Step 64/214 | Global-Step 0] loss=0.1498 (ctc=0.0322, att=0.2003) grad=0.81  lr=2.81e-05 | ⏱️ 6.28s/step - ETA: 15m41s
[Epoch 2 Step 65/214 | Global-Step 0] loss=0.0846 (ctc=0.0336, att=0.1064) grad=0.50  lr=2.78e-05 | ⏱️ 6.17s/step - ETA: 15m18s
[Epoch 2 Step 66/214 | Global-Step 0] loss=0.0820 (ctc=0.0377, att=0.1009) grad=0.31  lr=2.74e-05 | ⏱️ 5.91s/step - ETA: 14m34s
[Epoch 2 Step 67/214 | Global-Step 0] loss=0.1791 (ctc=0.0696, att=0.2261) grad=0.50  lr=2.71e-05 | ⏱️ 6.32s/step - ETA: 15m29s
[Epoch 2 Step 68/214 | Global-Step 0] loss=0.0893 (ctc=0.0400, att=0.1104) grad=0.51  lr=2.68e-05 | ⏱️ 6.28s/step - ETA: 15m17s
[Epoch 2 Step 69/214 | Global-Step 0] loss=0.1162 (ctc=0.0199, att=0.1574) grad=0.46  lr=2.65e-05 | ⏱️ 6.15s/step - ETA: 14m51s
[Epoch 2 Step 70/214 | Global-Step 0] loss=0.0804 (ctc=0.0215, att=0.1056) grad=0.38  lr=2.62e-05 | ⏱️ 6.28s/step - ETA: 15m4s
[Epoch 2 Step 71/214 | Global-Step 0] loss=0.1294 (ctc=0.0290, att=0.1724) grad=0.53  lr=2.59e-05 | ⏱️ 5.96s/step - ETA: 14m11s
[Epoch 2 Step 72/214 | Global-Step 0] loss=0.1831 (ctc=0.0524, att=0.2391) grad=0.45  lr=2.55e-05 | ⏱️ 6.17s/step - ETA: 14m35s
[Epoch 2 Step 73/214 | Global-Step 0] loss=0.1354 (ctc=0.0476, att=0.1731) grad=0.50  lr=2.52e-05 | ⏱️ 6.29s/step - ETA: 14m46s
[Epoch 2 Step 74/214 | Global-Step 0] loss=0.1236 (ctc=0.0578, att=0.1518) grad=0.58  lr=2.49e-05 | ⏱️ 6.32s/step - ETA: 14m44s
[Epoch 2 Step 75/214 | Global-Step 0] loss=0.1393 (ctc=0.0258, att=0.1879) grad=0.59  lr=2.46e-05 | ⏱️ 6.29s/step - ETA: 14m34s
[Epoch 2 Step 76/214 | Global-Step 0] loss=0.1424 (ctc=0.0473, att=0.1831) grad=0.56  lr=2.43e-05 | ⏱️ 5.77s/step - ETA: 13m16s
[Epoch 2 Step 77/214 | Global-Step 0] loss=0.1369 (ctc=0.0243, att=0.1851) grad=0.68  lr=2.40e-05 | ⏱️ 6.28s/step - ETA: 14m20s
[Epoch 2 Step 78/214 | Global-Step 0] loss=0.0936 (ctc=0.0344, att=0.1190) grad=0.45  lr=2.37e-05 | ⏱️ 6.30s/step - ETA: 14m16s
[Epoch 2 Step 79/214 | Global-Step 0] loss=0.0788 (ctc=0.0171, att=0.1052) grad=0.45  lr=2.34e-05 | ⏱️ 5.91s/step - ETA: 13m17s
[Epoch 2 Step 80/214 | Global-Step 0] loss=0.0944 (ctc=0.0175, att=0.1273) grad=0.36  lr=2.31e-05 | ⏱️ 5.78s/step - ETA: 12m54s
[Epoch 2 Step 81/214 | Global-Step 0] loss=0.0827 (ctc=0.0470, att=0.0980) grad=0.62  lr=2.28e-05 | ⏱️ 5.90s/step - ETA: 13m4s
[Epoch 2 Step 82/214 | Global-Step 0] loss=0.1272 (ctc=0.0416, att=0.1639) grad=0.40  lr=2.25e-05 | ⏱️ 6.27s/step - ETA: 13m47s
[Epoch 2 Step 83/214 | Global-Step 0] loss=0.0569 (ctc=0.0236, att=0.0712) grad=0.23  lr=2.22e-05 | ⏱️ 6.33s/step - ETA: 13m49s
[Epoch 2 Step 84/214 | Global-Step 0] loss=0.0573 (ctc=0.0258, att=0.0707) grad=0.29  lr=2.19e-05 | ⏱️ 6.14s/step - ETA: 13m18s
[Epoch 2 Step 85/214 | Global-Step 0] loss=0.0795 (ctc=0.0252, att=0.1028) grad=0.31  lr=2.16e-05 | ⏱️ 6.28s/step - ETA: 13m30s
[Epoch 2 Step 86/214 | Global-Step 0] loss=0.1024 (ctc=0.0270, att=0.1347) grad=0.67  lr=2.13e-05 | ⏱️ 5.90s/step - ETA: 12m35s
[Epoch 2 Step 87/214 | Global-Step 0] loss=0.0601 (ctc=0.0111, att=0.0812) grad=0.33  lr=2.10e-05 | ⏱️ 5.91s/step - ETA: 12m30s
[Epoch 2 Step 88/214 | Global-Step 0] loss=0.1420 (ctc=0.0244, att=0.1924) grad=0.52  lr=2.07e-05 | ⏱️ 6.24s/step - ETA: 13m6s
[Epoch 2 Step 89/214 | Global-Step 0] loss=0.1013 (ctc=0.0178, att=0.1371) grad=0.47  lr=2.04e-05 | ⏱️ 6.28s/step - ETA: 13m5s
[Epoch 2 Step 90/214 | Global-Step 0] loss=0.0796 (ctc=0.0333, att=0.0995) grad=0.34  lr=2.01e-05 | ⏱️ 5.93s/step - ETA: 12m15s
[Epoch 2 Step 91/214 | Global-Step 0] loss=0.0919 (ctc=0.0315, att=0.1178) grad=0.66  lr=1.98e-05 | ⏱️ 6.29s/step - ETA: 12m53s
[Epoch 2 Step 92/214 | Global-Step 0] loss=0.1251 (ctc=0.0482, att=0.1581) grad=0.47  lr=1.96e-05 | ⏱️ 6.21s/step - ETA: 12m37s
[Epoch 2 Step 93/214 | Global-Step 0] loss=0.1780 (ctc=0.0352, att=0.2392) grad=0.56  lr=1.93e-05 | ⏱️ 6.27s/step - ETA: 12m38s
[Epoch 2 Step 94/214 | Global-Step 0] loss=0.1352 (ctc=0.0256, att=0.1822) grad=0.50  lr=1.90e-05 | ⏱️ 6.30s/step - ETA: 12m35s
[Epoch 2 Step 95/214 | Global-Step 0] loss=0.1884 (ctc=0.0487, att=0.2482) grad=0.61  lr=1.87e-05 | ⏱️ 6.30s/step - ETA: 12m29s
[Epoch 2 Step 96/214 | Global-Step 0] loss=0.0922 (ctc=0.0150, att=0.1253) grad=0.38  lr=1.84e-05 | ⏱️ 5.77s/step - ETA: 11m20s
[Epoch 2 Step 97/214 | Global-Step 0] loss=0.1515 (ctc=0.0459, att=0.1968) grad=0.54  lr=1.82e-05 | ⏱️ 5.91s/step - ETA: 11m31s
[Epoch 2 Step 98/214 | Global-Step 0] loss=0.1157 (ctc=0.0213, att=0.1562) grad=0.58  lr=1.79e-05 | ⏱️ 6.27s/step - ETA: 12m7s
[Epoch 2 Step 99/214 | Global-Step 0] loss=0.1169 (ctc=0.0220, att=0.1575) grad=0.52  lr=1.76e-05 | ⏱️ 6.32s/step - ETA: 12m6s
[Epoch 2 Step 100/214 | Global-Step 0] loss=0.1132 (ctc=0.0352, att=0.1467) grad=0.49  lr=1.73e-05 | ⏱️ 5.77s/step - ETA: 10m57s
[Epoch 2 Step 101/214 | Global-Step 0] loss=0.1318 (ctc=0.0489, att=0.1674) grad=1.18  lr=1.71e-05 | ⏱️ 6.27s/step - ETA: 11m48s
[Epoch 2 Step 102/214 | Global-Step 0] loss=0.0432 (ctc=0.0121, att=0.0565) grad=0.43  lr=1.68e-05 | ⏱️ 6.29s/step - ETA: 11m44s
[Epoch 2 Step 103/214 | Global-Step 0] loss=0.1467 (ctc=0.0444, att=0.1905) grad=0.47  lr=1.65e-05 | ⏱️ 6.34s/step - ETA: 11m44s
[Epoch 2 Step 104/214 | Global-Step 0] loss=0.1732 (ctc=0.0449, att=0.2282) grad=0.54  lr=1.63e-05 | ⏱️ 6.16s/step - ETA: 11m18s
[Epoch 2 Step 105/214 | Global-Step 0] loss=0.1453 (ctc=0.0761, att=0.1749) grad=0.52  lr=1.60e-05 | ⏱️ 5.93s/step - ETA: 10m46s
[Epoch 2 Step 106/214 | Global-Step 0] loss=0.2174 (ctc=0.0769, att=0.2776) grad=0.84  lr=1.58e-05 | ⏱️ 6.28s/step - ETA: 11m18s
[Epoch 2 Step 107/214 | Global-Step 0] loss=0.1163 (ctc=0.0532, att=0.1433) grad=0.48  lr=1.55e-05 | ⏱️ 6.30s/step - ETA: 11m13s
[Epoch 2 Step 108/214 | Global-Step 0] loss=0.0884 (ctc=0.0142, att=0.1202) grad=0.49  lr=1.52e-05 | ⏱️ 6.14s/step - ETA: 10m51s
[Epoch 2 Step 109/214 | Global-Step 0] loss=0.1614 (ctc=0.0395, att=0.2136) grad=0.66  lr=1.50e-05 | ⏱️ 6.29s/step - ETA: 11m0s
[Epoch 2 Step 110/214 | Global-Step 0] loss=0.1015 (ctc=0.0321, att=0.1313) grad=0.46  lr=1.47e-05 | ⏱️ 6.29s/step - ETA: 10m53s
[Epoch 2 Step 111/214 | Global-Step 0] loss=0.0943 (ctc=0.0255, att=0.1239) grad=0.54  lr=1.45e-05 | ⏱️ 6.29s/step - ETA: 10m48s
[Epoch 2 Step 112/214 | Global-Step 0] loss=0.1067 (ctc=0.0366, att=0.1368) grad=0.51  lr=1.42e-05 | ⏱️ 6.15s/step - ETA: 10m27s
[Epoch 2 Step 113/214 | Global-Step 0] loss=0.0616 (ctc=0.0202, att=0.0794) grad=0.37  lr=1.40e-05 | ⏱️ 5.92s/step - ETA: 9m57s
[Epoch 2 Step 114/214 | Global-Step 0] loss=0.0591 (ctc=0.0197, att=0.0760) grad=0.24  lr=1.37e-05 | ⏱️ 6.30s/step - ETA: 10m30s
[Epoch 2 Step 115/214 | Global-Step 0] loss=0.0795 (ctc=0.0332, att=0.0993) grad=0.31  lr=1.35e-05 | ⏱️ 6.15s/step - ETA: 10m9s
[Epoch 2 Step 116/214 | Global-Step 0] loss=0.1096 (ctc=0.0411, att=0.1389) grad=0.48  lr=1.33e-05 | ⏱️ 5.90s/step - ETA: 9m38s
[Epoch 2 Step 117/214 | Global-Step 0] loss=0.1660 (ctc=0.0609, att=0.2111) grad=0.59  lr=1.30e-05 | ⏱️ 5.92s/step - ETA: 9m33s
[Epoch 2 Step 118/214 | Global-Step 0] loss=0.2072 (ctc=0.0717, att=0.2653) grad=0.65  lr=1.28e-05 | ⏱️ 5.96s/step - ETA: 9m32s
[Epoch 2 Step 119/214 | Global-Step 0] loss=0.1499 (ctc=0.0583, att=0.1892) grad=0.52  lr=1.26e-05 | ⏱️ 5.79s/step - ETA: 9m9s
[Epoch 2 Step 120/214 | Global-Step 0] loss=0.1085 (ctc=0.0534, att=0.1321) grad=0.52  lr=1.23e-05 | ⏱️ 5.91s/step - ETA: 9m15s
[Epoch 2 Step 121/214 | Global-Step 0] loss=0.1489 (ctc=0.0167, att=0.2056) grad=0.54  lr=1.21e-05 | ⏱️ 6.33s/step - ETA: 9m48s
[Epoch 2 Step 122/214 | Global-Step 0] loss=0.1490 (ctc=0.0241, att=0.2025) grad=0.58  lr=1.19e-05 | ⏱️ 6.15s/step - ETA: 9m26s
[Epoch 2 Step 123/214 | Global-Step 0] loss=0.2050 (ctc=0.0420, att=0.2749) grad=0.66  lr=1.16e-05 | ⏱️ 6.29s/step - ETA: 9m32s
[Epoch 2 Step 124/214 | Global-Step 0] loss=0.1370 (ctc=0.0335, att=0.1814) grad=0.43  lr=1.14e-05 | ⏱️ 6.30s/step - ETA: 9m26s
[Epoch 2 Step 125/214 | Global-Step 0] loss=0.1888 (ctc=0.0334, att=0.2554) grad=0.86  lr=1.12e-05 | ⏱️ 5.93s/step - ETA: 8m47s
[Epoch 2 Step 126/214 | Global-Step 0] loss=0.0980 (ctc=0.0320, att=0.1263) grad=0.51  lr=1.10e-05 | ⏱️ 6.15s/step - ETA: 9m1s
[Epoch 2 Step 127/214 | Global-Step 0] loss=0.1935 (ctc=0.0367, att=0.2607) grad=0.56  lr=1.08e-05 | ⏱️ 5.92s/step - ETA: 8m35s
[Epoch 2 Step 128/214 | Global-Step 0] loss=0.0522 (ctc=0.0289, att=0.0622) grad=0.33  lr=1.05e-05 | ⏱️ 5.92s/step - ETA: 8m28s
[Epoch 2 Step 129/214 | Global-Step 0] loss=0.1904 (ctc=0.0767, att=0.2391) grad=0.72  lr=1.03e-05 | ⏱️ 5.95s/step - ETA: 8m25s
[Epoch 2 Step 130/214 | Global-Step 0] loss=0.1283 (ctc=0.0273, att=0.1715) grad=0.50  lr=1.01e-05 | ⏱️ 6.15s/step - ETA: 8m36s
[Epoch 2 Step 131/214 | Global-Step 0] loss=0.1118 (ctc=0.0370, att=0.1438) grad=0.47  lr=9.91e-06 | ⏱️ 6.27s/step - ETA: 8m40s
[Epoch 2 Step 132/214 | Global-Step 0] loss=0.0998 (ctc=0.0656, att=0.1144) grad=0.36  lr=9.70e-06 | ⏱️ 6.39s/step - ETA: 8m43s
[Epoch 2 Step 133/214 | Global-Step 0] loss=0.0859 (ctc=0.0341, att=0.1081) grad=0.37  lr=9.49e-06 | ⏱️ 5.94s/step - ETA: 8m0s
[Epoch 2 Step 134/214 | Global-Step 0] loss=0.1449 (ctc=0.0433, att=0.1884) grad=0.64  lr=9.29e-06 | ⏱️ 6.15s/step - ETA: 8m12s
[Epoch 2 Step 135/214 | Global-Step 0] loss=0.1152 (ctc=0.0199, att=0.1560) grad=0.55  lr=9.09e-06 | ⏱️ 6.35s/step - ETA: 8m21s
[Epoch 2 Step 136/214 | Global-Step 0] loss=0.0920 (ctc=0.0199, att=0.1229) grad=0.37  lr=8.89e-06 | ⏱️ 5.95s/step - ETA: 7m44s
[Epoch 2 Step 137/214 | Global-Step 0] loss=0.1757 (ctc=0.0535, att=0.2281) grad=0.57  lr=8.70e-06 | ⏱️ 6.16s/step - ETA: 7m54s
[Epoch 2 Step 138/214 | Global-Step 0] loss=0.1953 (ctc=0.0190, att=0.2708) grad=0.70  lr=8.50e-06 | ⏱️ 6.30s/step - ETA: 7m59s
[Epoch 2 Step 139/214 | Global-Step 0] loss=0.1103 (ctc=0.0203, att=0.1489) grad=0.46  lr=8.31e-06 | ⏱️ 6.29s/step - ETA: 7m51s
[Epoch 2 Step 140/214 | Global-Step 0] loss=0.0942 (ctc=0.0262, att=0.1233) grad=0.82  lr=8.12e-06 | ⏱️ 6.29s/step - ETA: 7m45s
[Epoch 2 Step 141/214 | Global-Step 0] loss=0.1060 (ctc=0.0400, att=0.1343) grad=0.40  lr=7.94e-06 | ⏱️ 6.22s/step - ETA: 7m33s
[Epoch 2 Step 142/214 | Global-Step 0] loss=0.1610 (ctc=0.0236, att=0.2198) grad=0.58  lr=7.75e-06 | ⏱️ 6.32s/step - ETA: 7m35s
[Epoch 2 Step 143/214 | Global-Step 0] loss=0.1167 (ctc=0.0585, att=0.1416) grad=0.55  lr=7.57e-06 | ⏱️ 6.29s/step - ETA: 7m26s
[Epoch 2 Step 144/214 | Global-Step 0] loss=0.1330 (ctc=0.0550, att=0.1664) grad=0.53  lr=7.39e-06 | ⏱️ 6.15s/step - ETA: 7m10s
[Epoch 2 Step 145/214 | Global-Step 0] loss=0.1626 (ctc=0.0507, att=0.2105) grad=0.58  lr=7.21e-06 | ⏱️ 6.28s/step - ETA: 7m13s
[Epoch 2 Step 146/214 | Global-Step 0] loss=0.0899 (ctc=0.0360, att=0.1130) grad=0.32  lr=7.04e-06 | ⏱️ 6.28s/step - ETA: 7m7s
[Epoch 2 Step 147/214 | Global-Step 0] loss=0.1030 (ctc=0.0156, att=0.1404) grad=1.48  lr=6.87e-06 | ⏱️ 5.91s/step - ETA: 6m36s
[Epoch 2 Step 148/214 | Global-Step 0] loss=0.1657 (ctc=0.0372, att=0.2208) grad=0.61  lr=6.70e-06 | ⏱️ 5.78s/step - ETA: 6m21s
[Epoch 2 Step 149/214 | Global-Step 0] loss=0.1243 (ctc=0.0485, att=0.1569) grad=0.43  lr=6.53e-06 | ⏱️ 6.37s/step - ETA: 6m53s
[Epoch 2 Step 150/214 | Global-Step 0] loss=0.1219 (ctc=0.0549, att=0.1506) grad=0.51  lr=6.36e-06 | ⏱️ 6.29s/step - ETA: 6m42s
[Epoch 2 Step 151/214 | Global-Step 0] loss=0.1457 (ctc=0.0213, att=0.1989) grad=0.45  lr=6.20e-06 | ⏱️ 6.32s/step - ETA: 6m37s
[Epoch 2 Step 152/214 | Global-Step 0] loss=0.2939 (ctc=0.0848, att=0.3836) grad=0.69  lr=6.04e-06 | ⏱️ 6.14s/step - ETA: 6m20s
[Epoch 2 Step 153/214 | Global-Step 0] loss=0.2282 (ctc=0.0387, att=0.3094) grad=0.58  lr=5.88e-06 | ⏱️ 6.27s/step - ETA: 6m22s
[Epoch 2 Step 154/214 | Global-Step 0] loss=0.0580 (ctc=0.0236, att=0.0727) grad=0.38  lr=5.72e-06 | ⏱️ 6.30s/step - ETA: 6m17s
[Epoch 2 Step 155/214 | Global-Step 0] loss=0.0909 (ctc=0.0240, att=0.1196) grad=0.33  lr=5.57e-06 | ⏱️ 6.28s/step - ETA: 6m10s
[Epoch 2 Step 156/214 | Global-Step 0] loss=0.2034 (ctc=0.0818, att=0.2556) grad=0.61  lr=5.42e-06 | ⏱️ 5.77s/step - ETA: 5m34s
[Epoch 2 Step 157/214 | Global-Step 0] loss=0.1578 (ctc=0.0448, att=0.2062) grad=0.67  lr=5.27e-06 | ⏱️ 6.27s/step - ETA: 5m57s
[Epoch 2 Step 158/214 | Global-Step 0] loss=0.1182 (ctc=0.0493, att=0.1477) grad=0.52  lr=5.12e-06 | ⏱️ 6.28s/step - ETA: 5m51s
[Epoch 2 Step 159/214 | Global-Step 0] loss=0.1217 (ctc=0.0380, att=0.1577) grad=0.73  lr=4.98e-06 | ⏱️ 5.91s/step - ETA: 5m25s
[Epoch 2 Step 160/214 | Global-Step 0] loss=0.1181 (ctc=0.0373, att=0.1527) grad=0.51  lr=4.84e-06 | ⏱️ 6.14s/step - ETA: 5m31s
[Epoch 2 Step 161/214 | Global-Step 0] loss=0.2159 (ctc=0.0271, att=0.2968) grad=0.65  lr=4.70e-06 | ⏱️ 6.31s/step - ETA: 5m34s
[Epoch 2 Step 162/214 | Global-Step 0] loss=0.0581 (ctc=0.0148, att=0.0766) grad=0.35  lr=4.56e-06 | ⏱️ 6.29s/step - ETA: 5m26s
[Epoch 2 Step 163/214 | Global-Step 0] loss=0.1191 (ctc=0.0573, att=0.1456) grad=0.47  lr=4.43e-06 | ⏱️ 5.92s/step - ETA: 5m1s
[Epoch 2 Step 164/214 | Global-Step 0] loss=0.1627 (ctc=0.0523, att=0.2101) grad=0.56  lr=4.30e-06 | ⏱️ 6.15s/step - ETA: 5m7s
[Epoch 2 Step 165/214 | Global-Step 0] loss=0.2150 (ctc=0.0340, att=0.2926) grad=0.70  lr=4.17e-06 | ⏱️ 6.36s/step - ETA: 5m11s
[Epoch 2 Step 166/214 | Global-Step 0] loss=0.0522 (ctc=0.0229, att=0.0648) grad=0.42  lr=4.04e-06 | ⏱️ 6.32s/step - ETA: 5m3s
[Epoch 2 Step 167/214 | Global-Step 0] loss=0.1391 (ctc=0.0460, att=0.1790) grad=0.46  lr=3.92e-06 | ⏱️ 5.94s/step - ETA: 4m39s
[Epoch 2 Step 168/214 | Global-Step 0] loss=0.1281 (ctc=0.0145, att=0.1767) grad=0.37  lr=3.79e-06 | ⏱️ 5.77s/step - ETA: 4m25s
[Epoch 2 Step 169/214 | Global-Step 0] loss=0.1705 (ctc=0.0398, att=0.2265) grad=0.50  lr=3.68e-06 | ⏱️ 6.28s/step - ETA: 4m42s
[Epoch 2 Step 170/214 | Global-Step 0] loss=0.1603 (ctc=0.0378, att=0.2128) grad=0.59  lr=3.56e-06 | ⏱️ 6.34s/step - ETA: 4m38s
[Epoch 2 Step 171/214 | Global-Step 0] loss=0.1914 (ctc=0.0584, att=0.2484) grad=0.62  lr=3.45e-06 | ⏱️ 6.37s/step - ETA: 4m34s
[Epoch 2 Step 172/214 | Global-Step 0] loss=0.1069 (ctc=0.0428, att=0.1343) grad=0.45  lr=3.33e-06 | ⏱️ 5.77s/step - ETA: 4m2s
[Epoch 2 Step 173/214 | Global-Step 0] loss=0.1385 (ctc=0.0333, att=0.1836) grad=0.43  lr=3.22e-06 | ⏱️ 5.94s/step - ETA: 4m3s
[Epoch 2 Step 174/214 | Global-Step 0] loss=0.1957 (ctc=0.0280, att=0.2675) grad=0.75  lr=3.12e-06 | ⏱️ 6.28s/step - ETA: 4m11s
[Epoch 2 Step 175/214 | Global-Step 0] loss=0.1366 (ctc=0.0177, att=0.1875) grad=0.46  lr=3.01e-06 | ⏱️ 6.30s/step - ETA: 4m5s
[Epoch 2 Step 176/214 | Global-Step 0] loss=0.1181 (ctc=0.0312, att=0.1553) grad=0.40  lr=2.91e-06 | ⏱️ 6.22s/step - ETA: 3m56s
[Epoch 2 Step 177/214 | Global-Step 0] loss=0.1613 (ctc=0.0461, att=0.2107) grad=0.74  lr=2.81e-06 | ⏱️ 6.30s/step - ETA: 3m53s
[Epoch 2 Step 178/214 | Global-Step 0] loss=0.1215 (ctc=0.0484, att=0.1528) grad=0.47  lr=2.72e-06 | ⏱️ 6.39s/step - ETA: 3m49s
[Epoch 2 Step 179/214 | Global-Step 0] loss=0.1516 (ctc=0.0338, att=0.2021) grad=0.60  lr=2.62e-06 | ⏱️ 6.30s/step - ETA: 3m40s
[Epoch 2 Step 180/214 | Global-Step 0] loss=0.2479 (ctc=0.0234, att=0.3442) grad=0.65  lr=2.53e-06 | ⏱️ 6.15s/step - ETA: 3m29s
[Epoch 2 Step 181/214 | Global-Step 0] loss=0.1488 (ctc=0.0854, att=0.1760) grad=0.48  lr=2.45e-06 | ⏱️ 5.94s/step - ETA: 3m16s
[Epoch 2 Step 182/214 | Global-Step 0] loss=0.1337 (ctc=0.0319, att=0.1774) grad=0.53  lr=2.36e-06 | ⏱️ 6.28s/step - ETA: 3m21s
[Epoch 2 Step 183/214 | Global-Step 0] loss=0.1480 (ctc=0.0405, att=0.1940) grad=0.56  lr=2.28e-06 | ⏱️ 5.93s/step - ETA: 3m3s
[Epoch 2 Step 184/214 | Global-Step 0] loss=0.1176 (ctc=0.0256, att=0.1570) grad=0.44  lr=2.20e-06 | ⏱️ 5.79s/step - ETA: 2m53s
[Epoch 2 Step 185/214 | Global-Step 0] loss=0.0972 (ctc=0.0277, att=0.1270) grad=0.52  lr=2.12e-06 | ⏱️ 5.92s/step - ETA: 2m51s
[Epoch 2 Step 186/214 | Global-Step 0] loss=0.1904 (ctc=0.0248, att=0.2614) grad=0.57  lr=2.04e-06 | ⏱️ 6.30s/step - ETA: 2m56s
[Epoch 2 Step 187/214 | Global-Step 0] loss=0.1390 (ctc=0.0119, att=0.1934) grad=0.55  lr=1.97e-06 | ⏱️ 6.16s/step - ETA: 2m46s
[Epoch 2 Step 188/214 | Global-Step 0] loss=0.0997 (ctc=0.0350, att=0.1274) grad=0.44  lr=1.90e-06 | ⏱️ 6.32s/step - ETA: 2m44s
[Epoch 2 Step 189/214 | Global-Step 0] loss=0.1057 (ctc=0.0229, att=0.1412) grad=0.52  lr=1.83e-06 | ⏱️ 6.29s/step - ETA: 2m37s
[Epoch 2 Step 190/214 | Global-Step 0] loss=0.2678 (ctc=0.0827, att=0.3471) grad=0.91  lr=1.77e-06 | ⏱️ 5.93s/step - ETA: 2m22s
[Epoch 2 Step 191/214 | Global-Step 0] loss=0.1446 (ctc=0.0298, att=0.1938) grad=0.60  lr=1.70e-06 | ⏱️ 6.15s/step - ETA: 2m21s
[Epoch 2 Step 192/214 | Global-Step 0] loss=0.0949 (ctc=0.0229, att=0.1257) grad=0.61  lr=1.64e-06 | ⏱️ 6.29s/step - ETA: 2m18s
[Epoch 2 Step 193/214 | Global-Step 0] loss=0.1061 (ctc=0.0363, att=0.1360) grad=0.51  lr=1.59e-06 | ⏱️ 6.29s/step - ETA: 2m12s
[Epoch 2 Step 194/214 | Global-Step 0] loss=0.1129 (ctc=0.0373, att=0.1453) grad=0.42  lr=1.53e-06 | ⏱️ 6.29s/step - ETA: 2m5s
[Epoch 2 Step 195/214 | Global-Step 0] loss=0.0948 (ctc=0.0368, att=0.1196) grad=0.48  lr=1.48e-06 | ⏱️ 6.26s/step - ETA: 1m58s
[Epoch 2 Step 196/214 | Global-Step 0] loss=0.1338 (ctc=0.0303, att=0.1781) grad=0.52  lr=1.43e-06 | ⏱️ 6.29s/step - ETA: 1m53s
[Epoch 2 Step 197/214 | Global-Step 0] loss=0.1243 (ctc=0.0723, att=0.1465) grad=0.40  lr=1.38e-06 | ⏱️ 5.95s/step - ETA: 1m41s
[Epoch 2 Step 198/214 | Global-Step 0] loss=0.1018 (ctc=0.0245, att=0.1350) grad=0.54  lr=1.34e-06 | ⏱️ 6.29s/step - ETA: 1m40s
[Epoch 2 Step 199/214 | Global-Step 0] loss=0.1582 (ctc=0.0420, att=0.2080) grad=0.43  lr=1.30e-06 | ⏱️ 5.79s/step - ETA: 1m26s
[Epoch 2 Step 200/214 | Global-Step 0] loss=0.1211 (ctc=0.0251, att=0.1622) grad=0.48  lr=1.26e-06 | ⏱️ 6.30s/step - ETA: 1m28s
[Epoch 2 Step 201/214 | Global-Step 0] loss=0.2291 (ctc=0.0349, att=0.3123) grad=0.71  lr=1.23e-06 | ⏱️ 6.29s/step - ETA: 1m21s
[Epoch 2 Step 202/214 | Global-Step 0] loss=0.1244 (ctc=0.0335, att=0.1634) grad=0.58  lr=1.19e-06 | ⏱️ 5.91s/step - ETA: 1m10s
[Epoch 2 Step 203/214 | Global-Step 0] loss=0.1193 (ctc=0.0241, att=0.1601) grad=0.45  lr=1.16e-06 | ⏱️ 6.18s/step - ETA: 1m7s
[Epoch 2 Step 204/214 | Global-Step 0] loss=0.0951 (ctc=0.0317, att=0.1223) grad=0.44  lr=1.13e-06 | ⏱️ 6.34s/step - ETA: 1m3s
[Epoch 2 Step 205/214 | Global-Step 0] loss=0.1209 (ctc=0.0387, att=0.1562) grad=0.56  lr=1.11e-06 | ⏱️ 6.28s/step - ETA: 0m56s
[Epoch 2 Step 206/214 | Global-Step 0] loss=0.1448 (ctc=0.0350, att=0.1918) grad=0.54  lr=1.09e-06 | ⏱️ 6.35s/step - ETA: 0m50s
[Epoch 2 Step 207/214 | Global-Step 0] loss=0.1721 (ctc=0.0778, att=0.2125) grad=0.58  lr=1.07e-06 | ⏱️ 6.16s/step - ETA: 0m43s
[Epoch 2 Step 208/214 | Global-Step 0] loss=0.1327 (ctc=0.0368, att=0.1738) grad=0.46  lr=1.05e-06 | ⏱️ 6.32s/step - ETA: 0m37s
[Epoch 2 Step 209/214 | Global-Step 0] loss=0.1326 (ctc=0.0433, att=0.1708) grad=0.49  lr=1.03e-06 | ⏱️ 6.30s/step - ETA: 0m31s
[Epoch 2 Step 210/214 | Global-Step 0] loss=0.1025 (ctc=0.0220, att=0.1370) grad=0.58  lr=1.02e-06 | ⏱️ 6.32s/step - ETA: 0m25s
[Epoch 2 Step 211/214 | Global-Step 0] loss=0.1999 (ctc=0.0283, att=0.2735) grad=0.60  lr=1.01e-06 | ⏱️ 6.15s/step - ETA: 0m18s
[Epoch 2 Step 212/214 | Global-Step 0] loss=0.1583 (ctc=0.0458, att=0.2065) grad=0.53  lr=1.01e-06 | ⏱️ 6.28s/step - ETA: 0m12s
[Epoch 2 Step 213/214 | Global-Step 0] loss=0.1479 (ctc=0.0531, att=0.1885) grad=0.62  lr=1.00e-06 | ⏱️ 5.92s/step - ETA: 0m5s
[Epoch 2 Step 214/214 | Global-Step 0] loss=0.2765 (ctc=0.1048, att=0.3501) grad=1.01  lr=1.00e-06 | ⏱️ 1.92s/step - ETA: 0m0s
✅ Epoch 2 hoàn tất trong 22m15s
💾 Đã lưu checkpoint: checkpoints_vpb_gpu/epoch2.pt
🎯 Dev WER (CTC): 20.18%
🌐 Global WER           : 12.24%
